<?xml version="1.0" encoding="UTF-8"?>
<coverage generated="1653506964319" clover="3.2.0">
  <project timestamp="1653506964319" name="All files">
    <metrics statements="1048" coveredstatements="731" conditionals="554" coveredconditionals="381" methods="316" coveredmethods="169" elements="1918" coveredelements="1281" complexity="0" loc="1048" ncloc="1048" packages="3" files="13" classes="13"/>
    <package name="modules.database">
      <metrics statements="102" coveredstatements="65" conditionals="20" coveredconditionals="9" methods="41" coveredmethods="32"/>
      <file name="databaseManager.js" path="C:\Users\giovy\OneDrive\Documenti\Giovanna\Politecnico\Magistrale\Primo anno\II semestre\Software engineering\Progetto\EzWh\code\server\modules\database\databaseManager.js">
        <metrics statements="102" coveredstatements="65" conditionals="20" coveredconditionals="9" methods="41" coveredmethods="32"/>
        <line num="3" count="10" type="stmt"/>
        <line num="4" count="10" type="stmt"/>
        <line num="9" count="10" type="stmt"/>
        <line num="10" count="10" type="cond" truecount="1" falsecount="1"/>
        <line num="11" count="0" type="stmt"/>
        <line num="12" count="0" type="stmt"/>
        <line num="25" count="78" type="stmt"/>
        <line num="26" count="78" type="stmt"/>
        <line num="27" count="78" type="cond" truecount="2" falsecount="0"/>
        <line num="28" count="1" type="stmt"/>
        <line num="29" count="1" type="stmt"/>
        <line num="31" count="77" type="stmt"/>
        <line num="40" count="367" type="stmt"/>
        <line num="41" count="367" type="stmt"/>
        <line num="42" count="367" type="cond" truecount="1" falsecount="1"/>
        <line num="43" count="0" type="stmt"/>
        <line num="44" count="0" type="stmt"/>
        <line num="46" count="367" type="stmt"/>
        <line num="55" count="322" type="stmt"/>
        <line num="101" count="322" type="stmt"/>
        <line num="102" count="322" type="stmt"/>
        <line num="103" count="10626" type="stmt"/>
        <line num="104" count="10306" type="cond" truecount="1" falsecount="1"/>
        <line num="105" count="0" type="stmt"/>
        <line num="106" count="0" type="stmt"/>
        <line num="108" count="10306" type="stmt"/>
        <line num="117" count="22" type="stmt"/>
        <line num="124" count="22" type="stmt"/>
        <line num="128" count="22" type="stmt"/>
        <line num="131" count="22" type="stmt"/>
        <line num="135" count="22" type="stmt"/>
        <line num="139" count="22" type="stmt"/>
        <line num="141" count="22" type="stmt"/>
        <line num="142" count="22" type="stmt"/>
        <line num="143" count="110" type="stmt"/>
        <line num="144" count="110" type="stmt"/>
        <line num="145" count="110" type="cond" truecount="1" falsecount="1"/>
        <line num="146" count="0" type="stmt"/>
        <line num="147" count="0" type="stmt"/>
        <line num="149" count="110" type="stmt"/>
        <line num="159" count="8" type="stmt"/>
        <line num="161" count="8" type="stmt"/>
        <line num="164" count="8" type="stmt"/>
        <line num="168" count="8" type="stmt"/>
        <line num="170" count="8" type="stmt"/>
        <line num="172" count="8" type="stmt"/>
        <line num="173" count="8" type="stmt"/>
        <line num="174" count="32" type="stmt"/>
        <line num="175" count="32" type="stmt"/>
        <line num="176" count="32" type="cond" truecount="1" falsecount="1"/>
        <line num="177" count="0" type="stmt"/>
        <line num="178" count="0" type="stmt"/>
        <line num="180" count="32" type="stmt"/>
        <line num="190" count="0" type="stmt"/>
        <line num="192" count="0" type="stmt"/>
        <line num="195" count="0" type="stmt"/>
        <line num="198" count="0" type="stmt"/>
        <line num="202" count="0" type="stmt"/>
        <line num="203" count="0" type="stmt"/>
        <line num="207" count="0" type="stmt"/>
        <line num="209" count="0" type="stmt"/>
        <line num="210" count="0" type="stmt"/>
        <line num="211" count="0" type="stmt"/>
        <line num="212" count="0" type="stmt"/>
        <line num="213" count="0" type="cond" truecount="0" falsecount="2"/>
        <line num="214" count="0" type="stmt"/>
        <line num="215" count="0" type="stmt"/>
        <line num="217" count="0" type="stmt"/>
        <line num="226" count="0" type="stmt"/>
        <line num="238" count="0" type="stmt"/>
        <line num="239" count="0" type="stmt"/>
        <line num="240" count="0" type="stmt"/>
        <line num="241" count="0" type="cond" truecount="0" falsecount="2"/>
        <line num="242" count="0" type="stmt"/>
        <line num="243" count="0" type="stmt"/>
        <line num="245" count="0" type="stmt"/>
        <line num="254" count="19" type="stmt"/>
        <line num="259" count="19" type="stmt"/>
        <line num="262" count="19" type="stmt"/>
        <line num="265" count="19" type="stmt"/>
        <line num="269" count="19" type="stmt"/>
        <line num="273" count="19" type="stmt"/>
        <line num="274" count="19" type="stmt"/>
        <line num="275" count="19" type="stmt"/>
        <line num="276" count="95" type="stmt"/>
        <line num="277" count="95" type="stmt"/>
        <line num="278" count="95" type="cond" truecount="1" falsecount="1"/>
        <line num="279" count="0" type="stmt"/>
        <line num="280" count="0" type="stmt"/>
        <line num="282" count="95" type="stmt"/>
        <line num="292" count="10" type="stmt"/>
        <line num="294" count="10" type="stmt"/>
        <line num="298" count="10" type="stmt"/>
        <line num="300" count="10" type="stmt"/>
        <line num="301" count="10" type="stmt"/>
        <line num="302" count="20" type="stmt"/>
        <line num="303" count="20" type="stmt"/>
        <line num="304" count="20" type="cond" truecount="1" falsecount="1"/>
        <line num="305" count="0" type="stmt"/>
        <line num="306" count="0" type="stmt"/>
        <line num="308" count="20" type="stmt"/>
        <line num="319" count="10" type="stmt"/>
      </file>
    </package>
    <package name="modules.logic">
      <metrics statements="927" coveredstatements="650" conditionals="527" coveredconditionals="366" methods="272" coveredmethods="135"/>
      <file name="controller.js" path="C:\Users\giovy\OneDrive\Documenti\Giovanna\Politecnico\Magistrale\Primo anno\II semestre\Software engineering\Progetto\EzWh\code\server\modules\logic\controller.js">
        <metrics statements="61" coveredstatements="57" conditionals="13" coveredconditionals="13" methods="22" coveredmethods="21"/>
        <line num="3" count="10" type="stmt"/>
        <line num="4" count="10" type="stmt"/>
        <line num="5" count="10" type="stmt"/>
        <line num="6" count="10" type="stmt"/>
        <line num="7" count="10" type="stmt"/>
        <line num="8" count="10" type="stmt"/>
        <line num="9" count="10" type="stmt"/>
        <line num="10" count="10" type="stmt"/>
        <line num="11" count="10" type="stmt"/>
        <line num="12" count="10" type="stmt"/>
        <line num="13" count="10" type="stmt"/>
        <line num="14" count="10" type="stmt"/>
        <line num="15" count="10" type="stmt"/>
        <line num="16" count="10" type="stmt"/>
        <line num="17" count="10" type="stmt"/>
        <line num="33" count="10" type="stmt"/>
        <line num="34" count="10" type="stmt"/>
        <line num="35" count="10" type="stmt"/>
        <line num="36" count="10" type="stmt"/>
        <line num="37" count="10" type="stmt"/>
        <line num="38" count="10" type="stmt"/>
        <line num="39" count="10" type="stmt"/>
        <line num="40" count="10" type="stmt"/>
        <line num="41" count="10" type="stmt"/>
        <line num="42" count="10" type="stmt"/>
        <line num="43" count="10" type="stmt"/>
        <line num="44" count="10" type="stmt"/>
        <line num="49" count="1" type="stmt"/>
        <line num="53" count="1" type="stmt"/>
        <line num="57" count="26" type="stmt"/>
        <line num="61" count="3" type="stmt"/>
        <line num="65" count="1" type="stmt"/>
        <line num="69" count="1" type="stmt"/>
        <line num="73" count="1" type="stmt"/>
        <line num="77" count="1" type="stmt"/>
        <line num="81" count="1" type="stmt"/>
        <line num="85" count="1" type="stmt"/>
        <line num="89" count="110" type="stmt"/>
        <line num="94" count="0" type="stmt"/>
        <line num="95" count="0" type="stmt"/>
        <line num="97" count="0" type="stmt"/>
        <line num="99" count="0" type="stmt"/>
        <line num="107" count="295" type="stmt"/>
        <line num="111" count="159" type="stmt"/>
        <line num="113" count="159" type="stmt"/>
        <line num="118" count="256" type="stmt"/>
        <line num="120" count="113" type="stmt"/>
        <line num="124" count="35" type="cond" truecount="3" falsecount="0"/>
        <line num="128" count="164" type="stmt"/>
        <line num="129" count="252" type="cond" truecount="2" falsecount="0"/>
        <line num="130" count="19" type="stmt"/>
        <line num="133" count="145" type="stmt"/>
        <line num="137" count="3" type="stmt"/>
        <line num="140" count="3" type="stmt"/>
        <line num="145" count="8" type="stmt"/>
        <line num="147" count="8" type="stmt"/>
        <line num="155" count="25" type="cond" truecount="4" falsecount="0"/>
        <line num="156" count="20" type="cond" truecount="4" falsecount="0"/>
        <line num="157" count="20" type="stmt"/>
        <line num="159" count="5" type="stmt"/>
        <line num="164" count="10" type="stmt"/>
      </file>
      <file name="internalOrderController.js" path="C:\Users\giovy\OneDrive\Documenti\Giovanna\Politecnico\Magistrale\Primo anno\II semestre\Software engineering\Progetto\EzWh\code\server\modules\logic\internalOrderController.js">
        <metrics statements="94" coveredstatements="57" conditionals="44" coveredconditionals="33" methods="27" coveredmethods="9"/>
        <line num="3" count="10" type="stmt"/>
        <line num="4" count="10" type="stmt"/>
        <line num="11" count="10" type="stmt"/>
        <line num="12" count="10" type="stmt"/>
        <line num="24" count="5" type="cond" truecount="1" falsecount="1"/>
        <line num="25" count="0" type="stmt"/>
        <line num="27" count="5" type="stmt"/>
        <line num="28" count="0" type="stmt"/>
        <line num="30" count="5" type="stmt"/>
        <line num="31" count="5" type="stmt"/>
        <line num="32" count="0" type="stmt"/>
        <line num="35" count="5" type="stmt"/>
        <line num="42" count="13" type="cond" truecount="2" falsecount="0"/>
        <line num="43" count="12" type="stmt"/>
        <line num="47" count="1" type="stmt"/>
        <line num="51" count="13" type="stmt"/>
        <line num="53" count="0" type="stmt"/>
        <line num="54" count="13" type="stmt"/>
        <line num="64" count="0" type="cond" truecount="0" falsecount="2"/>
        <line num="65" count="0" type="stmt"/>
        <line num="67" count="0" type="stmt"/>
        <line num="68" count="0" type="stmt"/>
        <line num="70" count="0" type="stmt"/>
        <line num="71" count="0" type="stmt"/>
        <line num="72" count="0" type="stmt"/>
        <line num="74" count="0" type="stmt"/>
        <line num="85" count="0" type="cond" truecount="0" falsecount="2"/>
        <line num="86" count="0" type="stmt"/>
        <line num="87" count="0" type="stmt"/>
        <line num="88" count="0" type="stmt"/>
        <line num="90" count="0" type="stmt"/>
        <line num="91" count="0" type="stmt"/>
        <line num="92" count="0" type="stmt"/>
        <line num="95" count="0" type="stmt"/>
        <line num="107" count="10" type="cond" truecount="1" falsecount="1"/>
        <line num="108" count="0" type="stmt"/>
        <line num="111" count="10" type="cond" truecount="4" falsecount="1"/>
        <line num="112" count="0" type="stmt"/>
        <line num="116" count="10" type="stmt"/>
        <line num="117" count="10" type="stmt"/>
        <line num="118" count="0" type="stmt"/>
        <line num="121" count="10" type="stmt"/>
        <line num="122" count="10" type="cond" truecount="2" falsecount="0"/>
        <line num="123" count="3" type="stmt"/>
        <line num="125" count="7" type="stmt"/>
        <line num="126" count="0" type="stmt"/>
        <line num="129" count="7" type="stmt"/>
        <line num="141" count="3" type="cond" truecount="1" falsecount="1"/>
        <line num="142" count="0" type="stmt"/>
        <line num="144" count="3" type="stmt"/>
        <line num="145" count="3" type="stmt"/>
        <line num="146" count="3" type="stmt"/>
        <line num="149" count="3" type="cond" truecount="5" falsecount="0"/>
        <line num="152" count="1" type="stmt"/>
        <line num="155" count="2" type="stmt"/>
        <line num="156" count="2" type="stmt"/>
        <line num="158" count="1" type="stmt"/>
        <line num="159" count="1" type="stmt"/>
        <line num="164" count="1" type="stmt"/>
        <line num="165" count="1" type="stmt"/>
        <line num="166" count="0" type="stmt"/>
        <line num="168" count="1" type="stmt"/>
        <line num="171" count="0" type="stmt"/>
        <line num="173" count="1" type="stmt"/>
        <line num="174" count="1" type="stmt"/>
        <line num="175" count="0" type="stmt"/>
        <line num="176" count="0" type="stmt"/>
        <line num="190" count="4" type="stmt"/>
        <line num="193" count="4" type="cond" truecount="1" falsecount="1"/>
        <line num="194" count="0" type="stmt"/>
        <line num="197" count="4" type="cond" truecount="5" falsecount="0"/>
        <line num="200" count="1" type="stmt"/>
        <line num="203" count="3" type="cond" truecount="2" falsecount="0"/>
        <line num="204" count="1" type="stmt"/>
        <line num="208" count="2" type="stmt"/>
        <line num="209" count="0" type="stmt"/>
        <line num="211" count="2" type="cond" truecount="2" falsecount="0"/>
        <line num="213" count="1" type="stmt"/>
        <line num="214" count="1" type="cond" truecount="1" falsecount="1"/>
        <line num="215" count="0" type="stmt"/>
        <line num="217" count="1" type="stmt"/>
        <line num="218" count="1" type="stmt"/>
        <line num="219" count="0" type="stmt"/>
        <line num="220" count="0" type="stmt"/>
        <line num="224" count="2" type="stmt"/>
        <line num="226" count="2" type="stmt"/>
        <line num="227" count="0" type="stmt"/>
        <line num="240" count="2" type="cond" truecount="1" falsecount="1"/>
        <line num="241" count="0" type="stmt"/>
        <line num="244" count="2" type="cond" truecount="5" falsecount="0"/>
        <line num="247" count="1" type="stmt"/>
        <line num="249" count="1" type="stmt"/>
        <line num="250" count="0" type="stmt"/>
        <line num="255" count="10" type="stmt"/>
      </file>
      <file name="itemController.js" path="C:\Users\giovy\OneDrive\Documenti\Giovanna\Politecnico\Magistrale\Primo anno\II semestre\Software engineering\Progetto\EzWh\code\server\modules\logic\itemController.js">
        <metrics statements="59" coveredstatements="46" conditionals="42" coveredconditionals="32" methods="18" coveredmethods="11"/>
        <line num="5" count="10" type="stmt"/>
        <line num="6" count="10" type="stmt"/>
        <line num="13" count="10" type="stmt"/>
        <line num="14" count="10" type="stmt"/>
        <line num="26" count="1" type="cond" truecount="1" falsecount="1"/>
        <line num="27" count="0" type="stmt"/>
        <line num="29" count="1" type="stmt"/>
        <line num="30" count="0" type="stmt"/>
        <line num="31" count="1" type="stmt"/>
        <line num="45" count="10" type="cond" truecount="1" falsecount="1"/>
        <line num="46" count="0" type="stmt"/>
        <line num="49" count="10" type="cond" truecount="5" falsecount="0"/>
        <line num="51" count="2" type="stmt"/>
        <line num="54" count="8" type="stmt"/>
        <line num="55" count="8" type="stmt"/>
        <line num="56" count="0" type="stmt"/>
        <line num="59" count="8" type="cond" truecount="2" falsecount="0"/>
        <line num="60" count="3" type="stmt"/>
        <line num="62" count="5" type="stmt"/>
        <line num="75" count="11" type="cond" truecount="1" falsecount="1"/>
        <line num="76" count="0" type="stmt"/>
        <line num="78" count="11" type="stmt"/>
        <line num="79" count="11" type="stmt"/>
        <line num="80" count="11" type="stmt"/>
        <line num="81" count="11" type="stmt"/>
        <line num="82" count="11" type="stmt"/>
        <line num="86" count="11" type="cond" truecount="5" falsecount="0"/>
        <line num="89" count="3" type="stmt"/>
        <line num="93" count="8" type="stmt"/>
        <line num="94" count="8" type="stmt"/>
        <line num="95" count="0" type="stmt"/>
        <line num="96" count="8" type="cond" truecount="2" falsecount="0"/>
        <line num="97" count="1" type="stmt"/>
        <line num="101" count="7" type="stmt"/>
        <line num="102" count="7" type="stmt"/>
        <line num="103" count="0" type="cond" truecount="0" falsecount="2"/>
        <line num="104" count="7" type="cond" truecount="1" falsecount="1"/>
        <line num="105" count="0" type="stmt"/>
        <line num="110" count="7" type="stmt"/>
        <line num="111" count="1" type="cond" truecount="1" falsecount="1"/>
        <line num="114" count="6" type="stmt"/>
        <line num="116" count="0" type="stmt"/>
        <line num="129" count="5" type="cond" truecount="1" falsecount="1"/>
        <line num="130" count="0" type="stmt"/>
        <line num="132" count="5" type="stmt"/>
        <line num="133" count="5" type="stmt"/>
        <line num="136" count="5" type="cond" truecount="5" falsecount="0"/>
        <line num="139" count="3" type="stmt"/>
        <line num="141" count="2" type="stmt"/>
        <line num="142" count="1" type="cond" truecount="1" falsecount="1"/>
        <line num="144" count="1" type="stmt"/>
        <line num="145" count="0" type="stmt"/>
        <line num="157" count="3" type="cond" truecount="1" falsecount="1"/>
        <line num="158" count="0" type="stmt"/>
        <line num="161" count="3" type="cond" truecount="5" falsecount="0"/>
        <line num="163" count="2" type="stmt"/>
        <line num="165" count="1" type="stmt"/>
        <line num="166" count="0" type="stmt"/>
        <line num="172" count="10" type="stmt"/>
      </file>
      <file name="positionController.js" path="C:\Users\giovy\OneDrive\Documenti\Giovanna\Politecnico\Magistrale\Primo anno\II semestre\Software engineering\Progetto\EzWh\code\server\modules\logic\positionController.js">
        <metrics statements="93" coveredstatements="76" conditionals="65" coveredconditionals="52" methods="24" coveredmethods="14"/>
        <line num="2" count="10" type="stmt"/>
        <line num="3" count="10" type="stmt"/>
        <line num="10" count="10" type="stmt"/>
        <line num="11" count="10" type="stmt"/>
        <line num="16" count="13" type="cond" truecount="3" falsecount="0"/>
        <line num="19" count="13" type="stmt"/>
        <line num="20" count="13" type="stmt"/>
        <line num="30" count="10" type="cond" truecount="1" falsecount="1"/>
        <line num="31" count="0" type="stmt"/>
        <line num="33" count="10" type="stmt"/>
        <line num="34" count="10" type="stmt"/>
        <line num="35" count="0" type="stmt"/>
        <line num="36" count="10" type="stmt"/>
        <line num="47" count="11" type="cond" truecount="1" falsecount="1"/>
        <line num="48" count="0" type="stmt"/>
        <line num="50" count="11" type="stmt"/>
        <line num="51" count="11" type="stmt"/>
        <line num="52" count="11" type="stmt"/>
        <line num="53" count="11" type="stmt"/>
        <line num="54" count="11" type="stmt"/>
        <line num="55" count="11" type="stmt"/>
        <line num="56" count="11" type="cond" truecount="2" falsecount="0"/>
        <line num="57" count="11" type="cond" truecount="2" falsecount="0"/>
        <line num="61" count="11" type="cond" truecount="12" falsecount="0"/>
        <line num="68" count="5" type="stmt"/>
        <line num="70" count="6" type="stmt"/>
        <line num="71" count="0" type="stmt"/>
        <line num="73" count="6" type="stmt"/>
        <line num="75" count="6" type="cond" truecount="1" falsecount="1"/>
        <line num="76" count="0" type="stmt"/>
        <line num="80" count="6" type="stmt"/>
        <line num="82" count="6" type="stmt"/>
        <line num="83" count="0" type="stmt"/>
        <line num="94" count="8" type="cond" truecount="1" falsecount="1"/>
        <line num="95" count="0" type="stmt"/>
        <line num="97" count="8" type="stmt"/>
        <line num="98" count="8" type="stmt"/>
        <line num="99" count="8" type="stmt"/>
        <line num="100" count="8" type="stmt"/>
        <line num="101" count="8" type="stmt"/>
        <line num="102" count="8" type="stmt"/>
        <line num="103" count="8" type="stmt"/>
        <line num="106" count="8" type="cond" truecount="11" falsecount="0"/>
        <line num="113" count="6" type="stmt"/>
        <line num="118" count="2" type="stmt"/>
        <line num="120" count="2" type="stmt"/>
        <line num="122" count="2" type="cond" truecount="2" falsecount="2"/>
        <line num="123" count="0" type="stmt"/>
        <line num="127" count="2" type="stmt"/>
        <line num="128" count="0" type="cond" truecount="0" falsecount="2"/>
        <line num="130" count="2" type="stmt"/>
        <line num="131" count="2" type="stmt"/>
        <line num="133" count="2" type="cond" truecount="2" falsecount="0"/>
        <line num="134" count="1" type="stmt"/>
        <line num="136" count="1" type="stmt"/>
        <line num="137" count="0" type="stmt"/>
        <line num="142" count="1" type="stmt"/>
        <line num="153" count="1" type="stmt"/>
        <line num="154" count="0" type="stmt"/>
        <line num="166" count="4" type="cond" truecount="1" falsecount="1"/>
        <line num="167" count="0" type="stmt"/>
        <line num="169" count="4" type="stmt"/>
        <line num="170" count="4" type="stmt"/>
        <line num="171" count="4" type="stmt"/>
        <line num="173" count="4" type="cond" truecount="5" falsecount="0"/>
        <line num="175" count="2" type="stmt"/>
        <line num="178" count="2" type="stmt"/>
        <line num="179" count="0" type="cond" truecount="0" falsecount="2"/>
        <line num="181" count="2" type="stmt"/>
        <line num="182" count="2" type="cond" truecount="2" falsecount="0"/>
        <line num="183" count="1" type="stmt"/>
        <line num="186" count="1" type="stmt"/>
        <line num="187" count="1" type="stmt"/>
        <line num="189" count="1" type="stmt"/>
        <line num="190" count="0" type="stmt"/>
        <line num="192" count="1" type="stmt"/>
        <line num="193" count="1" type="stmt"/>
        <line num="194" count="1" type="stmt"/>
        <line num="195" count="1" type="stmt"/>
        <line num="197" count="1" type="stmt"/>
        <line num="198" count="0" type="stmt"/>
        <line num="209" count="4" type="cond" truecount="1" falsecount="1"/>
        <line num="210" count="0" type="stmt"/>
        <line num="212" count="4" type="cond" truecount="4" falsecount="0"/>
        <line num="213" count="1" type="stmt"/>
        <line num="215" count="3" type="stmt"/>
        <line num="217" count="0" type="stmt"/>
        <line num="224" count="8" type="stmt"/>
        <line num="227" count="8" type="stmt"/>
        <line num="228" count="8" type="stmt"/>
        <line num="234" count="8" type="stmt"/>
        <line num="235" count="8" type="cond" truecount="1" falsecount="1"/>
        <line num="243" count="10" type="stmt"/>
      </file>
      <file name="restockOrderController.js" path="C:\Users\giovy\OneDrive\Documenti\Giovanna\Politecnico\Magistrale\Primo anno\II semestre\Software engineering\Progetto\EzWh\code\server\modules\logic\restockOrderController.js">
        <metrics statements="150" coveredstatements="104" conditionals="87" coveredconditionals="64" methods="48" coveredmethods="18"/>
        <line num="3" count="10" type="stmt"/>
        <line num="4" count="10" type="stmt"/>
        <line num="12" count="10" type="stmt"/>
        <line num="13" count="10" type="stmt"/>
        <line num="23" count="5" type="cond" truecount="1" falsecount="1"/>
        <line num="24" count="0" type="stmt"/>
        <line num="26" count="5" type="stmt"/>
        <line num="28" count="5" type="stmt"/>
        <line num="29" count="20" type="cond" truecount="4" falsecount="0"/>
        <line num="30" count="15" type="stmt"/>
        <line num="32" count="15" type="stmt"/>
        <line num="35" count="20" type="cond" truecount="2" falsecount="0"/>
        <line num="36" count="15" type="stmt"/>
        <line num="40" count="5" type="stmt"/>
        <line num="45" count="18" type="stmt"/>
        <line num="46" count="18" type="stmt"/>
        <line num="51" count="22" type="stmt"/>
        <line num="53" count="22" type="stmt"/>
        <line num="58" count="18" type="stmt"/>
        <line num="59" count="18" type="stmt"/>
        <line num="70" count="0" type="cond" truecount="0" falsecount="2"/>
        <line num="71" count="0" type="stmt"/>
        <line num="73" count="0" type="stmt"/>
        <line num="74" count="0" type="stmt"/>
        <line num="76" count="0" type="stmt"/>
        <line num="77" count="0" type="stmt"/>
        <line num="78" count="0" type="stmt"/>
        <line num="80" count="0" type="stmt"/>
        <line num="81" count="0" type="stmt"/>
        <line num="85" count="0" type="stmt"/>
        <line num="97" count="9" type="cond" truecount="1" falsecount="1"/>
        <line num="98" count="0" type="stmt"/>
        <line num="101" count="9" type="cond" truecount="4" falsecount="1"/>
        <line num="103" count="0" type="stmt"/>
        <line num="106" count="9" type="stmt"/>
        <line num="107" count="9" type="stmt"/>
        <line num="108" count="0" type="stmt"/>
        <line num="111" count="9" type="cond" truecount="2" falsecount="0"/>
        <line num="112" count="3" type="stmt"/>
        <line num="114" count="6" type="cond" truecount="4" falsecount="0"/>
        <line num="115" count="3" type="stmt"/>
        <line num="116" count="0" type="stmt"/>
        <line num="118" count="3" type="stmt"/>
        <line num="119" count="3" type="stmt"/>
        <line num="120" count="0" type="stmt"/>
        <line num="124" count="6" type="cond" truecount="2" falsecount="0"/>
        <line num="125" count="3" type="stmt"/>
        <line num="126" count="0" type="stmt"/>
        <line num="130" count="6" type="stmt"/>
        <line num="142" count="4" type="cond" truecount="1" falsecount="1"/>
        <line num="143" count="0" type="stmt"/>
        <line num="146" count="4" type="stmt"/>
        <line num="147" count="4" type="stmt"/>
        <line num="148" count="0" type="stmt"/>
        <line num="151" count="4" type="cond" truecount="2" falsecount="0"/>
        <line num="152" count="2" type="stmt"/>
        <line num="155" count="2" type="cond" truecount="4" falsecount="1"/>
        <line num="157" count="0" type="stmt"/>
        <line num="160" count="2" type="cond" truecount="2" falsecount="0"/>
        <line num="161" count="1" type="stmt"/>
        <line num="163" count="1" type="stmt"/>
        <line num="164" count="0" type="stmt"/>
        <line num="166" count="1" type="stmt"/>
        <line num="167" count="1" type="stmt"/>
        <line num="169" count="1" type="cond" truecount="1" falsecount="1"/>
        <line num="170" count="1" type="stmt"/>
        <line num="173" count="0" type="stmt"/>
        <line num="174" count="0" type="cond" truecount="0" falsecount="2"/>
        <line num="175" count="0" type="stmt"/>
        <line num="176" count="0" type="stmt"/>
        <line num="189" count="3" type="cond" truecount="1" falsecount="1"/>
        <line num="190" count="0" type="stmt"/>
        <line num="192" count="3" type="stmt"/>
        <line num="193" count="3" type="stmt"/>
        <line num="194" count="3" type="stmt"/>
        <line num="197" count="3" type="cond" truecount="5" falsecount="0"/>
        <line num="200" count="1" type="stmt"/>
        <line num="203" count="2" type="stmt"/>
        <line num="204" count="2" type="stmt"/>
        <line num="206" count="1" type="stmt"/>
        <line num="210" count="1" type="stmt"/>
        <line num="211" count="1" type="stmt"/>
        <line num="212" count="0" type="stmt"/>
        <line num="214" count="1" type="stmt"/>
        <line num="217" count="1" type="stmt"/>
        <line num="218" count="0" type="stmt"/>
        <line num="220" count="1" type="stmt"/>
        <line num="221" count="1" type="stmt"/>
        <line num="222" count="0" type="stmt"/>
        <line num="223" count="0" type="stmt"/>
        <line num="237" count="8" type="cond" truecount="1" falsecount="1"/>
        <line num="238" count="0" type="stmt"/>
        <line num="240" count="8" type="stmt"/>
        <line num="243" count="8" type="cond" truecount="4" falsecount="0"/>
        <line num="244" count="1" type="stmt"/>
        <line num="246" count="7" type="stmt"/>
        <line num="247" count="0" type="stmt"/>
        <line num="249" count="7" type="cond" truecount="2" falsecount="0"/>
        <line num="250" count="1" type="stmt"/>
        <line num="252" count="6" type="stmt"/>
        <line num="253" count="0" type="stmt"/>
        <line num="266" count="2" type="cond" truecount="1" falsecount="1"/>
        <line num="267" count="0" type="stmt"/>
        <line num="270" count="2" type="stmt"/>
        <line num="273" count="2" type="cond" truecount="1" falsecount="1"/>
        <line num="274" count="0" type="stmt"/>
        <line num="277" count="2" type="stmt"/>
        <line num="278" count="2" type="stmt"/>
        <line num="279" count="0" type="stmt"/>
        <line num="283" count="2" type="cond" truecount="1" falsecount="1"/>
        <line num="284" count="0" type="stmt"/>
        <line num="288" count="2" type="cond" truecount="1" falsecount="1"/>
        <line num="289" count="0" type="stmt"/>
        <line num="296" count="2" type="stmt"/>
        <line num="297" count="2" type="stmt"/>
        <line num="298" count="2" type="stmt"/>
        <line num="300" count="2" type="stmt"/>
        <line num="301" count="2" type="stmt"/>
        <line num="302" count="2" type="stmt"/>
        <line num="304" count="1" type="stmt"/>
        <line num="306" count="1" type="cond" truecount="1" falsecount="1"/>
        <line num="307" count="1" type="stmt"/>
        <line num="310" count="0" type="stmt"/>
        <line num="327" count="4" type="cond" truecount="1" falsecount="1"/>
        <line num="328" count="0" type="stmt"/>
        <line num="332" count="4" type="stmt"/>
        <line num="334" count="4" type="cond" truecount="1" falsecount="1"/>
        <line num="335" count="0" type="stmt"/>
        <line num="339" count="4" type="cond" truecount="4" falsecount="1"/>
        <line num="341" count="0" type="stmt"/>
        <line num="344" count="4" type="stmt"/>
        <line num="345" count="4" type="stmt"/>
        <line num="348" count="4" type="cond" truecount="1" falsecount="1"/>
        <line num="349" count="0" type="stmt"/>
        <line num="352" count="4" type="cond" truecount="2" falsecount="0"/>
        <line num="353" count="3" type="stmt"/>
        <line num="358" count="1" type="stmt"/>
        <line num="359" count="1" type="stmt"/>
        <line num="360" count="1" type="stmt"/>
        <line num="363" count="0" type="stmt"/>
        <line num="367" count="1" type="cond" truecount="1" falsecount="1"/>
        <line num="368" count="0" type="stmt"/>
        <line num="372" count="1" type="stmt"/>
        <line num="373" count="1" type="stmt"/>
        <line num="384" count="2" type="cond" truecount="1" falsecount="1"/>
        <line num="385" count="0" type="stmt"/>
        <line num="388" count="2" type="cond" truecount="5" falsecount="0"/>
        <line num="390" count="1" type="stmt"/>
        <line num="392" count="1" type="stmt"/>
        <line num="397" count="10" type="stmt"/>
      </file>
      <file name="returnOrderController.js" path="C:\Users\giovy\OneDrive\Documenti\Giovanna\Politecnico\Magistrale\Primo anno\II semestre\Software engineering\Progetto\EzWh\code\server\modules\logic\returnOrderController.js">
        <metrics statements="62" coveredstatements="44" conditionals="27" coveredconditionals="20" methods="20" coveredmethods="10"/>
        <line num="2" count="10" type="stmt"/>
        <line num="3" count="10" type="stmt"/>
        <line num="10" count="10" type="stmt"/>
        <line num="11" count="10" type="stmt"/>
        <line num="23" count="10" type="cond" truecount="1" falsecount="1"/>
        <line num="24" count="0" type="stmt"/>
        <line num="26" count="10" type="stmt"/>
        <line num="27" count="0" type="stmt"/>
        <line num="29" count="10" type="stmt"/>
        <line num="30" count="11" type="stmt"/>
        <line num="31" count="0" type="stmt"/>
        <line num="35" count="10" type="stmt"/>
        <line num="47" count="1" type="cond" truecount="1" falsecount="1"/>
        <line num="48" count="0" type="stmt"/>
        <line num="51" count="1" type="cond" truecount="4" falsecount="1"/>
        <line num="53" count="0" type="stmt"/>
        <line num="56" count="1" type="stmt"/>
        <line num="57" count="1" type="stmt"/>
        <line num="58" count="0" type="stmt"/>
        <line num="61" count="1" type="cond" truecount="1" falsecount="1"/>
        <line num="62" count="1" type="stmt"/>
        <line num="65" count="0" type="stmt"/>
        <line num="66" count="0" type="stmt"/>
        <line num="69" count="0" type="stmt"/>
        <line num="74" count="11" type="stmt"/>
        <line num="76" count="0" type="stmt"/>
        <line num="78" count="11" type="stmt"/>
        <line num="91" count="4" type="cond" truecount="1" falsecount="1"/>
        <line num="92" count="0" type="stmt"/>
        <line num="94" count="4" type="stmt"/>
        <line num="95" count="4" type="stmt"/>
        <line num="96" count="4" type="stmt"/>
        <line num="99" count="4" type="cond" truecount="4" falsecount="1"/>
        <line num="102" count="0" type="stmt"/>
        <line num="105" count="4" type="stmt"/>
        <line num="106" count="4" type="stmt"/>
        <line num="108" count="1" type="stmt"/>
        <line num="112" count="3" type="stmt"/>
        <line num="113" count="3" type="stmt"/>
        <line num="114" count="0" type="stmt"/>
        <line num="117" count="3" type="cond" truecount="2" falsecount="0"/>
        <line num="118" count="1" type="stmt"/>
        <line num="120" count="2" type="stmt"/>
        <line num="121" count="2" type="stmt"/>
        <line num="122" count="1" type="stmt"/>
        <line num="126" count="1" type="stmt"/>
        <line num="127" count="1" type="stmt"/>
        <line num="128" count="0" type="stmt"/>
        <line num="130" count="1" type="stmt"/>
        <line num="133" count="1" type="stmt"/>
        <line num="134" count="0" type="stmt"/>
        <line num="136" count="1" type="stmt"/>
        <line num="137" count="1" type="stmt"/>
        <line num="138" count="1" type="stmt"/>
        <line num="139" count="0" type="stmt"/>
        <line num="153" count="2" type="cond" truecount="1" falsecount="1"/>
        <line num="154" count="0" type="stmt"/>
        <line num="157" count="2" type="cond" truecount="5" falsecount="0"/>
        <line num="159" count="1" type="stmt"/>
        <line num="161" count="1" type="stmt"/>
        <line num="162" count="0" type="stmt"/>
        <line num="166" count="10" type="stmt"/>
      </file>
      <file name="skuController.js" path="C:\Users\giovy\OneDrive\Documenti\Giovanna\Politecnico\Magistrale\Primo anno\II semestre\Software engineering\Progetto\EzWh\code\server\modules\logic\skuController.js">
        <metrics statements="125" coveredstatements="92" conditionals="70" coveredconditionals="54" methods="42" coveredmethods="20"/>
        <line num="3" count="10" type="stmt"/>
        <line num="4" count="10" type="stmt"/>
        <line num="11" count="10" type="stmt"/>
        <line num="12" count="10" type="stmt"/>
        <line num="25" count="9" type="cond" truecount="1" falsecount="1"/>
        <line num="26" count="0" type="stmt"/>
        <line num="30" count="9" type="stmt"/>
        <line num="31" count="0" type="stmt"/>
        <line num="33" count="9" type="cond" truecount="1" falsecount="1"/>
        <line num="35" count="0" type="stmt"/>
        <line num="36" count="0" type="stmt"/>
        <line num="37" count="0" type="stmt"/>
        <line num="38" count="0" type="stmt"/>
        <line num="39" count="0" type="stmt"/>
        <line num="44" count="9" type="stmt"/>
        <line num="52" count="38" type="stmt"/>
        <line num="54" count="38" type="stmt"/>
        <line num="55" count="38" type="cond" truecount="2" falsecount="0"/>
        <line num="56" count="0" type="stmt"/>
        <line num="59" count="38" type="stmt"/>
        <line num="69" count="33" type="stmt"/>
        <line num="70" count="33" type="cond" truecount="1" falsecount="1"/>
        <line num="71" count="0" type="stmt"/>
        <line num="72" count="33" type="stmt"/>
        <line num="87" count="42" type="cond" truecount="1" falsecount="1"/>
        <line num="88" count="0" type="stmt"/>
        <line num="90" count="42" type="cond" truecount="5" falsecount="0"/>
        <line num="91" count="1" type="stmt"/>
        <line num="94" count="41" type="stmt"/>
        <line num="95" count="41" type="stmt"/>
        <line num="96" count="0" type="stmt"/>
        <line num="97" count="41" type="cond" truecount="2" falsecount="0"/>
        <line num="98" count="8" type="stmt"/>
        <line num="102" count="33" type="stmt"/>
        <line num="103" count="0" type="stmt"/>
        <line num="105" count="33" type="stmt"/>
        <line num="106" count="0" type="stmt"/>
        <line num="108" count="33" type="stmt"/>
        <line num="125" count="3" type="cond" truecount="1" falsecount="1"/>
        <line num="126" count="0" type="stmt"/>
        <line num="129" count="3" type="stmt"/>
        <line num="130" count="3" type="stmt"/>
        <line num="131" count="3" type="stmt"/>
        <line num="132" count="3" type="stmt"/>
        <line num="133" count="3" type="stmt"/>
        <line num="134" count="3" type="stmt"/>
        <line num="138" count="3" type="cond" truecount="5" falsecount="0"/>
        <line num="141" count="2" type="stmt"/>
        <line num="145" count="1" type="stmt"/>
        <line num="148" count="1" type="stmt"/>
        <line num="149" count="0" type="stmt"/>
        <line num="168" count="5" type="cond" truecount="1" falsecount="1"/>
        <line num="169" count="0" type="stmt"/>
        <line num="171" count="5" type="stmt"/>
        <line num="172" count="1" type="cond" truecount="1" falsecount="1"/>
        <line num="174" count="4" type="stmt"/>
        <line num="176" count="4" type="stmt"/>
        <line num="177" count="24" type="cond" truecount="2" falsecount="0"/>
        <line num="181" count="4" type="stmt"/>
        <line num="182" count="4" type="stmt"/>
        <line num="183" count="4" type="stmt"/>
        <line num="184" count="4" type="stmt"/>
        <line num="185" count="4" type="stmt"/>
        <line num="186" count="4" type="stmt"/>
        <line num="195" count="4" type="cond" truecount="5" falsecount="0"/>
        <line num="197" count="1" type="stmt"/>
        <line num="201" count="3" type="stmt"/>
        <line num="202" count="3" type="stmt"/>
        <line num="203" count="0" type="stmt"/>
        <line num="205" count="3" type="cond" truecount="1" falsecount="1"/>
        <line num="207" count="3" type="cond" truecount="4" falsecount="0"/>
        <line num="209" count="2" type="stmt"/>
        <line num="211" count="1" type="stmt"/>
        <line num="215" count="1" type="stmt"/>
        <line num="216" count="0" type="stmt"/>
        <line num="219" count="1" type="stmt"/>
        <line num="227" count="1" type="stmt"/>
        <line num="228" count="0" type="stmt"/>
        <line num="240" count="4" type="cond" truecount="1" falsecount="1"/>
        <line num="241" count="0" type="stmt"/>
        <line num="245" count="4" type="stmt"/>
        <line num="248" count="4" type="cond" truecount="5" falsecount="1"/>
        <line num="250" count="0" type="stmt"/>
        <line num="254" count="4" type="stmt"/>
        <line num="255" count="1" type="cond" truecount="1" falsecount="1"/>
        <line num="260" count="3" type="stmt"/>
        <line num="261" count="3" type="stmt"/>
        <line num="262" count="0" type="stmt"/>
        <line num="264" count="3" type="cond" truecount="2" falsecount="0"/>
        <line num="265" count="1" type="stmt"/>
        <line num="274" count="2" type="cond" truecount="4" falsecount="0"/>
        <line num="276" count="1" type="stmt"/>
        <line num="280" count="1" type="stmt"/>
        <line num="281" count="1" type="stmt"/>
        <line num="282" count="0" type="stmt"/>
        <line num="283" count="1" type="cond" truecount="1" falsecount="1"/>
        <line num="284" count="0" type="cond" truecount="0" falsecount="2"/>
        <line num="285" count="0" type="stmt"/>
        <line num="288" count="0" type="stmt"/>
        <line num="295" count="1" type="stmt"/>
        <line num="296" count="1" type="stmt"/>
        <line num="297" count="0" type="stmt"/>
        <line num="299" count="1" type="cond" truecount="1" falsecount="1"/>
        <line num="303" count="1" type="stmt"/>
        <line num="304" count="1" type="stmt"/>
        <line num="307" count="1" type="stmt"/>
        <line num="308" count="0" type="stmt"/>
        <line num="310" count="1" type="stmt"/>
        <line num="311" count="1" type="stmt"/>
        <line num="312" count="1" type="stmt"/>
        <line num="314" count="1" type="stmt"/>
        <line num="315" count="0" type="stmt"/>
        <line num="320" count="1" type="stmt"/>
        <line num="321" count="0" type="stmt"/>
        <line num="324" count="1" type="stmt"/>
        <line num="325" count="1" type="stmt"/>
        <line num="328" count="1" type="stmt"/>
        <line num="329" count="0" type="stmt"/>
        <line num="343" count="3" type="cond" truecount="1" falsecount="1"/>
        <line num="344" count="0" type="stmt"/>
        <line num="347" count="3" type="cond" truecount="5" falsecount="0"/>
        <line num="350" count="1" type="stmt"/>
        <line num="354" count="2" type="stmt"/>
        <line num="355" count="0" type="stmt"/>
        <line num="359" count="10" type="stmt"/>
      </file>
      <file name="skuItemController.js" path="C:\Users\giovy\OneDrive\Documenti\Giovanna\Politecnico\Magistrale\Primo anno\II semestre\Software engineering\Progetto\EzWh\code\server\modules\logic\skuItemController.js">
        <metrics statements="67" coveredstatements="55" conditionals="42" coveredconditionals="33" methods="16" coveredmethods="11"/>
        <line num="2" count="10" type="stmt"/>
        <line num="3" count="10" type="stmt"/>
        <line num="10" count="10" type="stmt"/>
        <line num="11" count="10" type="stmt"/>
        <line num="23" count="2" type="cond" truecount="1" falsecount="1"/>
        <line num="24" count="0" type="stmt"/>
        <line num="26" count="2" type="stmt"/>
        <line num="27" count="0" type="stmt"/>
        <line num="28" count="2" type="stmt"/>
        <line num="41" count="3" type="cond" truecount="1" falsecount="1"/>
        <line num="42" count="0" type="stmt"/>
        <line num="44" count="3" type="cond" truecount="5" falsecount="0"/>
        <line num="47" count="1" type="stmt"/>
        <line num="51" count="2" type="stmt"/>
        <line num="52" count="1" type="stmt"/>
        <line num="54" count="1" type="stmt"/>
        <line num="55" count="0" type="stmt"/>
        <line num="56" count="1" type="cond" truecount="1" falsecount="1"/>
        <line num="57" count="0" type="stmt"/>
        <line num="60" count="1" type="stmt"/>
        <line num="72" count="9" type="cond" truecount="1" falsecount="1"/>
        <line num="73" count="0" type="stmt"/>
        <line num="75" count="9" type="cond" truecount="2" falsecount="0"/>
        <line num="76" count="1" type="stmt"/>
        <line num="78" count="8" type="stmt"/>
        <line num="79" count="0" type="stmt"/>
        <line num="80" count="8" type="cond" truecount="2" falsecount="0"/>
        <line num="81" count="3" type="stmt"/>
        <line num="83" count="5" type="stmt"/>
        <line num="95" count="14" type="cond" truecount="1" falsecount="1"/>
        <line num="96" count="0" type="stmt"/>
        <line num="98" count="14" type="stmt"/>
        <line num="99" count="14" type="stmt"/>
        <line num="100" count="14" type="stmt"/>
        <line num="102" count="14" type="cond" truecount="6" falsecount="0"/>
        <line num="106" count="2" type="stmt"/>
        <line num="109" count="12" type="stmt"/>
        <line num="110" count="12" type="stmt"/>
        <line num="112" count="1" type="stmt"/>
        <line num="116" count="11" type="stmt"/>
        <line num="117" count="1" type="cond" truecount="1" falsecount="1"/>
        <line num="119" count="10" type="stmt"/>
        <line num="121" count="10" type="stmt"/>
        <line num="122" count="1" type="stmt"/>
        <line num="135" count="5" type="cond" truecount="1" falsecount="1"/>
        <line num="136" count="0" type="stmt"/>
        <line num="138" count="5" type="stmt"/>
        <line num="139" count="5" type="stmt"/>
        <line num="140" count="5" type="stmt"/>
        <line num="142" count="5" type="cond" truecount="7" falsecount="0"/>
        <line num="146" count="2" type="stmt"/>
        <line num="150" count="3" type="stmt"/>
        <line num="151" count="3" type="stmt"/>
        <line num="153" count="1" type="stmt"/>
        <line num="154" count="1" type="stmt"/>
        <line num="158" count="2" type="stmt"/>
        <line num="159" count="1" type="cond" truecount="1" falsecount="1"/>
        <line num="161" count="1" type="stmt"/>
        <line num="163" count="1" type="stmt"/>
        <line num="164" count="0" type="stmt"/>
        <line num="176" count="2" type="cond" truecount="1" falsecount="1"/>
        <line num="177" count="0" type="stmt"/>
        <line num="179" count="2" type="cond" truecount="2" falsecount="0"/>
        <line num="180" count="1" type="stmt"/>
        <line num="182" count="1" type="stmt"/>
        <line num="183" count="0" type="stmt"/>
        <line num="188" count="10" type="stmt"/>
      </file>
      <file name="testDescriptorController.js" path="C:\Users\giovy\OneDrive\Documenti\Giovanna\Politecnico\Magistrale\Primo anno\II semestre\Software engineering\Progetto\EzWh\code\server\modules\logic\testDescriptorController.js">
        <metrics statements="51" coveredstatements="37" conditionals="38" coveredconditionals="26" methods="14" coveredmethods="6"/>
        <line num="2" count="10" type="stmt"/>
        <line num="3" count="10" type="stmt"/>
        <line num="11" count="10" type="stmt"/>
        <line num="12" count="10" type="stmt"/>
        <line num="23" count="6" type="cond" truecount="1" falsecount="1"/>
        <line num="24" count="0" type="stmt"/>
        <line num="26" count="6" type="stmt"/>
        <line num="27" count="0" type="stmt"/>
        <line num="28" count="6" type="stmt"/>
        <line num="39" count="6" type="cond" truecount="1" falsecount="1"/>
        <line num="40" count="0" type="stmt"/>
        <line num="42" count="6" type="cond" truecount="4" falsecount="1"/>
        <line num="45" count="0" type="stmt"/>
        <line num="47" count="6" type="stmt"/>
        <line num="48" count="0" type="stmt"/>
        <line num="49" count="6" type="cond" truecount="2" falsecount="0"/>
        <line num="50" count="3" type="stmt"/>
        <line num="52" count="3" type="stmt"/>
        <line num="63" count="3" type="cond" truecount="1" falsecount="1"/>
        <line num="64" count="0" type="stmt"/>
        <line num="66" count="3" type="stmt"/>
        <line num="67" count="3" type="stmt"/>
        <line num="68" count="3" type="stmt"/>
        <line num="70" count="3" type="cond" truecount="5" falsecount="0"/>
        <line num="73" count="2" type="stmt"/>
        <line num="76" count="1" type="stmt"/>
        <line num="77" count="0" type="cond" truecount="0" falsecount="2"/>
        <line num="79" count="1" type="stmt"/>
        <line num="81" count="1" type="stmt"/>
        <line num="82" count="0" type="stmt"/>
        <line num="94" count="3" type="cond" truecount="1" falsecount="1"/>
        <line num="95" count="0" type="stmt"/>
        <line num="97" count="3" type="stmt"/>
        <line num="98" count="3" type="stmt"/>
        <line num="99" count="3" type="stmt"/>
        <line num="101" count="3" type="cond" truecount="5" falsecount="0"/>
        <line num="104" count="2" type="stmt"/>
        <line num="107" count="1" type="stmt"/>
        <line num="108" count="0" type="cond" truecount="0" falsecount="2"/>
        <line num="111" count="1" type="stmt"/>
        <line num="112" count="0" type="cond" truecount="0" falsecount="2"/>
        <line num="114" count="1" type="stmt"/>
        <line num="116" count="1" type="stmt"/>
        <line num="117" count="0" type="stmt"/>
        <line num="129" count="2" type="cond" truecount="1" falsecount="1"/>
        <line num="130" count="0" type="stmt"/>
        <line num="132" count="2" type="cond" truecount="5" falsecount="0"/>
        <line num="135" count="1" type="stmt"/>
        <line num="137" count="1" type="stmt"/>
        <line num="139" count="0" type="stmt"/>
        <line num="143" count="10" type="stmt"/>
      </file>
      <file name="testResultController.js" path="C:\Users\giovy\OneDrive\Documenti\Giovanna\Politecnico\Magistrale\Primo anno\II semestre\Software engineering\Progetto\EzWh\code\server\modules\logic\testResultController.js">
        <metrics statements="68" coveredstatements="5" conditionals="48" coveredconditionals="0" methods="18" coveredmethods="1"/>
        <line num="2" count="10" type="stmt"/>
        <line num="3" count="10" type="stmt"/>
        <line num="11" count="10" type="stmt"/>
        <line num="12" count="10" type="stmt"/>
        <line num="25" count="0" type="cond" truecount="0" falsecount="2"/>
        <line num="26" count="0" type="stmt"/>
        <line num="28" count="0" type="cond" truecount="0" falsecount="2"/>
        <line num="29" count="0" type="stmt"/>
        <line num="31" count="0" type="stmt"/>
        <line num="32" count="0" type="stmt"/>
        <line num="34" count="0" type="stmt"/>
        <line num="35" count="0" type="stmt"/>
        <line num="36" count="0" type="stmt"/>
        <line num="47" count="0" type="cond" truecount="0" falsecount="2"/>
        <line num="48" count="0" type="stmt"/>
        <line num="50" count="0" type="cond" truecount="0" falsecount="6"/>
        <line num="54" count="0" type="stmt"/>
        <line num="56" count="0" type="stmt"/>
        <line num="57" count="0" type="stmt"/>
        <line num="59" count="0" type="stmt"/>
        <line num="60" count="0" type="stmt"/>
        <line num="61" count="0" type="cond" truecount="0" falsecount="2"/>
        <line num="62" count="0" type="stmt"/>
        <line num="64" count="0" type="stmt"/>
        <line num="75" count="0" type="cond" truecount="0" falsecount="2"/>
        <line num="76" count="0" type="stmt"/>
        <line num="78" count="0" type="stmt"/>
        <line num="79" count="0" type="stmt"/>
        <line num="80" count="0" type="stmt"/>
        <line num="81" count="0" type="stmt"/>
        <line num="83" count="0" type="cond" truecount="0" falsecount="6"/>
        <line num="87" count="0" type="stmt"/>
        <line num="90" count="0" type="stmt"/>
        <line num="91" count="0" type="stmt"/>
        <line num="93" count="0" type="stmt"/>
        <line num="97" count="0" type="stmt"/>
        <line num="98" count="0" type="cond" truecount="0" falsecount="2"/>
        <line num="101" count="0" type="stmt"/>
        <line num="102" count="0" type="cond" truecount="0" falsecount="2"/>
        <line num="104" count="0" type="stmt"/>
        <line num="105" count="0" type="stmt"/>
        <line num="106" count="0" type="stmt"/>
        <line num="118" count="0" type="cond" truecount="0" falsecount="2"/>
        <line num="119" count="0" type="stmt"/>
        <line num="121" count="0" type="stmt"/>
        <line num="122" count="0" type="stmt"/>
        <line num="123" count="0" type="stmt"/>
        <line num="125" count="0" type="cond" truecount="0" falsecount="6"/>
        <line num="129" count="0" type="stmt"/>
        <line num="132" count="0" type="stmt"/>
        <line num="133" count="0" type="stmt"/>
        <line num="135" count="0" type="stmt"/>
        <line num="139" count="0" type="stmt"/>
        <line num="140" count="0" type="cond" truecount="0" falsecount="2"/>
        <line num="143" count="0" type="stmt"/>
        <line num="144" count="0" type="cond" truecount="0" falsecount="2"/>
        <line num="147" count="0" type="stmt"/>
        <line num="148" count="0" type="cond" truecount="0" falsecount="2"/>
        <line num="150" count="0" type="stmt"/>
        <line num="151" count="0" type="stmt"/>
        <line num="152" count="0" type="stmt"/>
        <line num="163" count="0" type="cond" truecount="0" falsecount="2"/>
        <line num="164" count="0" type="stmt"/>
        <line num="166" count="0" type="cond" truecount="0" falsecount="6"/>
        <line num="170" count="0" type="stmt"/>
        <line num="172" count="0" type="stmt"/>
        <line num="174" count="0" type="stmt"/>
        <line num="181" count="10" type="stmt"/>
      </file>
      <file name="userController.js" path="C:\Users\giovy\OneDrive\Documenti\Giovanna\Politecnico\Magistrale\Primo anno\II semestre\Software engineering\Progetto\EzWh\code\server\modules\logic\userController.js">
        <metrics statements="97" coveredstatements="77" conditionals="51" coveredconditionals="39" methods="23" coveredmethods="14"/>
        <line num="3" count="10" type="stmt"/>
        <line num="4" count="10" type="stmt"/>
        <line num="5" count="10" type="stmt"/>
        <line num="10" count="10" type="stmt"/>
        <line num="18" count="10" type="stmt"/>
        <line num="21" count="10" type="stmt"/>
        <line num="22" count="10" type="stmt"/>
        <line num="33" count="2" type="cond" truecount="4" falsecount="0"/>
        <line num="35" count="1" type="stmt"/>
        <line num="37" count="1" type="stmt"/>
        <line num="45" count="3" type="stmt"/>
        <line num="46" count="3" type="cond" truecount="2" falsecount="0"/>
        <line num="47" count="1" type="stmt"/>
        <line num="49" count="2" type="stmt"/>
        <line num="58" count="1" type="cond" truecount="1" falsecount="1"/>
        <line num="59" count="0" type="stmt"/>
        <line num="61" count="1" type="stmt"/>
        <line num="62" count="0" type="stmt"/>
        <line num="63" count="1" type="stmt"/>
        <line num="73" count="17" type="cond" truecount="1" falsecount="1"/>
        <line num="74" count="0" type="stmt"/>
        <line num="76" count="17" type="stmt"/>
        <line num="77" count="0" type="stmt"/>
        <line num="79" count="17" type="stmt"/>
        <line num="90" count="3" type="cond" truecount="1" falsecount="1"/>
        <line num="91" count="0" type="stmt"/>
        <line num="93" count="3" type="stmt"/>
        <line num="94" count="3" type="stmt"/>
        <line num="95" count="3" type="stmt"/>
        <line num="96" count="3" type="stmt"/>
        <line num="97" count="3" type="stmt"/>
        <line num="99" count="3" type="cond" truecount="5" falsecount="0"/>
        <line num="102" count="1" type="stmt"/>
        <line num="104" count="2" type="stmt"/>
        <line num="106" count="2" type="stmt"/>
        <line num="107" count="0" type="cond" truecount="0" falsecount="2"/>
        <line num="109" count="12" type="stmt"/>
        <line num="110" count="2" type="cond" truecount="2" falsecount="0"/>
        <line num="111" count="1" type="stmt"/>
        <line num="114" count="1" type="stmt"/>
        <line num="116" count="1" type="stmt"/>
        <line num="117" count="0" type="stmt"/>
        <line num="127" count="7" type="stmt"/>
        <line num="128" count="7" type="stmt"/>
        <line num="130" count="7" type="cond" truecount="2" falsecount="0"/>
        <line num="131" count="1" type="stmt"/>
        <line num="133" count="6" type="stmt"/>
        <line num="134" count="6" type="stmt"/>
        <line num="135" count="6" type="stmt"/>
        <line num="137" count="6" type="stmt"/>
        <line num="138" count="6" type="stmt"/>
        <line num="139" count="0" type="stmt"/>
        <line num="141" count="6" type="cond" truecount="2" falsecount="0"/>
        <line num="142" count="1" type="stmt"/>
        <line num="145" count="5" type="stmt"/>
        <line num="146" count="5" type="stmt"/>
        <line num="147" count="5" type="stmt"/>
        <line num="148" count="5" type="stmt"/>
        <line num="149" count="5" type="stmt"/>
        <line num="150" count="5" type="stmt"/>
        <line num="151" count="5" type="stmt"/>
        <line num="153" count="5" type="stmt"/>
        <line num="166" count="6" type="cond" truecount="2" falsecount="0"/>
        <line num="167" count="1" type="stmt"/>
        <line num="168" count="5" type="stmt"/>
        <line num="169" count="5" type="stmt"/>
        <line num="179" count="3" type="cond" truecount="1" falsecount="1"/>
        <line num="180" count="0" type="stmt"/>
        <line num="182" count="3" type="cond" truecount="1" falsecount="1"/>
        <line num="183" count="0" type="stmt"/>
        <line num="186" count="3" type="stmt"/>
        <line num="187" count="3" type="stmt"/>
        <line num="189" count="3" type="cond" truecount="4" falsecount="0"/>
        <line num="190" count="1" type="stmt"/>
        <line num="192" count="2" type="stmt"/>
        <line num="193" count="0" type="cond" truecount="0" falsecount="2"/>
        <line num="195" count="12" type="stmt"/>
        <line num="196" count="2" type="cond" truecount="2" falsecount="0"/>
        <line num="197" count="1" type="stmt"/>
        <line num="199" count="6" type="cond" truecount="2" falsecount="0"/>
        <line num="200" count="1" type="cond" truecount="1" falsecount="1"/>
        <line num="201" count="0" type="stmt"/>
        <line num="203" count="1" type="stmt"/>
        <line num="205" count="0" type="stmt"/>
        <line num="213" count="3" type="cond" truecount="1" falsecount="1"/>
        <line num="214" count="0" type="stmt"/>
        <line num="215" count="3" type="cond" truecount="1" falsecount="1"/>
        <line num="216" count="0" type="stmt"/>
        <line num="218" count="3" type="cond" truecount="4" falsecount="0"/>
        <line num="219" count="1" type="stmt"/>
        <line num="221" count="2" type="stmt"/>
        <line num="223" count="0" type="stmt"/>
        <line num="228" count="0" type="stmt"/>
        <line num="229" count="0" type="stmt"/>
        <line num="230" count="0" type="stmt"/>
        <line num="231" count="0" type="stmt"/>
        <line num="236" count="10" type="stmt"/>
      </file>
    </package>
    <package name="routers">
      <metrics statements="19" coveredstatements="16" conditionals="7" coveredconditionals="6" methods="3" coveredmethods="2"/>
      <file name="exceptions.js" path="C:\Users\giovy\OneDrive\Documenti\Giovanna\Politecnico\Magistrale\Primo anno\II semestre\Software engineering\Progetto\EzWh\code\server\routers\exceptions.js">
        <metrics statements="19" coveredstatements="16" conditionals="7" coveredconditionals="6" methods="3" coveredmethods="2"/>
        <line num="6" count="107" type="stmt"/>
        <line num="7" count="107" type="cond" truecount="6" falsecount="1"/>
        <line num="9" count="3" type="stmt"/>
        <line num="10" count="3" type="stmt"/>
        <line num="12" count="32" type="stmt"/>
        <line num="13" count="32" type="stmt"/>
        <line num="15" count="1" type="stmt"/>
        <line num="16" count="1" type="stmt"/>
        <line num="18" count="68" type="stmt"/>
        <line num="19" count="68" type="stmt"/>
        <line num="21" count="2" type="stmt"/>
        <line num="22" count="2" type="stmt"/>
        <line num="24" count="1" type="stmt"/>
        <line num="25" count="1" type="stmt"/>
        <line num="27" count="0" type="stmt"/>
        <line num="28" count="0" type="stmt"/>
        <line num="33" count="6" type="stmt"/>
        <line num="37" count="0" type="stmt"/>
        <line num="43" count="10" type="stmt"/>
      </file>
    </package>
  </project>
</coverage>
