{"C:\\Users\\giovy\\OneDrive\\Documenti\\Giovanna\\Politecnico\\Magistrale\\Primo anno\\II semestre\\Software engineering\\Progetto\\EzWh\\code\\server\\modules\\database\\databaseManager.js": {"path":"C:\\Users\\giovy\\OneDrive\\Documenti\\Giovanna\\Politecnico\\Magistrale\\Primo anno\\II semestre\\Software engineering\\Progetto\\EzWh\\code\\server\\modules\\database\\databaseManager.js","statementMap":{"0":{"start":{"line":3,"column":15},"end":{"line":3,"column":33}},"1":{"start":{"line":4,"column":19},"end":{"line":4,"column":54}},"2":{"start":{"line":9,"column":8},"end":{"line":14,"column":11}},"3":{"start":{"line":10,"column":12},"end":{"line":13,"column":13}},"4":{"start":{"line":11,"column":16},"end":{"line":11,"column":60}},"5":{"start":{"line":12,"column":16},"end":{"line":12,"column":26}},"6":{"start":{"line":25,"column":8},"end":{"line":33,"column":10}},"7":{"start":{"line":26,"column":12},"end":{"line":32,"column":14}},"8":{"start":{"line":27,"column":16},"end":{"line":31,"column":35}},"9":{"start":{"line":28,"column":20},"end":{"line":28,"column":64}},"10":{"start":{"line":29,"column":20},"end":{"line":29,"column":48}},"11":{"start":{"line":31,"column":21},"end":{"line":31,"column":35}},"12":{"start":{"line":40,"column":8},"end":{"line":49,"column":10}},"13":{"start":{"line":41,"column":12},"end":{"line":48,"column":14}},"14":{"start":{"line":42,"column":16},"end":{"line":47,"column":17}},"15":{"start":{"line":43,"column":20},"end":{"line":43,"column":64}},"16":{"start":{"line":44,"column":20},"end":{"line":44,"column":48}},"17":{"start":{"line":46,"column":20},"end":{"line":46,"column":33}},"18":{"start":{"line":55,"column":24},"end":{"line":97,"column":9}},"19":{"start":{"line":101,"column":8},"end":{"line":112,"column":10}},"20":{"start":{"line":102,"column":12},"end":{"line":111,"column":15}},"21":{"start":{"line":103,"column":16},"end":{"line":110,"column":19}},"22":{"start":{"line":104,"column":20},"end":{"line":109,"column":21}},"23":{"start":{"line":105,"column":24},"end":{"line":105,"column":68}},"24":{"start":{"line":106,"column":24},"end":{"line":106,"column":52}},"25":{"start":{"line":108,"column":24},"end":{"line":108,"column":37}},"26":{"start":{"line":117,"column":35},"end":{"line":122,"column":38}},"27":{"start":{"line":124,"column":34},"end":{"line":126,"column":10}},"28":{"start":{"line":128,"column":45},"end":{"line":129,"column":124}},"29":{"start":{"line":131,"column":26},"end":{"line":133,"column":80}},"30":{"start":{"line":135,"column":31},"end":{"line":137,"column":98}},"31":{"start":{"line":139,"column":30},"end":{"line":139,"column":126}},"32":{"start":{"line":141,"column":8},"end":{"line":154,"column":10}},"33":{"start":{"line":142,"column":12},"end":{"line":153,"column":15}},"34":{"start":{"line":143,"column":16},"end":{"line":152,"column":19}},"35":{"start":{"line":144,"column":20},"end":{"line":151,"column":23}},"36":{"start":{"line":145,"column":24},"end":{"line":150,"column":25}},"37":{"start":{"line":146,"column":28},"end":{"line":146,"column":72}},"38":{"start":{"line":147,"column":28},"end":{"line":147,"column":56}},"39":{"start":{"line":149,"column":28},"end":{"line":149,"column":41}},"40":{"start":{"line":159,"column":26},"end":{"line":160,"column":60}},"41":{"start":{"line":161,"column":27},"end":{"line":162,"column":60}},"42":{"start":{"line":164,"column":37},"end":{"line":166,"column":38}},"43":{"start":{"line":168,"column":31},"end":{"line":168,"column":155}},"44":{"start":{"line":170,"column":30},"end":{"line":170,"column":91}},"45":{"start":{"line":172,"column":8},"end":{"line":185,"column":10}},"46":{"start":{"line":173,"column":12},"end":{"line":184,"column":15}},"47":{"start":{"line":174,"column":16},"end":{"line":183,"column":19}},"48":{"start":{"line":175,"column":20},"end":{"line":182,"column":23}},"49":{"start":{"line":176,"column":24},"end":{"line":181,"column":25}},"50":{"start":{"line":177,"column":28},"end":{"line":177,"column":72}},"51":{"start":{"line":178,"column":28},"end":{"line":178,"column":56}},"52":{"start":{"line":180,"column":28},"end":{"line":180,"column":41}},"53":{"start":{"line":190,"column":26},"end":{"line":191,"column":60}},"54":{"start":{"line":192,"column":27},"end":{"line":193,"column":60}},"55":{"start":{"line":195,"column":37},"end":{"line":197,"column":38}},"56":{"start":{"line":198,"column":38},"end":{"line":200,"column":37}},"57":{"start":{"line":202,"column":31},"end":{"line":202,"column":155}},"58":{"start":{"line":203,"column":33},"end":{"line":205,"column":38}},"59":{"start":{"line":207,"column":30},"end":{"line":207,"column":132}},"60":{"start":{"line":209,"column":8},"end":{"line":222,"column":10}},"61":{"start":{"line":210,"column":12},"end":{"line":221,"column":15}},"62":{"start":{"line":211,"column":16},"end":{"line":220,"column":19}},"63":{"start":{"line":212,"column":20},"end":{"line":219,"column":23}},"64":{"start":{"line":213,"column":24},"end":{"line":218,"column":25}},"65":{"start":{"line":214,"column":28},"end":{"line":214,"column":72}},"66":{"start":{"line":215,"column":28},"end":{"line":215,"column":56}},"67":{"start":{"line":217,"column":28},"end":{"line":217,"column":41}},"68":{"start":{"line":226,"column":24},"end":{"line":234,"column":9}},"69":{"start":{"line":238,"column":8},"end":{"line":249,"column":10}},"70":{"start":{"line":239,"column":12},"end":{"line":248,"column":15}},"71":{"start":{"line":240,"column":16},"end":{"line":247,"column":19}},"72":{"start":{"line":241,"column":20},"end":{"line":246,"column":21}},"73":{"start":{"line":242,"column":24},"end":{"line":242,"column":68}},"74":{"start":{"line":243,"column":24},"end":{"line":243,"column":52}},"75":{"start":{"line":245,"column":24},"end":{"line":245,"column":37}},"76":{"start":{"line":254,"column":26},"end":{"line":255,"column":59}},"77":{"start":{"line":259,"column":31},"end":{"line":261,"column":38}},"78":{"start":{"line":262,"column":32},"end":{"line":264,"column":37}},"79":{"start":{"line":265,"column":32},"end":{"line":267,"column":37}},"80":{"start":{"line":269,"column":36},"end":{"line":271,"column":37}},"81":{"start":{"line":273,"column":30},"end":{"line":273,"column":112}},"82":{"start":{"line":274,"column":8},"end":{"line":287,"column":10}},"83":{"start":{"line":275,"column":12},"end":{"line":286,"column":15}},"84":{"start":{"line":276,"column":16},"end":{"line":285,"column":19}},"85":{"start":{"line":277,"column":20},"end":{"line":284,"column":23}},"86":{"start":{"line":278,"column":24},"end":{"line":283,"column":25}},"87":{"start":{"line":279,"column":28},"end":{"line":279,"column":72}},"88":{"start":{"line":280,"column":28},"end":{"line":280,"column":56}},"89":{"start":{"line":282,"column":28},"end":{"line":282,"column":41}},"90":{"start":{"line":292,"column":36},"end":{"line":292,"column":130}},"91":{"start":{"line":294,"column":42},"end":{"line":294,"column":161}},"92":{"start":{"line":298,"column":30},"end":{"line":298,"column":78}},"93":{"start":{"line":300,"column":8},"end":{"line":313,"column":11}},"94":{"start":{"line":301,"column":12},"end":{"line":312,"column":15}},"95":{"start":{"line":302,"column":16},"end":{"line":311,"column":19}},"96":{"start":{"line":303,"column":20},"end":{"line":310,"column":23}},"97":{"start":{"line":304,"column":24},"end":{"line":309,"column":25}},"98":{"start":{"line":305,"column":28},"end":{"line":305,"column":72}},"99":{"start":{"line":306,"column":28},"end":{"line":306,"column":56}},"100":{"start":{"line":308,"column":28},"end":{"line":308,"column":41}},"101":{"start":{"line":319,"column":0},"end":{"line":319,"column":27}}},"fnMap":{"0":{"name":"(anonymous_0)","decl":{"start":{"line":8,"column":4},"end":{"line":8,"column":5}},"loc":{"start":{"line":8,"column":18},"end":{"line":18,"column":5}},"line":8},"1":{"name":"(anonymous_1)","decl":{"start":{"line":9,"column":67},"end":{"line":9,"column":68}},"loc":{"start":{"line":9,"column":76},"end":{"line":14,"column":9}},"line":9},"2":{"name":"(anonymous_2)","decl":{"start":{"line":23,"column":4},"end":{"line":23,"column":5}},"loc":{"start":{"line":23,"column":42},"end":{"line":34,"column":5}},"line":23},"3":{"name":"(anonymous_3)","decl":{"start":{"line":25,"column":27},"end":{"line":25,"column":28}},"loc":{"start":{"line":25,"column":48},"end":{"line":33,"column":9}},"line":25},"4":{"name":"(anonymous_4)","decl":{"start":{"line":26,"column":40},"end":{"line":26,"column":41}},"loc":{"start":{"line":26,"column":49},"end":{"line":32,"column":13}},"line":26},"5":{"name":"(anonymous_5)","decl":{"start":{"line":39,"column":4},"end":{"line":39,"column":5}},"loc":{"start":{"line":39,"column":42},"end":{"line":50,"column":5}},"line":39},"6":{"name":"(anonymous_6)","decl":{"start":{"line":40,"column":27},"end":{"line":40,"column":28}},"loc":{"start":{"line":40,"column":48},"end":{"line":49,"column":9}},"line":40},"7":{"name":"(anonymous_7)","decl":{"start":{"line":41,"column":40},"end":{"line":41,"column":41}},"loc":{"start":{"line":41,"column":55},"end":{"line":48,"column":13}},"line":41},"8":{"name":"(anonymous_8)","decl":{"start":{"line":54,"column":4},"end":{"line":54,"column":5}},"loc":{"start":{"line":54,"column":26},"end":{"line":113,"column":5}},"line":54},"9":{"name":"(anonymous_9)","decl":{"start":{"line":101,"column":27},"end":{"line":101,"column":28}},"loc":{"start":{"line":101,"column":48},"end":{"line":112,"column":9}},"line":101},"10":{"name":"(anonymous_10)","decl":{"start":{"line":102,"column":28},"end":{"line":102,"column":29}},"loc":{"start":{"line":102,"column":39},"end":{"line":111,"column":13}},"line":102},"11":{"name":"(anonymous_11)","decl":{"start":{"line":103,"column":36},"end":{"line":103,"column":37}},"loc":{"start":{"line":103,"column":51},"end":{"line":110,"column":17}},"line":103},"12":{"name":"(anonymous_12)","decl":{"start":{"line":116,"column":4},"end":{"line":116,"column":5}},"loc":{"start":{"line":116,"column":48},"end":{"line":156,"column":5}},"line":116},"13":{"name":"(anonymous_13)","decl":{"start":{"line":141,"column":27},"end":{"line":141,"column":28}},"loc":{"start":{"line":141,"column":48},"end":{"line":154,"column":9}},"line":141},"14":{"name":"(anonymous_14)","decl":{"start":{"line":142,"column":34},"end":{"line":142,"column":35}},"loc":{"start":{"line":142,"column":48},"end":{"line":153,"column":13}},"line":142},"15":{"name":"(anonymous_15)","decl":{"start":{"line":143,"column":33},"end":{"line":143,"column":34}},"loc":{"start":{"line":143,"column":44},"end":{"line":152,"column":17}},"line":143},"16":{"name":"(anonymous_16)","decl":{"start":{"line":144,"column":40},"end":{"line":144,"column":41}},"loc":{"start":{"line":144,"column":55},"end":{"line":151,"column":21}},"line":144},"17":{"name":"(anonymous_17)","decl":{"start":{"line":158,"column":4},"end":{"line":158,"column":5}},"loc":{"start":{"line":158,"column":41},"end":{"line":187,"column":5}},"line":158},"18":{"name":"(anonymous_18)","decl":{"start":{"line":172,"column":27},"end":{"line":172,"column":28}},"loc":{"start":{"line":172,"column":48},"end":{"line":185,"column":9}},"line":172},"19":{"name":"(anonymous_19)","decl":{"start":{"line":173,"column":34},"end":{"line":173,"column":35}},"loc":{"start":{"line":173,"column":48},"end":{"line":184,"column":13}},"line":173},"20":{"name":"(anonymous_20)","decl":{"start":{"line":174,"column":33},"end":{"line":174,"column":34}},"loc":{"start":{"line":174,"column":44},"end":{"line":183,"column":17}},"line":174},"21":{"name":"(anonymous_21)","decl":{"start":{"line":175,"column":40},"end":{"line":175,"column":41}},"loc":{"start":{"line":175,"column":55},"end":{"line":182,"column":21}},"line":175},"22":{"name":"(anonymous_22)","decl":{"start":{"line":189,"column":4},"end":{"line":189,"column":5}},"loc":{"start":{"line":189,"column":37},"end":{"line":224,"column":5}},"line":189},"23":{"name":"(anonymous_23)","decl":{"start":{"line":209,"column":27},"end":{"line":209,"column":28}},"loc":{"start":{"line":209,"column":48},"end":{"line":222,"column":9}},"line":209},"24":{"name":"(anonymous_24)","decl":{"start":{"line":210,"column":34},"end":{"line":210,"column":35}},"loc":{"start":{"line":210,"column":48},"end":{"line":221,"column":13}},"line":210},"25":{"name":"(anonymous_25)","decl":{"start":{"line":211,"column":33},"end":{"line":211,"column":34}},"loc":{"start":{"line":211,"column":44},"end":{"line":220,"column":17}},"line":211},"26":{"name":"(anonymous_26)","decl":{"start":{"line":212,"column":40},"end":{"line":212,"column":41}},"loc":{"start":{"line":212,"column":55},"end":{"line":219,"column":21}},"line":212},"27":{"name":"(anonymous_27)","decl":{"start":{"line":225,"column":4},"end":{"line":225,"column":5}},"loc":{"start":{"line":225,"column":30},"end":{"line":252,"column":5}},"line":225},"28":{"name":"(anonymous_28)","decl":{"start":{"line":238,"column":27},"end":{"line":238,"column":28}},"loc":{"start":{"line":238,"column":48},"end":{"line":249,"column":9}},"line":238},"29":{"name":"(anonymous_29)","decl":{"start":{"line":239,"column":28},"end":{"line":239,"column":29}},"loc":{"start":{"line":239,"column":39},"end":{"line":248,"column":13}},"line":239},"30":{"name":"(anonymous_30)","decl":{"start":{"line":240,"column":36},"end":{"line":240,"column":37}},"loc":{"start":{"line":240,"column":51},"end":{"line":247,"column":17}},"line":240},"31":{"name":"(anonymous_31)","decl":{"start":{"line":253,"column":4},"end":{"line":253,"column":5}},"loc":{"start":{"line":253,"column":30},"end":{"line":289,"column":5}},"line":253},"32":{"name":"(anonymous_32)","decl":{"start":{"line":274,"column":27},"end":{"line":274,"column":28}},"loc":{"start":{"line":274,"column":48},"end":{"line":287,"column":9}},"line":274},"33":{"name":"(anonymous_33)","decl":{"start":{"line":275,"column":34},"end":{"line":275,"column":35}},"loc":{"start":{"line":275,"column":48},"end":{"line":286,"column":13}},"line":275},"34":{"name":"(anonymous_34)","decl":{"start":{"line":276,"column":33},"end":{"line":276,"column":34}},"loc":{"start":{"line":276,"column":44},"end":{"line":285,"column":17}},"line":276},"35":{"name":"(anonymous_35)","decl":{"start":{"line":277,"column":40},"end":{"line":277,"column":41}},"loc":{"start":{"line":277,"column":55},"end":{"line":284,"column":21}},"line":277},"36":{"name":"(anonymous_36)","decl":{"start":{"line":291,"column":4},"end":{"line":291,"column":5}},"loc":{"start":{"line":291,"column":40},"end":{"line":315,"column":5}},"line":291},"37":{"name":"(anonymous_37)","decl":{"start":{"line":300,"column":27},"end":{"line":300,"column":28}},"loc":{"start":{"line":300,"column":48},"end":{"line":313,"column":9}},"line":300},"38":{"name":"(anonymous_38)","decl":{"start":{"line":301,"column":34},"end":{"line":301,"column":35}},"loc":{"start":{"line":301,"column":48},"end":{"line":312,"column":13}},"line":301},"39":{"name":"(anonymous_39)","decl":{"start":{"line":302,"column":33},"end":{"line":302,"column":34}},"loc":{"start":{"line":302,"column":44},"end":{"line":311,"column":17}},"line":302},"40":{"name":"(anonymous_40)","decl":{"start":{"line":303,"column":40},"end":{"line":303,"column":41}},"loc":{"start":{"line":303,"column":55},"end":{"line":310,"column":21}},"line":303}},"branchMap":{"0":{"loc":{"start":{"line":10,"column":12},"end":{"line":13,"column":13}},"type":"if","locations":[{"start":{"line":10,"column":12},"end":{"line":13,"column":13}},{"start":{},"end":{}}],"line":10},"1":{"loc":{"start":{"line":27,"column":16},"end":{"line":31,"column":35}},"type":"if","locations":[{"start":{"line":27,"column":16},"end":{"line":31,"column":35}},{"start":{"line":31,"column":21},"end":{"line":31,"column":35}}],"line":27},"2":{"loc":{"start":{"line":42,"column":16},"end":{"line":47,"column":17}},"type":"if","locations":[{"start":{"line":42,"column":16},"end":{"line":47,"column":17}},{"start":{"line":45,"column":23},"end":{"line":47,"column":17}}],"line":42},"3":{"loc":{"start":{"line":104,"column":20},"end":{"line":109,"column":21}},"type":"if","locations":[{"start":{"line":104,"column":20},"end":{"line":109,"column":21}},{"start":{"line":107,"column":27},"end":{"line":109,"column":21}}],"line":104},"4":{"loc":{"start":{"line":145,"column":24},"end":{"line":150,"column":25}},"type":"if","locations":[{"start":{"line":145,"column":24},"end":{"line":150,"column":25}},{"start":{"line":148,"column":31},"end":{"line":150,"column":25}}],"line":145},"5":{"loc":{"start":{"line":176,"column":24},"end":{"line":181,"column":25}},"type":"if","locations":[{"start":{"line":176,"column":24},"end":{"line":181,"column":25}},{"start":{"line":179,"column":31},"end":{"line":181,"column":25}}],"line":176},"6":{"loc":{"start":{"line":213,"column":24},"end":{"line":218,"column":25}},"type":"if","locations":[{"start":{"line":213,"column":24},"end":{"line":218,"column":25}},{"start":{"line":216,"column":31},"end":{"line":218,"column":25}}],"line":213},"7":{"loc":{"start":{"line":241,"column":20},"end":{"line":246,"column":21}},"type":"if","locations":[{"start":{"line":241,"column":20},"end":{"line":246,"column":21}},{"start":{"line":244,"column":27},"end":{"line":246,"column":21}}],"line":241},"8":{"loc":{"start":{"line":278,"column":24},"end":{"line":283,"column":25}},"type":"if","locations":[{"start":{"line":278,"column":24},"end":{"line":283,"column":25}},{"start":{"line":281,"column":31},"end":{"line":283,"column":25}}],"line":278},"9":{"loc":{"start":{"line":304,"column":24},"end":{"line":309,"column":25}},"type":"if","locations":[{"start":{"line":304,"column":24},"end":{"line":309,"column":25}},{"start":{"line":307,"column":31},"end":{"line":309,"column":25}}],"line":304}},"s":{"0":10,"1":10,"2":10,"3":10,"4":0,"5":0,"6":78,"7":78,"8":78,"9":1,"10":1,"11":77,"12":367,"13":367,"14":367,"15":0,"16":0,"17":367,"18":322,"19":322,"20":322,"21":10626,"22":10306,"23":0,"24":0,"25":10306,"26":22,"27":22,"28":22,"29":22,"30":22,"31":22,"32":22,"33":22,"34":110,"35":110,"36":110,"37":0,"38":0,"39":110,"40":8,"41":8,"42":8,"43":8,"44":8,"45":8,"46":8,"47":32,"48":32,"49":32,"50":0,"51":0,"52":32,"53":0,"54":0,"55":0,"56":0,"57":0,"58":0,"59":0,"60":0,"61":0,"62":0,"63":0,"64":0,"65":0,"66":0,"67":0,"68":0,"69":0,"70":0,"71":0,"72":0,"73":0,"74":0,"75":0,"76":19,"77":19,"78":19,"79":19,"80":19,"81":19,"82":19,"83":19,"84":95,"85":95,"86":95,"87":0,"88":0,"89":95,"90":10,"91":10,"92":10,"93":10,"94":10,"95":20,"96":20,"97":20,"98":0,"99":0,"100":20,"101":10},"f":{"0":10,"1":10,"2":78,"3":78,"4":78,"5":367,"6":367,"7":367,"8":322,"9":322,"10":10626,"11":10306,"12":22,"13":22,"14":110,"15":110,"16":110,"17":8,"18":8,"19":32,"20":32,"21":32,"22":0,"23":0,"24":0,"25":0,"26":0,"27":0,"28":0,"29":0,"30":0,"31":19,"32":19,"33":95,"34":95,"35":95,"36":10,"37":10,"38":20,"39":20,"40":20},"b":{"0":[0,10],"1":[1,77],"2":[0,367],"3":[0,10306],"4":[0,110],"5":[0,32],"6":[0,0],"7":[0,0],"8":[0,95],"9":[0,20]},"_coverageSchema":"1a1c01bbd47fc00a2c39e90264f33305004495a9","hash":"4030e6195627f33d900d7660ae46bb239854fcde"}
,"C:\\Users\\giovy\\OneDrive\\Documenti\\Giovanna\\Politecnico\\Magistrale\\Primo anno\\II semestre\\Software engineering\\Progetto\\EzWh\\code\\server\\modules\\logic\\controller.js": {"path":"C:\\Users\\giovy\\OneDrive\\Documenti\\Giovanna\\Politecnico\\Magistrale\\Primo anno\\II semestre\\Software engineering\\Progetto\\EzWh\\code\\server\\modules\\logic\\controller.js","statementMap":{"0":{"start":{"line":3,"column":27},"end":{"line":3,"column":58}},"1":{"start":{"line":4,"column":22},"end":{"line":4,"column":48}},"2":{"start":{"line":5,"column":23},"end":{"line":5,"column":50}},"3":{"start":{"line":6,"column":29},"end":{"line":6,"column":62}},"4":{"start":{"line":7,"column":33},"end":{"line":7,"column":70}},"5":{"start":{"line":8,"column":32},"end":{"line":8,"column":68}},"6":{"start":{"line":9,"column":31},"end":{"line":9,"column":66}},"7":{"start":{"line":10,"column":30},"end":{"line":10,"column":64}},"8":{"start":{"line":11,"column":23},"end":{"line":11,"column":50}},"9":{"start":{"line":12,"column":18},"end":{"line":12,"column":56}},"10":{"start":{"line":13,"column":26},"end":{"line":13,"column":56}},"11":{"start":{"line":14,"column":19},"end":{"line":14,"column":54}},"12":{"start":{"line":15,"column":14},"end":{"line":15,"column":30}},"13":{"start":{"line":16,"column":26},"end":{"line":16,"column":67}},"14":{"start":{"line":17,"column":0},"end":{"line":17,"column":31}},"15":{"start":{"line":33,"column":8},"end":{"line":33,"column":42}},"16":{"start":{"line":34,"column":8},"end":{"line":34,"column":56}},"17":{"start":{"line":35,"column":8},"end":{"line":35,"column":56}},"18":{"start":{"line":36,"column":8},"end":{"line":36,"column":64}},"19":{"start":{"line":37,"column":8},"end":{"line":37,"column":54}},"20":{"start":{"line":38,"column":8},"end":{"line":38,"column":62}},"21":{"start":{"line":39,"column":8},"end":{"line":39,"column":68}},"22":{"start":{"line":40,"column":8},"end":{"line":40,"column":76}},"23":{"start":{"line":41,"column":8},"end":{"line":41,"column":72}},"24":{"start":{"line":42,"column":8},"end":{"line":42,"column":70}},"25":{"start":{"line":43,"column":8},"end":{"line":43,"column":74}},"26":{"start":{"line":44,"column":8},"end":{"line":44,"column":50}},"27":{"start":{"line":49,"column":8},"end":{"line":49,"column":36}},"28":{"start":{"line":53,"column":8},"end":{"line":53,"column":40}},"29":{"start":{"line":57,"column":8},"end":{"line":57,"column":35}},"30":{"start":{"line":61,"column":8},"end":{"line":61,"column":39}},"31":{"start":{"line":65,"column":8},"end":{"line":65,"column":42}},"32":{"start":{"line":69,"column":8},"end":{"line":69,"column":46}},"33":{"start":{"line":73,"column":8},"end":{"line":73,"column":44}},"34":{"start":{"line":77,"column":8},"end":{"line":77,"column":43}},"35":{"start":{"line":81,"column":8},"end":{"line":81,"column":45}},"36":{"start":{"line":85,"column":8},"end":{"line":85,"column":36}},"37":{"start":{"line":89,"column":8},"end":{"line":89,"column":31}},"38":{"start":{"line":94,"column":8},"end":{"line":98,"column":9}},"39":{"start":{"line":95,"column":12},"end":{"line":95,"column":53}},"40":{"start":{"line":97,"column":12},"end":{"line":97,"column":24}},"41":{"start":{"line":99,"column":8},"end":{"line":99,"column":20}},"42":{"start":{"line":107,"column":8},"end":{"line":107,"column":20}},"43":{"start":{"line":111,"column":23},"end":{"line":111,"column":49}},"44":{"start":{"line":113,"column":8},"end":{"line":113,"column":21}},"45":{"start":{"line":118,"column":22},"end":{"line":118,"column":62}},"46":{"start":{"line":118,"column":43},"end":{"line":118,"column":61}},"47":{"start":{"line":120,"column":8},"end":{"line":120,"column":21}},"48":{"start":{"line":124,"column":8},"end":{"line":124,"column":67}},"49":{"start":{"line":128,"column":8},"end":{"line":131,"column":9}},"50":{"start":{"line":128,"column":21},"end":{"line":128,"column":22}},"51":{"start":{"line":129,"column":12},"end":{"line":130,"column":29}},"52":{"start":{"line":130,"column":16},"end":{"line":130,"column":29}},"53":{"start":{"line":133,"column":8},"end":{"line":133,"column":20}},"54":{"start":{"line":137,"column":28},"end":{"line":138,"column":36}},"55":{"start":{"line":140,"column":8},"end":{"line":140,"column":51}},"56":{"start":{"line":145,"column":28},"end":{"line":146,"column":43}},"57":{"start":{"line":147,"column":8},"end":{"line":147,"column":51}},"58":{"start":{"line":155,"column":8},"end":{"line":158,"column":9}},"59":{"start":{"line":156,"column":32},"end":{"line":156,"column":164}},"60":{"start":{"line":157,"column":12},"end":{"line":157,"column":32}},"61":{"start":{"line":159,"column":8},"end":{"line":159,"column":34}},"62":{"start":{"line":164,"column":0},"end":{"line":164,"column":28}}},"fnMap":{"0":{"name":"(anonymous_0)","decl":{"start":{"line":32,"column":4},"end":{"line":32,"column":5}},"loc":{"start":{"line":32,"column":18},"end":{"line":46,"column":5}},"line":32},"1":{"name":"(anonymous_1)","decl":{"start":{"line":48,"column":4},"end":{"line":48,"column":5}},"loc":{"start":{"line":48,"column":24},"end":{"line":50,"column":5}},"line":48},"2":{"name":"(anonymous_2)","decl":{"start":{"line":52,"column":4},"end":{"line":52,"column":5}},"loc":{"start":{"line":52,"column":28},"end":{"line":54,"column":5}},"line":52},"3":{"name":"(anonymous_3)","decl":{"start":{"line":56,"column":4},"end":{"line":56,"column":5}},"loc":{"start":{"line":56,"column":23},"end":{"line":58,"column":5}},"line":56},"4":{"name":"(anonymous_4)","decl":{"start":{"line":60,"column":4},"end":{"line":60,"column":5}},"loc":{"start":{"line":60,"column":27},"end":{"line":62,"column":5}},"line":60},"5":{"name":"(anonymous_5)","decl":{"start":{"line":64,"column":4},"end":{"line":64,"column":5}},"loc":{"start":{"line":64,"column":30},"end":{"line":66,"column":5}},"line":64},"6":{"name":"(anonymous_6)","decl":{"start":{"line":68,"column":4},"end":{"line":68,"column":5}},"loc":{"start":{"line":68,"column":34},"end":{"line":70,"column":5}},"line":68},"7":{"name":"(anonymous_7)","decl":{"start":{"line":72,"column":4},"end":{"line":72,"column":5}},"loc":{"start":{"line":72,"column":32},"end":{"line":74,"column":5}},"line":72},"8":{"name":"(anonymous_8)","decl":{"start":{"line":76,"column":4},"end":{"line":76,"column":5}},"loc":{"start":{"line":76,"column":31},"end":{"line":78,"column":5}},"line":76},"9":{"name":"(anonymous_9)","decl":{"start":{"line":80,"column":4},"end":{"line":80,"column":5}},"loc":{"start":{"line":80,"column":33},"end":{"line":82,"column":5}},"line":80},"10":{"name":"(anonymous_10)","decl":{"start":{"line":84,"column":4},"end":{"line":84,"column":5}},"loc":{"start":{"line":84,"column":24},"end":{"line":86,"column":5}},"line":84},"11":{"name":"(anonymous_11)","decl":{"start":{"line":88,"column":4},"end":{"line":88,"column":5}},"loc":{"start":{"line":88,"column":19},"end":{"line":90,"column":5}},"line":88},"12":{"name":"(anonymous_12)","decl":{"start":{"line":92,"column":4},"end":{"line":92,"column":5}},"loc":{"start":{"line":92,"column":17},"end":{"line":100,"column":5}},"line":92},"13":{"name":"(anonymous_13)","decl":{"start":{"line":103,"column":4},"end":{"line":103,"column":5}},"loc":{"start":{"line":103,"column":43},"end":{"line":108,"column":5}},"line":103},"14":{"name":"(anonymous_14)","decl":{"start":{"line":110,"column":4},"end":{"line":110,"column":5}},"loc":{"start":{"line":110,"column":28},"end":{"line":114,"column":5}},"line":110},"15":{"name":"(anonymous_15)","decl":{"start":{"line":117,"column":4},"end":{"line":117,"column":5}},"loc":{"start":{"line":117,"column":29},"end":{"line":121,"column":5}},"line":117},"16":{"name":"(anonymous_16)","decl":{"start":{"line":118,"column":34},"end":{"line":118,"column":35}},"loc":{"start":{"line":118,"column":43},"end":{"line":118,"column":61}},"line":118},"17":{"name":"(anonymous_17)","decl":{"start":{"line":123,"column":4},"end":{"line":123,"column":5}},"loc":{"start":{"line":123,"column":20},"end":{"line":125,"column":5}},"line":123},"18":{"name":"(anonymous_18)","decl":{"start":{"line":127,"column":4},"end":{"line":127,"column":5}},"loc":{"start":{"line":127,"column":37},"end":{"line":134,"column":5}},"line":127},"19":{"name":"(anonymous_19)","decl":{"start":{"line":136,"column":4},"end":{"line":136,"column":5}},"loc":{"start":{"line":136,"column":36},"end":{"line":141,"column":5}},"line":136},"20":{"name":"(anonymous_20)","decl":{"start":{"line":143,"column":4},"end":{"line":143,"column":5}},"loc":{"start":{"line":143,"column":35},"end":{"line":148,"column":5}},"line":143},"21":{"name":"(anonymous_21)","decl":{"start":{"line":150,"column":4},"end":{"line":150,"column":5}},"loc":{"start":{"line":150,"column":29},"end":{"line":160,"column":5}},"line":150}},"branchMap":{"0":{"loc":{"start":{"line":124,"column":16},"end":{"line":124,"column":66}},"type":"binary-expr","locations":[{"start":{"line":124,"column":16},"end":{"line":124,"column":21}},{"start":{"line":124,"column":25},"end":{"line":124,"column":44}},{"start":{"line":124,"column":48},"end":{"line":124,"column":66}}],"line":124},"1":{"loc":{"start":{"line":129,"column":12},"end":{"line":130,"column":29}},"type":"if","locations":[{"start":{"line":129,"column":12},"end":{"line":130,"column":29}},{"start":{},"end":{}}],"line":129},"2":{"loc":{"start":{"line":155,"column":8},"end":{"line":158,"column":9}},"type":"if","locations":[{"start":{"line":155,"column":8},"end":{"line":158,"column":9}},{"start":{},"end":{}}],"line":155},"3":{"loc":{"start":{"line":155,"column":12},"end":{"line":155,"column":104}},"type":"binary-expr","locations":[{"start":{"line":155,"column":12},"end":{"line":155,"column":53}},{"start":{"line":155,"column":57},"end":{"line":155,"column":104}}],"line":155},"4":{"loc":{"start":{"line":156,"column":32},"end":{"line":156,"column":164}},"type":"cond-expr","locations":[{"start":{"line":156,"column":91},"end":{"line":156,"column":123}},{"start":{"line":156,"column":126},"end":{"line":156,"column":164}}],"line":156},"5":{"loc":{"start":{"line":156,"column":33},"end":{"line":156,"column":87}},"type":"binary-expr","locations":[{"start":{"line":156,"column":33},"end":{"line":156,"column":57}},{"start":{"line":156,"column":61},"end":{"line":156,"column":87}}],"line":156}},"s":{"0":10,"1":10,"2":10,"3":10,"4":10,"5":10,"6":10,"7":10,"8":10,"9":10,"10":10,"11":10,"12":10,"13":10,"14":10,"15":10,"16":10,"17":10,"18":10,"19":10,"20":10,"21":10,"22":10,"23":10,"24":10,"25":10,"26":10,"27":1,"28":1,"29":26,"30":3,"31":1,"32":1,"33":1,"34":1,"35":1,"36":1,"37":110,"38":0,"39":0,"40":0,"41":0,"42":295,"43":159,"44":159,"45":113,"46":256,"47":113,"48":35,"49":164,"50":164,"51":252,"52":19,"53":145,"54":3,"55":3,"56":8,"57":8,"58":25,"59":20,"60":20,"61":5,"62":10},"f":{"0":10,"1":1,"2":1,"3":26,"4":3,"5":1,"6":1,"7":1,"8":1,"9":1,"10":1,"11":110,"12":0,"13":295,"14":159,"15":113,"16":256,"17":35,"18":164,"19":3,"20":8,"21":25},"b":{"0":[35,35,31],"1":[19,233],"2":[20,5],"3":[25,6],"4":[19,1],"5":[20,19]},"_coverageSchema":"1a1c01bbd47fc00a2c39e90264f33305004495a9","hash":"2dfe7d8ba21794f0d5671a09214bac6afaa62a3d"}
,"C:\\Users\\giovy\\OneDrive\\Documenti\\Giovanna\\Politecnico\\Magistrale\\Primo anno\\II semestre\\Software engineering\\Progetto\\EzWh\\code\\server\\modules\\logic\\internalOrderController.js": {"path":"C:\\Users\\giovy\\OneDrive\\Documenti\\Giovanna\\Politecnico\\Magistrale\\Primo anno\\II semestre\\Software engineering\\Progetto\\EzWh\\code\\server\\modules\\logic\\internalOrderController.js","statementMap":{"0":{"start":{"line":3,"column":19},"end":{"line":3,"column":54}},"1":{"start":{"line":4,"column":19},"end":{"line":4,"column":42}},"2":{"start":{"line":11,"column":8},"end":{"line":11,"column":38}},"3":{"start":{"line":12,"column":8},"end":{"line":12,"column":58}},"4":{"start":{"line":24,"column":8},"end":{"line":25,"column":38}},"5":{"start":{"line":25,"column":12},"end":{"line":25,"column":38}},"6":{"start":{"line":27,"column":19},"end":{"line":28,"column":46}},"7":{"start":{"line":28,"column":32},"end":{"line":28,"column":43}},"8":{"start":{"line":30,"column":8},"end":{"line":33,"column":9}},"9":{"start":{"line":30,"column":21},"end":{"line":30,"column":22}},"10":{"start":{"line":31,"column":12},"end":{"line":32,"column":48}},"11":{"start":{"line":32,"column":34},"end":{"line":32,"column":45}},"12":{"start":{"line":35,"column":8},"end":{"line":35,"column":20}},"13":{"start":{"line":42,"column":8},"end":{"line":49,"column":9}},"14":{"start":{"line":43,"column":12},"end":{"line":44,"column":52}},"15":{"start":{"line":47,"column":12},"end":{"line":48,"column":94}},"16":{"start":{"line":51,"column":23},"end":{"line":53,"column":44}},"17":{"start":{"line":53,"column":30},"end":{"line":53,"column":41}},"18":{"start":{"line":54,"column":8},"end":{"line":54,"column":24}},"19":{"start":{"line":64,"column":8},"end":{"line":65,"column":38}},"20":{"start":{"line":65,"column":12},"end":{"line":65,"column":38}},"21":{"start":{"line":67,"column":19},"end":{"line":68,"column":46}},"22":{"start":{"line":68,"column":32},"end":{"line":68,"column":43}},"23":{"start":{"line":70,"column":8},"end":{"line":73,"column":9}},"24":{"start":{"line":70,"column":21},"end":{"line":70,"column":22}},"25":{"start":{"line":71,"column":12},"end":{"line":72,"column":48}},"26":{"start":{"line":72,"column":34},"end":{"line":72,"column":45}},"27":{"start":{"line":74,"column":8},"end":{"line":74,"column":20}},"28":{"start":{"line":85,"column":8},"end":{"line":86,"column":38}},"29":{"start":{"line":86,"column":12},"end":{"line":86,"column":38}},"30":{"start":{"line":87,"column":19},"end":{"line":88,"column":46}},"31":{"start":{"line":88,"column":32},"end":{"line":88,"column":43}},"32":{"start":{"line":90,"column":8},"end":{"line":93,"column":9}},"33":{"start":{"line":90,"column":21},"end":{"line":90,"column":22}},"34":{"start":{"line":91,"column":12},"end":{"line":92,"column":48}},"35":{"start":{"line":92,"column":34},"end":{"line":92,"column":45}},"36":{"start":{"line":95,"column":8},"end":{"line":95,"column":20}},"37":{"start":{"line":107,"column":8},"end":{"line":108,"column":38}},"38":{"start":{"line":108,"column":12},"end":{"line":108,"column":38}},"39":{"start":{"line":111,"column":8},"end":{"line":112,"column":38}},"40":{"start":{"line":112,"column":12},"end":{"line":112,"column":38}},"41":{"start":{"line":116,"column":8},"end":{"line":118,"column":47}},"42":{"start":{"line":117,"column":29},"end":{"line":117,"column":43}},"43":{"start":{"line":118,"column":32},"end":{"line":118,"column":43}},"44":{"start":{"line":121,"column":8},"end":{"line":121,"column":25}},"45":{"start":{"line":122,"column":8},"end":{"line":123,"column":38}},"46":{"start":{"line":123,"column":12},"end":{"line":123,"column":38}},"47":{"start":{"line":125,"column":8},"end":{"line":126,"column":44}},"48":{"start":{"line":126,"column":30},"end":{"line":126,"column":41}},"49":{"start":{"line":129,"column":8},"end":{"line":129,"column":19}},"50":{"start":{"line":141,"column":8},"end":{"line":142,"column":38}},"51":{"start":{"line":142,"column":12},"end":{"line":142,"column":38}},"52":{"start":{"line":144,"column":26},"end":{"line":144,"column":43}},"53":{"start":{"line":145,"column":25},"end":{"line":145,"column":41}},"54":{"start":{"line":146,"column":27},"end":{"line":146,"column":45}},"55":{"start":{"line":149,"column":8},"end":{"line":152,"column":38}},"56":{"start":{"line":152,"column":12},"end":{"line":152,"column":38}},"57":{"start":{"line":155,"column":8},"end":{"line":160,"column":9}},"58":{"start":{"line":156,"column":12},"end":{"line":156,"column":72}},"59":{"start":{"line":158,"column":12},"end":{"line":158,"column":30}},"60":{"start":{"line":159,"column":12},"end":{"line":159,"column":38}},"61":{"start":{"line":164,"column":8},"end":{"line":166,"column":45}},"62":{"start":{"line":165,"column":27},"end":{"line":165,"column":52}},"63":{"start":{"line":166,"column":30},"end":{"line":166,"column":41}},"64":{"start":{"line":168,"column":8},"end":{"line":171,"column":44}},"65":{"start":{"line":171,"column":30},"end":{"line":171,"column":41}},"66":{"start":{"line":173,"column":26},"end":{"line":173,"column":120}},"67":{"start":{"line":174,"column":8},"end":{"line":177,"column":9}},"68":{"start":{"line":174,"column":21},"end":{"line":174,"column":22}},"69":{"start":{"line":175,"column":12},"end":{"line":176,"column":48}},"70":{"start":{"line":176,"column":34},"end":{"line":176,"column":45}},"71":{"start":{"line":190,"column":25},"end":{"line":190,"column":41}},"72":{"start":{"line":193,"column":8},"end":{"line":194,"column":38}},"73":{"start":{"line":194,"column":12},"end":{"line":194,"column":38}},"74":{"start":{"line":197,"column":8},"end":{"line":200,"column":42}},"75":{"start":{"line":200,"column":16},"end":{"line":200,"column":42}},"76":{"start":{"line":203,"column":8},"end":{"line":205,"column":9}},"77":{"start":{"line":204,"column":12},"end":{"line":204,"column":38}},"78":{"start":{"line":208,"column":8},"end":{"line":209,"column":45}},"79":{"start":{"line":209,"column":30},"end":{"line":209,"column":41}},"80":{"start":{"line":211,"column":8},"end":{"line":223,"column":9}},"81":{"start":{"line":213,"column":29},"end":{"line":213,"column":45}},"82":{"start":{"line":214,"column":12},"end":{"line":215,"column":42}},"83":{"start":{"line":215,"column":16},"end":{"line":215,"column":42}},"84":{"start":{"line":217,"column":30},"end":{"line":217,"column":104}},"85":{"start":{"line":218,"column":12},"end":{"line":221,"column":13}},"86":{"start":{"line":218,"column":25},"end":{"line":218,"column":26}},"87":{"start":{"line":219,"column":16},"end":{"line":220,"column":53}},"88":{"start":{"line":220,"column":38},"end":{"line":220,"column":49}},"89":{"start":{"line":224,"column":35},"end":{"line":224,"column":84}},"90":{"start":{"line":226,"column":12},"end":{"line":227,"column":48}},"91":{"start":{"line":227,"column":34},"end":{"line":227,"column":45}},"92":{"start":{"line":240,"column":8},"end":{"line":241,"column":38}},"93":{"start":{"line":241,"column":12},"end":{"line":241,"column":38}},"94":{"start":{"line":244,"column":8},"end":{"line":247,"column":38}},"95":{"start":{"line":247,"column":12},"end":{"line":247,"column":38}},"96":{"start":{"line":249,"column":8},"end":{"line":250,"column":47}},"97":{"start":{"line":250,"column":32},"end":{"line":250,"column":43}},"98":{"start":{"line":255,"column":0},"end":{"line":255,"column":41}}},"fnMap":{"0":{"name":"(anonymous_0)","decl":{"start":{"line":10,"column":4},"end":{"line":10,"column":5}},"loc":{"start":{"line":10,"column":28},"end":{"line":14,"column":5}},"line":10},"1":{"name":"(anonymous_1)","decl":{"start":{"line":21,"column":4},"end":{"line":21,"column":5}},"loc":{"start":{"line":21,"column":33},"end":{"line":37,"column":5}},"line":21},"2":{"name":"(anonymous_2)","decl":{"start":{"line":28,"column":19},"end":{"line":28,"column":20}},"loc":{"start":{"line":28,"column":30},"end":{"line":28,"column":45}},"line":28},"3":{"name":"(anonymous_3)","decl":{"start":{"line":32,"column":23},"end":{"line":32,"column":24}},"loc":{"start":{"line":32,"column":32},"end":{"line":32,"column":47}},"line":32},"4":{"name":"(anonymous_4)","decl":{"start":{"line":39,"column":4},"end":{"line":39,"column":5}},"loc":{"start":{"line":39,"column":49},"end":{"line":55,"column":5}},"line":39},"5":{"name":"(anonymous_5)","decl":{"start":{"line":53,"column":19},"end":{"line":53,"column":20}},"loc":{"start":{"line":53,"column":28},"end":{"line":53,"column":43}},"line":53},"6":{"name":"(anonymous_6)","decl":{"start":{"line":61,"column":4},"end":{"line":61,"column":5}},"loc":{"start":{"line":61,"column":36},"end":{"line":76,"column":5}},"line":61},"7":{"name":"(anonymous_7)","decl":{"start":{"line":68,"column":19},"end":{"line":68,"column":20}},"loc":{"start":{"line":68,"column":30},"end":{"line":68,"column":45}},"line":68},"8":{"name":"(anonymous_8)","decl":{"start":{"line":72,"column":23},"end":{"line":72,"column":24}},"loc":{"start":{"line":72,"column":32},"end":{"line":72,"column":47}},"line":72},"9":{"name":"(anonymous_9)","decl":{"start":{"line":82,"column":4},"end":{"line":82,"column":5}},"loc":{"start":{"line":82,"column":38},"end":{"line":96,"column":5}},"line":82},"10":{"name":"(anonymous_10)","decl":{"start":{"line":88,"column":19},"end":{"line":88,"column":20}},"loc":{"start":{"line":88,"column":30},"end":{"line":88,"column":45}},"line":88},"11":{"name":"(anonymous_11)","decl":{"start":{"line":92,"column":23},"end":{"line":92,"column":24}},"loc":{"start":{"line":92,"column":32},"end":{"line":92,"column":47}},"line":92},"12":{"name":"(anonymous_12)","decl":{"start":{"line":104,"column":4},"end":{"line":104,"column":5}},"loc":{"start":{"line":104,"column":31},"end":{"line":131,"column":5}},"line":104},"13":{"name":"(anonymous_13)","decl":{"start":{"line":117,"column":18},"end":{"line":117,"column":19}},"loc":{"start":{"line":117,"column":29},"end":{"line":117,"column":43}},"line":117},"14":{"name":"(anonymous_14)","decl":{"start":{"line":118,"column":19},"end":{"line":118,"column":20}},"loc":{"start":{"line":118,"column":30},"end":{"line":118,"column":45}},"line":118},"15":{"name":"(anonymous_15)","decl":{"start":{"line":126,"column":19},"end":{"line":126,"column":20}},"loc":{"start":{"line":126,"column":28},"end":{"line":126,"column":43}},"line":126},"16":{"name":"(anonymous_16)","decl":{"start":{"line":138,"column":4},"end":{"line":138,"column":5}},"loc":{"start":{"line":138,"column":36},"end":{"line":180,"column":5}},"line":138},"17":{"name":"(anonymous_17)","decl":{"start":{"line":165,"column":18},"end":{"line":165,"column":19}},"loc":{"start":{"line":165,"column":27},"end":{"line":165,"column":52}},"line":165},"18":{"name":"(anonymous_18)","decl":{"start":{"line":166,"column":19},"end":{"line":166,"column":20}},"loc":{"start":{"line":166,"column":28},"end":{"line":166,"column":43}},"line":166},"19":{"name":"(anonymous_19)","decl":{"start":{"line":171,"column":19},"end":{"line":171,"column":20}},"loc":{"start":{"line":171,"column":28},"end":{"line":171,"column":43}},"line":171},"20":{"name":"(anonymous_20)","decl":{"start":{"line":176,"column":23},"end":{"line":176,"column":24}},"loc":{"start":{"line":176,"column":32},"end":{"line":176,"column":47}},"line":176},"21":{"name":"(anonymous_21)","decl":{"start":{"line":188,"column":4},"end":{"line":188,"column":5}},"loc":{"start":{"line":188,"column":38},"end":{"line":229,"column":5}},"line":188},"22":{"name":"(anonymous_22)","decl":{"start":{"line":209,"column":19},"end":{"line":209,"column":20}},"loc":{"start":{"line":209,"column":28},"end":{"line":209,"column":43}},"line":209},"23":{"name":"(anonymous_23)","decl":{"start":{"line":220,"column":27},"end":{"line":220,"column":28}},"loc":{"start":{"line":220,"column":36},"end":{"line":220,"column":51}},"line":220},"24":{"name":"(anonymous_24)","decl":{"start":{"line":227,"column":23},"end":{"line":227,"column":24}},"loc":{"start":{"line":227,"column":32},"end":{"line":227,"column":47}},"line":227},"25":{"name":"(anonymous_25)","decl":{"start":{"line":237,"column":4},"end":{"line":237,"column":5}},"loc":{"start":{"line":237,"column":34},"end":{"line":251,"column":5}},"line":237},"26":{"name":"(anonymous_26)","decl":{"start":{"line":250,"column":19},"end":{"line":250,"column":20}},"loc":{"start":{"line":250,"column":30},"end":{"line":250,"column":45}},"line":250}},"branchMap":{"0":{"loc":{"start":{"line":24,"column":8},"end":{"line":25,"column":38}},"type":"if","locations":[{"start":{"line":24,"column":8},"end":{"line":25,"column":38}},{"start":{},"end":{}}],"line":24},"1":{"loc":{"start":{"line":42,"column":8},"end":{"line":49,"column":9}},"type":"if","locations":[{"start":{"line":42,"column":8},"end":{"line":49,"column":9}},{"start":{"line":46,"column":12},"end":{"line":49,"column":9}}],"line":42},"2":{"loc":{"start":{"line":64,"column":8},"end":{"line":65,"column":38}},"type":"if","locations":[{"start":{"line":64,"column":8},"end":{"line":65,"column":38}},{"start":{},"end":{}}],"line":64},"3":{"loc":{"start":{"line":85,"column":8},"end":{"line":86,"column":38}},"type":"if","locations":[{"start":{"line":85,"column":8},"end":{"line":86,"column":38}},{"start":{},"end":{}}],"line":85},"4":{"loc":{"start":{"line":107,"column":8},"end":{"line":108,"column":38}},"type":"if","locations":[{"start":{"line":107,"column":8},"end":{"line":108,"column":38}},{"start":{},"end":{}}],"line":107},"5":{"loc":{"start":{"line":111,"column":8},"end":{"line":112,"column":38}},"type":"if","locations":[{"start":{"line":111,"column":8},"end":{"line":112,"column":38}},{"start":{},"end":{}}],"line":111},"6":{"loc":{"start":{"line":111,"column":12},"end":{"line":111,"column":82}},"type":"binary-expr","locations":[{"start":{"line":111,"column":12},"end":{"line":111,"column":15}},{"start":{"line":111,"column":19},"end":{"line":111,"column":36}},{"start":{"line":111,"column":40},"end":{"line":111,"column":82}}],"line":111},"7":{"loc":{"start":{"line":122,"column":8},"end":{"line":123,"column":38}},"type":"if","locations":[{"start":{"line":122,"column":8},"end":{"line":123,"column":38}},{"start":{},"end":{}}],"line":122},"8":{"loc":{"start":{"line":141,"column":8},"end":{"line":142,"column":38}},"type":"if","locations":[{"start":{"line":141,"column":8},"end":{"line":142,"column":38}},{"start":{},"end":{}}],"line":141},"9":{"loc":{"start":{"line":149,"column":8},"end":{"line":152,"column":38}},"type":"if","locations":[{"start":{"line":149,"column":8},"end":{"line":152,"column":38}},{"start":{},"end":{}}],"line":149},"10":{"loc":{"start":{"line":149,"column":12},"end":{"line":151,"column":65}},"type":"binary-expr","locations":[{"start":{"line":149,"column":12},"end":{"line":149,"column":74}},{"start":{"line":150,"column":15},"end":{"line":150,"column":40}},{"start":{"line":151,"column":15},"end":{"line":151,"column":65}}],"line":149},"11":{"loc":{"start":{"line":193,"column":8},"end":{"line":194,"column":38}},"type":"if","locations":[{"start":{"line":193,"column":8},"end":{"line":194,"column":38}},{"start":{},"end":{}}],"line":193},"12":{"loc":{"start":{"line":197,"column":8},"end":{"line":200,"column":42}},"type":"if","locations":[{"start":{"line":197,"column":8},"end":{"line":200,"column":42}},{"start":{},"end":{}}],"line":197},"13":{"loc":{"start":{"line":197,"column":12},"end":{"line":199,"column":57}},"type":"binary-expr","locations":[{"start":{"line":197,"column":12},"end":{"line":197,"column":55}},{"start":{"line":198,"column":15},"end":{"line":198,"column":32}},{"start":{"line":199,"column":15},"end":{"line":199,"column":57}}],"line":197},"14":{"loc":{"start":{"line":203,"column":8},"end":{"line":205,"column":9}},"type":"if","locations":[{"start":{"line":203,"column":8},"end":{"line":205,"column":9}},{"start":{},"end":{}}],"line":203},"15":{"loc":{"start":{"line":211,"column":8},"end":{"line":223,"column":9}},"type":"if","locations":[{"start":{"line":211,"column":8},"end":{"line":223,"column":9}},{"start":{},"end":{}}],"line":211},"16":{"loc":{"start":{"line":214,"column":12},"end":{"line":215,"column":42}},"type":"if","locations":[{"start":{"line":214,"column":12},"end":{"line":215,"column":42}},{"start":{},"end":{}}],"line":214},"17":{"loc":{"start":{"line":240,"column":8},"end":{"line":241,"column":38}},"type":"if","locations":[{"start":{"line":240,"column":8},"end":{"line":241,"column":38}},{"start":{},"end":{}}],"line":240},"18":{"loc":{"start":{"line":244,"column":8},"end":{"line":247,"column":38}},"type":"if","locations":[{"start":{"line":244,"column":8},"end":{"line":247,"column":38}},{"start":{},"end":{}}],"line":244},"19":{"loc":{"start":{"line":244,"column":12},"end":{"line":246,"column":57}},"type":"binary-expr","locations":[{"start":{"line":244,"column":12},"end":{"line":244,"column":15}},{"start":{"line":245,"column":15},"end":{"line":245,"column":32}},{"start":{"line":246,"column":15},"end":{"line":246,"column":57}}],"line":244}},"s":{"0":10,"1":10,"2":10,"3":10,"4":5,"5":0,"6":5,"7":0,"8":5,"9":5,"10":5,"11":0,"12":5,"13":13,"14":12,"15":1,"16":13,"17":0,"18":13,"19":0,"20":0,"21":0,"22":0,"23":0,"24":0,"25":0,"26":0,"27":0,"28":0,"29":0,"30":0,"31":0,"32":0,"33":0,"34":0,"35":0,"36":0,"37":10,"38":0,"39":10,"40":0,"41":10,"42":10,"43":0,"44":10,"45":10,"46":3,"47":7,"48":0,"49":7,"50":3,"51":0,"52":3,"53":3,"54":3,"55":3,"56":1,"57":2,"58":2,"59":1,"60":1,"61":1,"62":1,"63":0,"64":1,"65":0,"66":1,"67":1,"68":1,"69":0,"70":0,"71":4,"72":4,"73":0,"74":4,"75":1,"76":3,"77":1,"78":2,"79":0,"80":2,"81":1,"82":1,"83":0,"84":1,"85":1,"86":1,"87":0,"88":0,"89":2,"90":2,"91":0,"92":2,"93":0,"94":2,"95":1,"96":1,"97":0,"98":10},"f":{"0":10,"1":5,"2":0,"3":0,"4":13,"5":0,"6":0,"7":0,"8":0,"9":0,"10":0,"11":0,"12":10,"13":10,"14":0,"15":0,"16":3,"17":1,"18":0,"19":0,"20":0,"21":4,"22":0,"23":0,"24":0,"25":2,"26":0},"b":{"0":[0,5],"1":[12,1],"2":[0,0],"3":[0,0],"4":[0,10],"5":[0,10],"6":[10,10,10],"7":[3,7],"8":[0,3],"9":[1,2],"10":[3,3,3],"11":[0,4],"12":[1,3],"13":[4,4,4],"14":[1,2],"15":[1,1],"16":[0,1],"17":[0,2],"18":[1,1],"19":[2,2,2]},"_coverageSchema":"1a1c01bbd47fc00a2c39e90264f33305004495a9","hash":"3cb8956b5460df52f5b11687816fc7f33850eccb"}
,"C:\\Users\\giovy\\OneDrive\\Documenti\\Giovanna\\Politecnico\\Magistrale\\Primo anno\\II semestre\\Software engineering\\Progetto\\EzWh\\code\\server\\modules\\logic\\itemController.js": {"path":"C:\\Users\\giovy\\OneDrive\\Documenti\\Giovanna\\Politecnico\\Magistrale\\Primo anno\\II semestre\\Software engineering\\Progetto\\EzWh\\code\\server\\modules\\logic\\itemController.js","statementMap":{"0":{"start":{"line":5,"column":19},"end":{"line":5,"column":54}},"1":{"start":{"line":6,"column":19},"end":{"line":6,"column":42}},"2":{"start":{"line":13,"column":8},"end":{"line":13,"column":38}},"3":{"start":{"line":14,"column":8},"end":{"line":14,"column":58}},"4":{"start":{"line":26,"column":8},"end":{"line":27,"column":38}},"5":{"start":{"line":27,"column":12},"end":{"line":27,"column":38}},"6":{"start":{"line":29,"column":19},"end":{"line":30,"column":44}},"7":{"start":{"line":30,"column":30},"end":{"line":30,"column":41}},"8":{"start":{"line":31,"column":8},"end":{"line":31,"column":20}},"9":{"start":{"line":45,"column":8},"end":{"line":46,"column":38}},"10":{"start":{"line":46,"column":12},"end":{"line":46,"column":38}},"11":{"start":{"line":49,"column":8},"end":{"line":51,"column":38}},"12":{"start":{"line":51,"column":12},"end":{"line":51,"column":38}},"13":{"start":{"line":54,"column":8},"end":{"line":56,"column":45}},"14":{"start":{"line":55,"column":27},"end":{"line":55,"column":41}},"15":{"start":{"line":56,"column":30},"end":{"line":56,"column":41}},"16":{"start":{"line":59,"column":8},"end":{"line":60,"column":37}},"17":{"start":{"line":60,"column":12},"end":{"line":60,"column":37}},"18":{"start":{"line":62,"column":8},"end":{"line":62,"column":19}},"19":{"start":{"line":75,"column":8},"end":{"line":76,"column":38}},"20":{"start":{"line":76,"column":12},"end":{"line":76,"column":38}},"21":{"start":{"line":78,"column":19},"end":{"line":78,"column":29}},"22":{"start":{"line":79,"column":28},"end":{"line":79,"column":47}},"23":{"start":{"line":80,"column":22},"end":{"line":80,"column":35}},"24":{"start":{"line":81,"column":22},"end":{"line":81,"column":35}},"25":{"start":{"line":82,"column":27},"end":{"line":82,"column":45}},"26":{"start":{"line":86,"column":8},"end":{"line":89,"column":38}},"27":{"start":{"line":89,"column":12},"end":{"line":89,"column":38}},"28":{"start":{"line":93,"column":8},"end":{"line":95,"column":45}},"29":{"start":{"line":94,"column":27},"end":{"line":94,"column":42}},"30":{"start":{"line":95,"column":30},"end":{"line":95,"column":41}},"31":{"start":{"line":96,"column":8},"end":{"line":98,"column":9}},"32":{"start":{"line":97,"column":12},"end":{"line":97,"column":38}},"33":{"start":{"line":101,"column":8},"end":{"line":103,"column":105}},"34":{"start":{"line":102,"column":27},"end":{"line":102,"column":42}},"35":{"start":{"line":103,"column":30},"end":{"line":103,"column":102}},"36":{"start":{"line":103,"column":59},"end":{"line":103,"column":85}},"37":{"start":{"line":103,"column":91},"end":{"line":103,"column":102}},"38":{"start":{"line":104,"column":8},"end":{"line":106,"column":9}},"39":{"start":{"line":105,"column":12},"end":{"line":105,"column":38}},"40":{"start":{"line":110,"column":8},"end":{"line":111,"column":105}},"41":{"start":{"line":111,"column":30},"end":{"line":111,"column":102}},"42":{"start":{"line":111,"column":59},"end":{"line":111,"column":85}},"43":{"start":{"line":111,"column":91},"end":{"line":111,"column":102}},"44":{"start":{"line":114,"column":8},"end":{"line":116,"column":45}},"45":{"start":{"line":116,"column":30},"end":{"line":116,"column":41}},"46":{"start":{"line":129,"column":8},"end":{"line":130,"column":38}},"47":{"start":{"line":130,"column":12},"end":{"line":130,"column":38}},"48":{"start":{"line":132,"column":31},"end":{"line":132,"column":53}},"49":{"start":{"line":133,"column":25},"end":{"line":133,"column":41}},"50":{"start":{"line":136,"column":8},"end":{"line":139,"column":38}},"51":{"start":{"line":139,"column":12},"end":{"line":139,"column":38}},"52":{"start":{"line":141,"column":8},"end":{"line":142,"column":105}},"53":{"start":{"line":142,"column":30},"end":{"line":142,"column":102}},"54":{"start":{"line":142,"column":59},"end":{"line":142,"column":85}},"55":{"start":{"line":142,"column":91},"end":{"line":142,"column":102}},"56":{"start":{"line":144,"column":8},"end":{"line":145,"column":45}},"57":{"start":{"line":145,"column":30},"end":{"line":145,"column":41}},"58":{"start":{"line":157,"column":8},"end":{"line":158,"column":38}},"59":{"start":{"line":158,"column":12},"end":{"line":158,"column":38}},"60":{"start":{"line":161,"column":8},"end":{"line":163,"column":38}},"61":{"start":{"line":163,"column":12},"end":{"line":163,"column":38}},"62":{"start":{"line":165,"column":8},"end":{"line":166,"column":47}},"63":{"start":{"line":166,"column":32},"end":{"line":166,"column":43}},"64":{"start":{"line":172,"column":0},"end":{"line":172,"column":32}}},"fnMap":{"0":{"name":"(anonymous_0)","decl":{"start":{"line":12,"column":4},"end":{"line":12,"column":5}},"loc":{"start":{"line":12,"column":28},"end":{"line":16,"column":5}},"line":12},"1":{"name":"(anonymous_1)","decl":{"start":{"line":23,"column":4},"end":{"line":23,"column":5}},"loc":{"start":{"line":23,"column":24},"end":{"line":34,"column":5}},"line":23},"2":{"name":"(anonymous_2)","decl":{"start":{"line":30,"column":19},"end":{"line":30,"column":20}},"loc":{"start":{"line":30,"column":28},"end":{"line":30,"column":43}},"line":30},"3":{"name":"(anonymous_3)","decl":{"start":{"line":42,"column":4},"end":{"line":42,"column":5}},"loc":{"start":{"line":42,"column":22},"end":{"line":64,"column":5}},"line":42},"4":{"name":"(anonymous_4)","decl":{"start":{"line":55,"column":18},"end":{"line":55,"column":19}},"loc":{"start":{"line":55,"column":27},"end":{"line":55,"column":41}},"line":55},"5":{"name":"(anonymous_5)","decl":{"start":{"line":56,"column":19},"end":{"line":56,"column":20}},"loc":{"start":{"line":56,"column":28},"end":{"line":56,"column":43}},"line":56},"6":{"name":"(anonymous_6)","decl":{"start":{"line":72,"column":4},"end":{"line":72,"column":5}},"loc":{"start":{"line":72,"column":27},"end":{"line":118,"column":5}},"line":72},"7":{"name":"(anonymous_7)","decl":{"start":{"line":94,"column":18},"end":{"line":94,"column":19}},"loc":{"start":{"line":94,"column":27},"end":{"line":94,"column":42}},"line":94},"8":{"name":"(anonymous_8)","decl":{"start":{"line":95,"column":19},"end":{"line":95,"column":20}},"loc":{"start":{"line":95,"column":28},"end":{"line":95,"column":43}},"line":95},"9":{"name":"(anonymous_9)","decl":{"start":{"line":102,"column":18},"end":{"line":102,"column":19}},"loc":{"start":{"line":102,"column":27},"end":{"line":102,"column":42}},"line":102},"10":{"name":"(anonymous_10)","decl":{"start":{"line":103,"column":19},"end":{"line":103,"column":20}},"loc":{"start":{"line":103,"column":28},"end":{"line":103,"column":104}},"line":103},"11":{"name":"(anonymous_11)","decl":{"start":{"line":111,"column":19},"end":{"line":111,"column":20}},"loc":{"start":{"line":111,"column":28},"end":{"line":111,"column":104}},"line":111},"12":{"name":"(anonymous_12)","decl":{"start":{"line":116,"column":19},"end":{"line":116,"column":20}},"loc":{"start":{"line":116,"column":28},"end":{"line":116,"column":43}},"line":116},"13":{"name":"(anonymous_13)","decl":{"start":{"line":126,"column":4},"end":{"line":126,"column":5}},"loc":{"start":{"line":126,"column":29},"end":{"line":147,"column":5}},"line":126},"14":{"name":"(anonymous_14)","decl":{"start":{"line":142,"column":19},"end":{"line":142,"column":20}},"loc":{"start":{"line":142,"column":28},"end":{"line":142,"column":104}},"line":142},"15":{"name":"(anonymous_15)","decl":{"start":{"line":145,"column":19},"end":{"line":145,"column":20}},"loc":{"start":{"line":145,"column":28},"end":{"line":145,"column":43}},"line":145},"16":{"name":"(anonymous_16)","decl":{"start":{"line":154,"column":4},"end":{"line":154,"column":5}},"loc":{"start":{"line":154,"column":25},"end":{"line":167,"column":5}},"line":154},"17":{"name":"(anonymous_17)","decl":{"start":{"line":166,"column":19},"end":{"line":166,"column":20}},"loc":{"start":{"line":166,"column":30},"end":{"line":166,"column":45}},"line":166}},"branchMap":{"0":{"loc":{"start":{"line":26,"column":8},"end":{"line":27,"column":38}},"type":"if","locations":[{"start":{"line":26,"column":8},"end":{"line":27,"column":38}},{"start":{},"end":{}}],"line":26},"1":{"loc":{"start":{"line":45,"column":8},"end":{"line":46,"column":38}},"type":"if","locations":[{"start":{"line":45,"column":8},"end":{"line":46,"column":38}},{"start":{},"end":{}}],"line":45},"2":{"loc":{"start":{"line":49,"column":8},"end":{"line":51,"column":38}},"type":"if","locations":[{"start":{"line":49,"column":8},"end":{"line":51,"column":38}},{"start":{},"end":{}}],"line":49},"3":{"loc":{"start":{"line":49,"column":12},"end":{"line":50,"column":57}},"type":"binary-expr","locations":[{"start":{"line":49,"column":12},"end":{"line":49,"column":15}},{"start":{"line":49,"column":19},"end":{"line":49,"column":36}},{"start":{"line":50,"column":15},"end":{"line":50,"column":57}}],"line":49},"4":{"loc":{"start":{"line":59,"column":8},"end":{"line":60,"column":37}},"type":"if","locations":[{"start":{"line":59,"column":8},"end":{"line":60,"column":37}},{"start":{},"end":{}}],"line":59},"5":{"loc":{"start":{"line":75,"column":8},"end":{"line":76,"column":38}},"type":"if","locations":[{"start":{"line":75,"column":8},"end":{"line":76,"column":38}},{"start":{},"end":{}}],"line":75},"6":{"loc":{"start":{"line":86,"column":8},"end":{"line":89,"column":38}},"type":"if","locations":[{"start":{"line":86,"column":8},"end":{"line":89,"column":38}},{"start":{},"end":{}}],"line":86},"7":{"loc":{"start":{"line":86,"column":12},"end":{"line":88,"column":83}},"type":"binary-expr","locations":[{"start":{"line":86,"column":12},"end":{"line":86,"column":84}},{"start":{"line":87,"column":15},"end":{"line":87,"column":75}},{"start":{"line":88,"column":15},"end":{"line":88,"column":83}}],"line":86},"8":{"loc":{"start":{"line":96,"column":8},"end":{"line":98,"column":9}},"type":"if","locations":[{"start":{"line":96,"column":8},"end":{"line":98,"column":9}},{"start":{},"end":{}}],"line":96},"9":{"loc":{"start":{"line":103,"column":30},"end":{"line":103,"column":102}},"type":"if","locations":[{"start":{"line":103,"column":30},"end":{"line":103,"column":102}},{"start":{"line":103,"column":91},"end":{"line":103,"column":102}}],"line":103},"10":{"loc":{"start":{"line":104,"column":8},"end":{"line":106,"column":9}},"type":"if","locations":[{"start":{"line":104,"column":8},"end":{"line":106,"column":9}},{"start":{},"end":{}}],"line":104},"11":{"loc":{"start":{"line":111,"column":30},"end":{"line":111,"column":102}},"type":"if","locations":[{"start":{"line":111,"column":30},"end":{"line":111,"column":102}},{"start":{"line":111,"column":91},"end":{"line":111,"column":102}}],"line":111},"12":{"loc":{"start":{"line":129,"column":8},"end":{"line":130,"column":38}},"type":"if","locations":[{"start":{"line":129,"column":8},"end":{"line":130,"column":38}},{"start":{},"end":{}}],"line":129},"13":{"loc":{"start":{"line":136,"column":8},"end":{"line":139,"column":38}},"type":"if","locations":[{"start":{"line":136,"column":8},"end":{"line":139,"column":38}},{"start":{},"end":{}}],"line":136},"14":{"loc":{"start":{"line":136,"column":12},"end":{"line":138,"column":63}},"type":"binary-expr","locations":[{"start":{"line":136,"column":12},"end":{"line":136,"column":67}},{"start":{"line":137,"column":15},"end":{"line":137,"column":38}},{"start":{"line":138,"column":15},"end":{"line":138,"column":63}}],"line":136},"15":{"loc":{"start":{"line":142,"column":30},"end":{"line":142,"column":102}},"type":"if","locations":[{"start":{"line":142,"column":30},"end":{"line":142,"column":102}},{"start":{"line":142,"column":91},"end":{"line":142,"column":102}}],"line":142},"16":{"loc":{"start":{"line":157,"column":8},"end":{"line":158,"column":38}},"type":"if","locations":[{"start":{"line":157,"column":8},"end":{"line":158,"column":38}},{"start":{},"end":{}}],"line":157},"17":{"loc":{"start":{"line":161,"column":8},"end":{"line":163,"column":38}},"type":"if","locations":[{"start":{"line":161,"column":8},"end":{"line":163,"column":38}},{"start":{},"end":{}}],"line":161},"18":{"loc":{"start":{"line":161,"column":12},"end":{"line":162,"column":57}},"type":"binary-expr","locations":[{"start":{"line":161,"column":12},"end":{"line":161,"column":29}},{"start":{"line":161,"column":33},"end":{"line":161,"column":36}},{"start":{"line":162,"column":15},"end":{"line":162,"column":57}}],"line":161}},"s":{"0":10,"1":10,"2":10,"3":10,"4":1,"5":0,"6":1,"7":0,"8":1,"9":10,"10":0,"11":10,"12":2,"13":8,"14":8,"15":0,"16":8,"17":3,"18":5,"19":11,"20":0,"21":11,"22":11,"23":11,"24":11,"25":11,"26":11,"27":3,"28":8,"29":8,"30":0,"31":8,"32":1,"33":7,"34":7,"35":0,"36":0,"37":0,"38":7,"39":0,"40":7,"41":1,"42":0,"43":1,"44":6,"45":0,"46":5,"47":0,"48":5,"49":5,"50":5,"51":3,"52":2,"53":1,"54":0,"55":1,"56":1,"57":0,"58":3,"59":0,"60":3,"61":2,"62":1,"63":0,"64":10},"f":{"0":10,"1":1,"2":0,"3":10,"4":8,"5":0,"6":11,"7":8,"8":0,"9":7,"10":0,"11":1,"12":0,"13":5,"14":1,"15":0,"16":3,"17":0},"b":{"0":[0,1],"1":[0,10],"2":[2,8],"3":[10,9,8],"4":[3,5],"5":[0,11],"6":[3,8],"7":[11,10,9],"8":[1,7],"9":[0,0],"10":[0,7],"11":[0,1],"12":[0,5],"13":[3,2],"14":[5,4,3],"15":[0,1],"16":[0,3],"17":[2,1],"18":[3,1,1]},"_coverageSchema":"1a1c01bbd47fc00a2c39e90264f33305004495a9","hash":"9ffd5763ad7056221b529b433800fc8945e12431"}
,"C:\\Users\\giovy\\OneDrive\\Documenti\\Giovanna\\Politecnico\\Magistrale\\Primo anno\\II semestre\\Software engineering\\Progetto\\EzWh\\code\\server\\modules\\logic\\positionController.js": {"path":"C:\\Users\\giovy\\OneDrive\\Documenti\\Giovanna\\Politecnico\\Magistrale\\Primo anno\\II semestre\\Software engineering\\Progetto\\EzWh\\code\\server\\modules\\logic\\positionController.js","statementMap":{"0":{"start":{"line":2,"column":19},"end":{"line":2,"column":54}},"1":{"start":{"line":3,"column":19},"end":{"line":3,"column":42}},"2":{"start":{"line":10,"column":8},"end":{"line":10,"column":38}},"3":{"start":{"line":11,"column":8},"end":{"line":11,"column":58}},"4":{"start":{"line":16,"column":23},"end":{"line":18,"column":66}},"5":{"start":{"line":19,"column":8},"end":{"line":19,"column":47}},"6":{"start":{"line":20,"column":8},"end":{"line":20,"column":21}},"7":{"start":{"line":30,"column":8},"end":{"line":31,"column":37}},"8":{"start":{"line":31,"column":12},"end":{"line":31,"column":37}},"9":{"start":{"line":33,"column":31},"end":{"line":33,"column":55}},"10":{"start":{"line":34,"column":19},"end":{"line":35,"column":44}},"11":{"start":{"line":35,"column":30},"end":{"line":35,"column":41}},"12":{"start":{"line":36,"column":8},"end":{"line":36,"column":20}},"13":{"start":{"line":47,"column":8},"end":{"line":48,"column":38}},"14":{"start":{"line":48,"column":12},"end":{"line":48,"column":38}},"15":{"start":{"line":50,"column":27},"end":{"line":50,"column":45}},"16":{"start":{"line":51,"column":24},"end":{"line":51,"column":39}},"17":{"start":{"line":52,"column":20},"end":{"line":52,"column":31}},"18":{"start":{"line":53,"column":20},"end":{"line":53,"column":31}},"19":{"start":{"line":54,"column":26},"end":{"line":54,"column":43}},"20":{"start":{"line":55,"column":26},"end":{"line":55,"column":43}},"21":{"start":{"line":56,"column":31},"end":{"line":56,"column":83}},"22":{"start":{"line":57,"column":31},"end":{"line":57,"column":83}},"23":{"start":{"line":61,"column":8},"end":{"line":68,"column":38}},"24":{"start":{"line":68,"column":12},"end":{"line":68,"column":38}},"25":{"start":{"line":70,"column":21},"end":{"line":71,"column":42}},"26":{"start":{"line":71,"column":29},"end":{"line":71,"column":40}},"27":{"start":{"line":73,"column":8},"end":{"line":73,"column":44}},"28":{"start":{"line":75,"column":8},"end":{"line":77,"column":9}},"29":{"start":{"line":76,"column":12},"end":{"line":76,"column":38}},"30":{"start":{"line":80,"column":31},"end":{"line":80,"column":165}},"31":{"start":{"line":82,"column":8},"end":{"line":83,"column":45}},"32":{"start":{"line":83,"column":30},"end":{"line":83,"column":41}},"33":{"start":{"line":94,"column":8},"end":{"line":95,"column":38}},"34":{"start":{"line":95,"column":12},"end":{"line":95,"column":38}},"35":{"start":{"line":97,"column":27},"end":{"line":97,"column":45}},"36":{"start":{"line":98,"column":23},"end":{"line":98,"column":37}},"37":{"start":{"line":99,"column":23},"end":{"line":99,"column":37}},"38":{"start":{"line":100,"column":29},"end":{"line":100,"column":49}},"39":{"start":{"line":101,"column":29},"end":{"line":101,"column":49}},"40":{"start":{"line":102,"column":34},"end":{"line":102,"column":59}},"41":{"start":{"line":103,"column":34},"end":{"line":103,"column":59}},"42":{"start":{"line":106,"column":8},"end":{"line":114,"column":13}},"43":{"start":{"line":113,"column":16},"end":{"line":113,"column":42}},"44":{"start":{"line":118,"column":30},"end":{"line":118,"column":68}},"45":{"start":{"line":120,"column":8},"end":{"line":120,"column":109}},"46":{"start":{"line":120,"column":91},"end":{"line":120,"column":106}},"47":{"start":{"line":122,"column":8},"end":{"line":124,"column":9}},"48":{"start":{"line":123,"column":12},"end":{"line":123,"column":38}},"49":{"start":{"line":127,"column":24},"end":{"line":128,"column":107}},"50":{"start":{"line":128,"column":32},"end":{"line":128,"column":104}},"51":{"start":{"line":128,"column":61},"end":{"line":128,"column":87}},"52":{"start":{"line":128,"column":93},"end":{"line":128,"column":104}},"53":{"start":{"line":130,"column":28},"end":{"line":130,"column":72}},"54":{"start":{"line":130,"column":49},"end":{"line":130,"column":71}},"55":{"start":{"line":131,"column":8},"end":{"line":131,"column":33}},"56":{"start":{"line":133,"column":8},"end":{"line":134,"column":38}},"57":{"start":{"line":134,"column":12},"end":{"line":134,"column":38}},"58":{"start":{"line":136,"column":8},"end":{"line":137,"column":45}},"59":{"start":{"line":137,"column":30},"end":{"line":137,"column":41}},"60":{"start":{"line":142,"column":8},"end":{"line":151,"column":9}},"61":{"start":{"line":153,"column":8},"end":{"line":154,"column":44}},"62":{"start":{"line":154,"column":30},"end":{"line":154,"column":41}},"63":{"start":{"line":166,"column":8},"end":{"line":167,"column":38}},"64":{"start":{"line":167,"column":12},"end":{"line":167,"column":38}},"65":{"start":{"line":169,"column":30},"end":{"line":169,"column":51}},"66":{"start":{"line":170,"column":8},"end":{"line":170,"column":26}},"67":{"start":{"line":171,"column":8},"end":{"line":171,"column":49}},"68":{"start":{"line":173,"column":8},"end":{"line":175,"column":38}},"69":{"start":{"line":175,"column":12},"end":{"line":175,"column":38}},"70":{"start":{"line":178,"column":24},"end":{"line":179,"column":106}},"71":{"start":{"line":179,"column":32},"end":{"line":179,"column":103}},"72":{"start":{"line":179,"column":60},"end":{"line":179,"column":86}},"73":{"start":{"line":179,"column":92},"end":{"line":179,"column":103}},"74":{"start":{"line":181,"column":28},"end":{"line":181,"column":72}},"75":{"start":{"line":181,"column":49},"end":{"line":181,"column":71}},"76":{"start":{"line":182,"column":8},"end":{"line":183,"column":38}},"77":{"start":{"line":183,"column":12},"end":{"line":183,"column":38}},"78":{"start":{"line":186,"column":23},"end":{"line":187,"column":49}},"79":{"start":{"line":187,"column":21},"end":{"line":187,"column":45}},"80":{"start":{"line":189,"column":8},"end":{"line":190,"column":45}},"81":{"start":{"line":190,"column":30},"end":{"line":190,"column":41}},"82":{"start":{"line":192,"column":8},"end":{"line":192,"column":43}},"83":{"start":{"line":193,"column":8},"end":{"line":193,"column":64}},"84":{"start":{"line":194,"column":8},"end":{"line":194,"column":60}},"85":{"start":{"line":195,"column":8},"end":{"line":195,"column":61}},"86":{"start":{"line":197,"column":8},"end":{"line":198,"column":45}},"87":{"start":{"line":198,"column":30},"end":{"line":198,"column":41}},"88":{"start":{"line":209,"column":8},"end":{"line":210,"column":38}},"89":{"start":{"line":210,"column":12},"end":{"line":210,"column":38}},"90":{"start":{"line":212,"column":8},"end":{"line":213,"column":38}},"91":{"start":{"line":213,"column":12},"end":{"line":213,"column":38}},"92":{"start":{"line":215,"column":8},"end":{"line":217,"column":61}},"93":{"start":{"line":217,"column":32},"end":{"line":217,"column":57}},"94":{"start":{"line":224,"column":22},"end":{"line":224,"column":67}},"95":{"start":{"line":227,"column":8},"end":{"line":228,"column":65}},"96":{"start":{"line":228,"column":44},"end":{"line":228,"column":63}},"97":{"start":{"line":234,"column":8},"end":{"line":236,"column":10}},"98":{"start":{"line":235,"column":12},"end":{"line":235,"column":67}},"99":{"start":{"line":243,"column":0},"end":{"line":243,"column":36}}},"fnMap":{"0":{"name":"(anonymous_0)","decl":{"start":{"line":9,"column":4},"end":{"line":9,"column":5}},"loc":{"start":{"line":9,"column":28},"end":{"line":13,"column":5}},"line":9},"1":{"name":"(anonymous_1)","decl":{"start":{"line":15,"column":4},"end":{"line":15,"column":5}},"loc":{"start":{"line":15,"column":51},"end":{"line":21,"column":5}},"line":15},"2":{"name":"(anonymous_2)","decl":{"start":{"line":27,"column":4},"end":{"line":27,"column":5}},"loc":{"start":{"line":27,"column":28},"end":{"line":37,"column":5}},"line":27},"3":{"name":"(anonymous_3)","decl":{"start":{"line":35,"column":19},"end":{"line":35,"column":20}},"loc":{"start":{"line":35,"column":28},"end":{"line":35,"column":43}},"line":35},"4":{"name":"(anonymous_4)","decl":{"start":{"line":44,"column":4},"end":{"line":44,"column":5}},"loc":{"start":{"line":44,"column":31},"end":{"line":84,"column":5}},"line":44},"5":{"name":"(anonymous_5)","decl":{"start":{"line":71,"column":19},"end":{"line":71,"column":20}},"loc":{"start":{"line":71,"column":28},"end":{"line":71,"column":41}},"line":71},"6":{"name":"(anonymous_6)","decl":{"start":{"line":83,"column":19},"end":{"line":83,"column":20}},"loc":{"start":{"line":83,"column":28},"end":{"line":83,"column":43}},"line":83},"7":{"name":"(anonymous_7)","decl":{"start":{"line":92,"column":4},"end":{"line":92,"column":5}},"loc":{"start":{"line":92,"column":37},"end":{"line":156,"column":5}},"line":92},"8":{"name":"(anonymous_8)","decl":{"start":{"line":120,"column":79},"end":{"line":120,"column":80}},"loc":{"start":{"line":120,"column":91},"end":{"line":120,"column":106}},"line":120},"9":{"name":"(anonymous_9)","decl":{"start":{"line":128,"column":19},"end":{"line":128,"column":20}},"loc":{"start":{"line":128,"column":30},"end":{"line":128,"column":106}},"line":128},"10":{"name":"(anonymous_10)","decl":{"start":{"line":130,"column":42},"end":{"line":130,"column":43}},"loc":{"start":{"line":130,"column":49},"end":{"line":130,"column":71}},"line":130},"11":{"name":"(anonymous_11)","decl":{"start":{"line":137,"column":19},"end":{"line":137,"column":20}},"loc":{"start":{"line":137,"column":28},"end":{"line":137,"column":43}},"line":137},"12":{"name":"(anonymous_12)","decl":{"start":{"line":154,"column":19},"end":{"line":154,"column":20}},"loc":{"start":{"line":154,"column":28},"end":{"line":154,"column":43}},"line":154},"13":{"name":"(anonymous_13)","decl":{"start":{"line":164,"column":4},"end":{"line":164,"column":5}},"loc":{"start":{"line":164,"column":40},"end":{"line":200,"column":5}},"line":164},"14":{"name":"(anonymous_14)","decl":{"start":{"line":179,"column":19},"end":{"line":179,"column":20}},"loc":{"start":{"line":179,"column":30},"end":{"line":179,"column":105}},"line":179},"15":{"name":"(anonymous_15)","decl":{"start":{"line":181,"column":42},"end":{"line":181,"column":43}},"loc":{"start":{"line":181,"column":49},"end":{"line":181,"column":71}},"line":181},"16":{"name":"(anonymous_16)","decl":{"start":{"line":187,"column":12},"end":{"line":187,"column":13}},"loc":{"start":{"line":187,"column":21},"end":{"line":187,"column":45}},"line":187},"17":{"name":"(anonymous_17)","decl":{"start":{"line":190,"column":19},"end":{"line":190,"column":20}},"loc":{"start":{"line":190,"column":28},"end":{"line":190,"column":43}},"line":190},"18":{"name":"(anonymous_18)","decl":{"start":{"line":198,"column":19},"end":{"line":198,"column":20}},"loc":{"start":{"line":198,"column":28},"end":{"line":198,"column":43}},"line":198},"19":{"name":"(anonymous_19)","decl":{"start":{"line":207,"column":4},"end":{"line":207,"column":5}},"loc":{"start":{"line":207,"column":29},"end":{"line":219,"column":5}},"line":207},"20":{"name":"(anonymous_20)","decl":{"start":{"line":217,"column":19},"end":{"line":217,"column":20}},"loc":{"start":{"line":217,"column":30},"end":{"line":217,"column":59}},"line":217},"21":{"name":"(anonymous_21)","decl":{"start":{"line":223,"column":4},"end":{"line":223,"column":5}},"loc":{"start":{"line":223,"column":36},"end":{"line":237,"column":5}},"line":223},"22":{"name":"(anonymous_22)","decl":{"start":{"line":228,"column":35},"end":{"line":228,"column":36}},"loc":{"start":{"line":228,"column":44},"end":{"line":228,"column":63}},"line":228},"23":{"name":"(anonymous_23)","decl":{"start":{"line":234,"column":27},"end":{"line":234,"column":28}},"loc":{"start":{"line":234,"column":40},"end":{"line":236,"column":9}},"line":234}},"branchMap":{"0":{"loc":{"start":{"line":16,"column":23},"end":{"line":18,"column":66}},"type":"binary-expr","locations":[{"start":{"line":16,"column":23},"end":{"line":16,"column":77}},{"start":{"line":17,"column":15},"end":{"line":17,"column":65}},{"start":{"line":18,"column":15},"end":{"line":18,"column":66}}],"line":16},"1":{"loc":{"start":{"line":30,"column":8},"end":{"line":31,"column":37}},"type":"if","locations":[{"start":{"line":30,"column":8},"end":{"line":31,"column":37}},{"start":{},"end":{}}],"line":30},"2":{"loc":{"start":{"line":47,"column":8},"end":{"line":48,"column":38}},"type":"if","locations":[{"start":{"line":47,"column":8},"end":{"line":48,"column":38}},{"start":{},"end":{}}],"line":47},"3":{"loc":{"start":{"line":56,"column":31},"end":{"line":56,"column":83}},"type":"cond-expr","locations":[{"start":{"line":56,"column":57},"end":{"line":56,"column":58}},{"start":{"line":56,"column":61},"end":{"line":56,"column":83}}],"line":56},"4":{"loc":{"start":{"line":57,"column":31},"end":{"line":57,"column":83}},"type":"cond-expr","locations":[{"start":{"line":57,"column":57},"end":{"line":57,"column":58}},{"start":{"line":57,"column":61},"end":{"line":57,"column":83}}],"line":57},"5":{"loc":{"start":{"line":61,"column":8},"end":{"line":68,"column":38}},"type":"if","locations":[{"start":{"line":61,"column":8},"end":{"line":68,"column":38}},{"start":{},"end":{}}],"line":61},"6":{"loc":{"start":{"line":61,"column":12},"end":{"line":67,"column":67}},"type":"binary-expr","locations":[{"start":{"line":61,"column":12},"end":{"line":61,"column":94}},{"start":{"line":62,"column":12},"end":{"line":62,"column":127}},{"start":{"line":63,"column":15},"end":{"line":63,"column":106}},{"start":{"line":64,"column":15},"end":{"line":64,"column":33}},{"start":{"line":64,"column":37},"end":{"line":64,"column":55}},{"start":{"line":65,"column":14},"end":{"line":65,"column":46}},{"start":{"line":65,"column":50},"end":{"line":65,"column":78}},{"start":{"line":66,"column":15},"end":{"line":66,"column":39}},{"start":{"line":66,"column":43},"end":{"line":66,"column":67}},{"start":{"line":67,"column":15},"end":{"line":67,"column":67}}],"line":61},"7":{"loc":{"start":{"line":75,"column":8},"end":{"line":77,"column":9}},"type":"if","locations":[{"start":{"line":75,"column":8},"end":{"line":77,"column":9}},{"start":{},"end":{}}],"line":75},"8":{"loc":{"start":{"line":94,"column":8},"end":{"line":95,"column":38}},"type":"if","locations":[{"start":{"line":94,"column":8},"end":{"line":95,"column":38}},{"start":{},"end":{}}],"line":94},"9":{"loc":{"start":{"line":106,"column":8},"end":{"line":114,"column":13}},"type":"if","locations":[{"start":{"line":106,"column":8},"end":{"line":114,"column":13}},{"start":{},"end":{}}],"line":106},"10":{"loc":{"start":{"line":106,"column":12},"end":{"line":111,"column":73}},"type":"binary-expr","locations":[{"start":{"line":106,"column":12},"end":{"line":106,"column":139}},{"start":{"line":107,"column":12},"end":{"line":107,"column":108}},{"start":{"line":108,"column":15},"end":{"line":108,"column":81}},{"start":{"line":109,"column":15},"end":{"line":109,"column":36}},{"start":{"line":109,"column":40},"end":{"line":109,"column":60}},{"start":{"line":110,"column":15},"end":{"line":110,"column":39}},{"start":{"line":110,"column":43},"end":{"line":110,"column":74}},{"start":{"line":111,"column":15},"end":{"line":111,"column":42}},{"start":{"line":111,"column":46},"end":{"line":111,"column":73}}],"line":106},"11":{"loc":{"start":{"line":122,"column":8},"end":{"line":124,"column":9}},"type":"if","locations":[{"start":{"line":122,"column":8},"end":{"line":124,"column":9}},{"start":{},"end":{}}],"line":122},"12":{"loc":{"start":{"line":122,"column":11},"end":{"line":122,"column":42}},"type":"binary-expr","locations":[{"start":{"line":122,"column":11},"end":{"line":122,"column":17}},{"start":{"line":122,"column":22},"end":{"line":122,"column":41}}],"line":122},"13":{"loc":{"start":{"line":128,"column":32},"end":{"line":128,"column":104}},"type":"if","locations":[{"start":{"line":128,"column":32},"end":{"line":128,"column":104}},{"start":{"line":128,"column":93},"end":{"line":128,"column":104}}],"line":128},"14":{"loc":{"start":{"line":133,"column":8},"end":{"line":134,"column":38}},"type":"if","locations":[{"start":{"line":133,"column":8},"end":{"line":134,"column":38}},{"start":{},"end":{}}],"line":133},"15":{"loc":{"start":{"line":166,"column":8},"end":{"line":167,"column":38}},"type":"if","locations":[{"start":{"line":166,"column":8},"end":{"line":167,"column":38}},{"start":{},"end":{}}],"line":166},"16":{"loc":{"start":{"line":173,"column":8},"end":{"line":175,"column":38}},"type":"if","locations":[{"start":{"line":173,"column":8},"end":{"line":175,"column":38}},{"start":{},"end":{}}],"line":173},"17":{"loc":{"start":{"line":173,"column":12},"end":{"line":174,"column":81}},"type":"binary-expr","locations":[{"start":{"line":173,"column":12},"end":{"line":173,"column":63}},{"start":{"line":174,"column":15},"end":{"line":174,"column":42}},{"start":{"line":174,"column":46},"end":{"line":174,"column":81}}],"line":173},"18":{"loc":{"start":{"line":179,"column":32},"end":{"line":179,"column":103}},"type":"if","locations":[{"start":{"line":179,"column":32},"end":{"line":179,"column":103}},{"start":{"line":179,"column":92},"end":{"line":179,"column":103}}],"line":179},"19":{"loc":{"start":{"line":182,"column":8},"end":{"line":183,"column":38}},"type":"if","locations":[{"start":{"line":182,"column":8},"end":{"line":183,"column":38}},{"start":{},"end":{}}],"line":182},"20":{"loc":{"start":{"line":209,"column":8},"end":{"line":210,"column":38}},"type":"if","locations":[{"start":{"line":209,"column":8},"end":{"line":210,"column":38}},{"start":{},"end":{}}],"line":209},"21":{"loc":{"start":{"line":212,"column":8},"end":{"line":213,"column":38}},"type":"if","locations":[{"start":{"line":212,"column":8},"end":{"line":213,"column":38}},{"start":{},"end":{}}],"line":212},"22":{"loc":{"start":{"line":212,"column":12},"end":{"line":212,"column":73}},"type":"binary-expr","locations":[{"start":{"line":212,"column":12},"end":{"line":212,"column":45}},{"start":{"line":212,"column":49},"end":{"line":212,"column":73}}],"line":212},"23":{"loc":{"start":{"line":235,"column":12},"end":{"line":235,"column":67}},"type":"cond-expr","locations":[{"start":{"line":235,"column":37},"end":{"line":235,"column":50}},{"start":{"line":235,"column":53},"end":{"line":235,"column":67}}],"line":235}},"s":{"0":10,"1":10,"2":10,"3":10,"4":13,"5":13,"6":13,"7":10,"8":0,"9":10,"10":10,"11":0,"12":10,"13":11,"14":0,"15":11,"16"
[...]
umn":8},"end":{"line":74,"column":38}},"20":{"start":{"line":74,"column":12},"end":{"line":74,"column":38}},"21":{"start":{"line":76,"column":20},"end":{"line":77,"column":44}},"22":{"start":{"line":77,"column":30},"end":{"line":77,"column":41}},"23":{"start":{"line":79,"column":9},"end":{"line":79,"column":22}},"24":{"start":{"line":90,"column":8},"end":{"line":91,"column":38}},"25":{"start":{"line":91,"column":12},"end":{"line":91,"column":38}},"26":{"start":{"line":93,"column":25},"end":{"line":93,"column":41}},"27":{"start":{"line":94,"column":21},"end":{"line":94,"column":33}},"28":{"start":{"line":95,"column":24},"end":{"line":95,"column":39}},"29":{"start":{"line":96,"column":25},"end":{"line":96,"column":41}},"30":{"start":{"line":97,"column":21},"end":{"line":97,"column":33}},"31":{"start":{"line":99,"column":8},"end":{"line":102,"column":38}},"32":{"start":{"line":102,"column":12},"end":{"line":102,"column":38}},"33":{"start":{"line":104,"column":31},"end":{"line":104,"column":55}},"34":{"start":{"line":106,"column":20},"end":{"line":107,"column":105}},"35":{"start":{"line":107,"column":30},"end":{"line":107,"column":102}},"36":{"start":{"line":107,"column":59},"end":{"line":107,"column":85}},"37":{"start":{"line":107,"column":91},"end":{"line":107,"column":102}},"38":{"start":{"line":109,"column":26},"end":{"line":109,"column":55}},"39":{"start":{"line":109,"column":44},"end":{"line":109,"column":54}},"40":{"start":{"line":110,"column":8},"end":{"line":111,"column":38}},"41":{"start":{"line":111,"column":12},"end":{"line":111,"column":38}},"42":{"start":{"line":114,"column":31},"end":{"line":114,"column":110}},"43":{"start":{"line":116,"column":8},"end":{"line":117,"column":47}},"44":{"start":{"line":117,"column":32},"end":{"line":117,"column":43}},"45":{"start":{"line":127,"column":25},"end":{"line":127,"column":41}},"46":{"start":{"line":128,"column":25},"end":{"line":128,"column":41}},"47":{"start":{"line":130,"column":8},"end":{"line":131,"column":38}},"48":{"start":{"line":131,"column":12},"end":{"line":131,"column":38}},"49":{"start":{"line":133,"column":31},"end":{"line":133,"column":55}},"50":{"start":{"line":134,"column":31},"end":{"line":134,"column":97}},"51":{"start":{"line":135,"column":8},"end":{"line":135,"column":45}},"52":{"start":{"line":137,"column":8},"end":{"line":139,"column":46}},"53":{"start":{"line":138,"column":27},"end":{"line":138,"column":41}},"54":{"start":{"line":139,"column":30},"end":{"line":139,"column":42}},"55":{"start":{"line":141,"column":8},"end":{"line":142,"column":38}},"56":{"start":{"line":142,"column":12},"end":{"line":142,"column":38}},"57":{"start":{"line":145,"column":8},"end":{"line":145,"column":31}},"58":{"start":{"line":146,"column":8},"end":{"line":146,"column":40}},"59":{"start":{"line":147,"column":8},"end":{"line":147,"column":35}},"60":{"start":{"line":148,"column":8},"end":{"line":148,"column":41}},"61":{"start":{"line":149,"column":8},"end":{"line":149,"column":35}},"62":{"start":{"line":150,"column":8},"end":{"line":150,"column":28}},"63":{"start":{"line":151,"column":8},"end":{"line":151,"column":44}},"64":{"start":{"line":153,"column":8},"end":{"line":157,"column":11}},"65":{"start":{"line":166,"column":8},"end":{"line":167,"column":37}},"66":{"start":{"line":167,"column":12},"end":{"line":167,"column":37}},"67":{"start":{"line":168,"column":8},"end":{"line":168,"column":29}},"68":{"start":{"line":169,"column":8},"end":{"line":169,"column":15}},"69":{"start":{"line":179,"column":8},"end":{"line":180,"column":31}},"70":{"start":{"line":180,"column":12},"end":{"line":180,"column":31}},"71":{"start":{"line":182,"column":8},"end":{"line":184,"column":9}},"72":{"start":{"line":183,"column":12},"end":{"line":183,"column":38}},"73":{"start":{"line":186,"column":24},"end":{"line":186,"column":39}},"74":{"start":{"line":187,"column":24},"end":{"line":187,"column":39}},"75":{"start":{"line":189,"column":8},"end":{"line":190,"column":38}},"76":{"start":{"line":190,"column":12},"end":{"line":190,"column":38}},"77":{"start":{"line":192,"column":20},"end":{"line":193,"column":105}},"78":{"start":{"line":193,"column":30},"end":{"line":193,"column":102}},"79":{"start":{"line":193,"column":59},"end":{"line":193,"column":85}},"80":{"start":{"line":193,"column":91},"end":{"line":193,"column":102}},"81":{"start":{"line":195,"column":24},"end":{"line":195,"column":49}},"82":{"start":{"line":195,"column":40},"end":{"line":195,"column":48}},"83":{"start":{"line":196,"column":8},"end":{"line":197,"column":38}},"84":{"start":{"line":197,"column":12},"end":{"line":197,"column":38}},"85":{"start":{"line":199,"column":28},"end":{"line":199,"column":94}},"86":{"start":{"line":199,"column":49},"end":{"line":199,"column":93}},"87":{"start":{"line":200,"column":8},"end":{"line":201,"column":38}},"88":{"start":{"line":201,"column":12},"end":{"line":201,"column":38}},"89":{"start":{"line":203,"column":8},"end":{"line":205,"column":47}},"90":{"start":{"line":205,"column":32},"end":{"line":205,"column":43}},"91":{"start":{"line":213,"column":8},"end":{"line":214,"column":31}},"92":{"start":{"line":214,"column":12},"end":{"line":214,"column":31}},"93":{"start":{"line":215,"column":8},"end":{"line":216,"column":38}},"94":{"start":{"line":216,"column":12},"end":{"line":216,"column":38}},"95":{"start":{"line":218,"column":8},"end":{"line":219,"column":38}},"96":{"start":{"line":219,"column":12},"end":{"line":219,"column":38}},"97":{"start":{"line":221,"column":8},"end":{"line":223,"column":47}},"98":{"start":{"line":223,"column":32},"end":{"line":223,"column":43}},"99":{"start":{"line":228,"column":8},"end":{"line":228,"column":37}},"100":{"start":{"line":229,"column":8},"end":{"line":229,"column":48}},"101":{"start":{"line":230,"column":8},"end":{"line":230,"column":58}},"102":{"start":{"line":231,"column":8},"end":{"line":231,"column":40}},"103":{"start":{"line":236,"column":0},"end":{"line":236,"column":32}}},"fnMap":{"0":{"name":"(anonymous_0)","decl":{"start":{"line":20,"column":4},"end":{"line":20,"column":5}},"loc":{"start":{"line":20,"column":28},"end":{"line":26,"column":5}},"line":20},"1":{"name":"(anonymous_1)","decl":{"start":{"line":32,"column":4},"end":{"line":32,"column":5}},"loc":{"start":{"line":32,"column":17},"end":{"line":38,"column":5}},"line":32},"2":{"name":"(anonymous_2)","decl":{"start":{"line":44,"column":4},"end":{"line":44,"column":5}},"loc":{"start":{"line":44,"column":14},"end":{"line":50,"column":5}},"line":44},"3":{"name":"(anonymous_3)","decl":{"start":{"line":56,"column":4},"end":{"line":56,"column":5}},"loc":{"start":{"line":56,"column":28},"end":{"line":65,"column":5}},"line":56},"4":{"name":"(anonymous_4)","decl":{"start":{"line":62,"column":19},"end":{"line":62,"column":20}},"loc":{"start":{"line":62,"column":28},"end":{"line":62,"column":43}},"line":62},"5":{"name":"(anonymous_5)","decl":{"start":{"line":71,"column":4},"end":{"line":71,"column":5}},"loc":{"start":{"line":71,"column":24},"end":{"line":80,"column":5}},"line":71},"6":{"name":"(anonymous_6)","decl":{"start":{"line":77,"column":19},"end":{"line":77,"column":20}},"loc":{"start":{"line":77,"column":28},"end":{"line":77,"column":43}},"line":77},"7":{"name":"(anonymous_7)","decl":{"start":{"line":88,"column":4},"end":{"line":88,"column":5}},"loc":{"start":{"line":88,"column":27},"end":{"line":119,"column":5}},"line":88},"8":{"name":"(anonymous_8)","decl":{"start":{"line":107,"column":19},"end":{"line":107,"column":20}},"loc":{"start":{"line":107,"column":28},"end":{"line":107,"column":104}},"line":107},"9":{"name":"(anonymous_9)","decl":{"start":{"line":109,"column":36},"end":{"line":109,"column":37}},"loc":{"start":{"line":109,"column":44},"end":{"line":109,"column":54}},"line":109},"10":{"name":"(anonymous_10)","decl":{"start":{"line":117,"column":19},"end":{"line":117,"column":20}},"loc":{"start":{"line":117,"column":30},"end":{"line":117,"column":45}},"line":117},"11":{"name":"(anonymous_11)","decl":{"start":{"line":124,"column":4},"end":{"line":124,"column":5}},"loc":{"start":{"line":124,"column":28},"end":{"line":159,"column":5}},"line":124},"12":{"name":"(anonymous_12)","decl":{"start":{"line":138,"column":18},"end":{"line":138,"column":19}},"loc":{"start":{"line":138,"column":27},"end":{"line":138,"column":41}},"line":138},"13":{"name":"(anonymous_13)","decl":{"start":{"line":139,"column":19},"end":{"line":139,"column":20}},"loc":{"start":{"line":139,"column":28},"end":{"line":139,"column":44}},"line":139},"14":{"name":"(anonymous_14)","decl":{"start":{"line":164,"column":4},"end":{"line":164,"column":5}},"loc":{"start":{"line":164,"column":13},"end":{"line":170,"column":5}},"line":164},"15":{"name":"(anonymous_15)","decl":{"start":{"line":178,"column":4},"end":{"line":178,"column":5}},"loc":{"start":{"line":178,"column":35},"end":{"line":206,"column":5}},"line":178},"16":{"name":"(anonymous_16)","decl":{"start":{"line":193,"column":19},"end":{"line":193,"column":20}},"loc":{"start":{"line":193,"column":28},"end":{"line":193,"column":104}},"line":193},"17":{"name":"(anonymous_17)","decl":{"start":{"line":195,"column":34},"end":{"line":195,"column":35}},"loc":{"start":{"line":195,"column":40},"end":{"line":195,"column":48}},"line":195},"18":{"name":"(anonymous_18)","decl":{"start":{"line":199,"column":41},"end":{"line":199,"column":42}},"loc":{"start":{"line":199,"column":49},"end":{"line":199,"column":93}},"line":199},"19":{"name":"(anonymous_19)","decl":{"start":{"line":205,"column":19},"end":{"line":205,"column":20}},"loc":{"start":{"line":205,"column":30},"end":{"line":205,"column":45}},"line":205},"20":{"name":"(anonymous_20)","decl":{"start":{"line":212,"column":4},"end":{"line":212,"column":5}},"loc":{"start":{"line":212,"column":37},"end":{"line":224,"column":5}},"line":212},"21":{"name":"(anonymous_21)","decl":{"start":{"line":223,"column":19},"end":{"line":223,"column":20}},"loc":{"start":{"line":223,"column":30},"end":{"line":223,"column":45}},"line":223},"22":{"name":"(anonymous_22)","decl":{"start":{"line":226,"column":4},"end":{"line":226,"column":5}},"loc":{"start":{"line":226,"column":35},"end":{"line":232,"column":5}},"line":226}},"branchMap":{"0":{"loc":{"start":{"line":33,"column":8},"end":{"line":35,"column":38}},"type":"if","locations":[{"start":{"line":33,"column":8},"end":{"line":35,"column":38}},{"start":{},"end":{}}],"line":33},"1":{"loc":{"start":{"line":33,"column":12},"end":{"line":34,"column":28}},"type":"binary-expr","locations":[{"start":{"line":33,"column":12},"end":{"line":33,"column":65}},{"start":{"line":34,"column":15},"end":{"line":34,"column":28}}],"line":33},"2":{"loc":{"start":{"line":46,"column":8},"end":{"line":48,"column":9}},"type":"if","locations":[{"start":{"line":46,"column":8},"end":{"line":48,"column":9}},{"start":{},"end":{}}],"line":46},"3":{"loc":{"start":{"line":58,"column":8},"end":{"line":59,"column":38}},"type":"if","locations":[{"start":{"line":58,"column":8},"end":{"line":59,"column":38}},{"start":{},"end":{}}],"line":58},"4":{"loc":{"start":{"line":73,"column":8},"end":{"line":74,"column":38}},"type":"if","locations":[{"start":{"line":73,"column":8},"end":{"line":74,"column":38}},{"start":{},"end":{}}],"line":73},"5":{"loc":{"start":{"line":90,"column":8},"end":{"line":91,"column":38}},"type":"if","locations":[{"start":{"line":90,"column":8},"end":{"line":91,"column":38}},{"start":{},"end":{}}],"line":90},"6":{"loc":{"start":{"line":99,"column":8},"end":{"line":102,"column":38}},"type":"if","locations":[{"start":{"line":99,"column":8},"end":{"line":102,"column":38}},{"start":{},"end":{}}],"line":99},"7":{"loc":{"start":{"line":99,"column":12},"end":{"line":101,"column":33}},"type":"binary-expr","locations":[{"start":{"line":99,"column":12},"end":{"line":99,"column":82}},{"start":{"line":100,"column":15},"end":{"line":100,"column":42}},{"start":{"line":101,"column":15},"end":{"line":101,"column":33}}],"line":99},"8":{"loc":{"start":{"line":107,"column":30},"end":{"line":107,"column":102}},"type":"if","locations":[{"start":{"line":107,"column":30},"end":{"line":107,"column":102}},{"start":{"line":107,"column":91},"end":{"line":107,"column":102}}],"line":107},"9":{"loc":{"start":{"line":110,"column":8},"end":{"line":111,"column":38}},"type":"if","locations":[{"start":{"line":110,"column":8},"end":{"line":111,"column":38}},{"start":{},"end":{}}],"line":110},"10":{"loc":{"start":{"line":130,"column":8},"end":{"line":131,"column":38}},"type":"if","locations":[{"start":{"line":130,"column":8},"end":{"line":131,"column":38}},{"start":{},"end":{}}],"line":130},"11":{"loc":{"start":{"line":141,"column":8},"end":{"line":142,"column":38}},"type":"if","locations":[{"start":{"line":141,"column":8},"end":{"line":142,"column":38}},{"start":{},"end":{}}],"line":141},"12":{"loc":{"start":{"line":166,"column":8},"end":{"line":167,"column":37}},"type":"if","locations":[{"start":{"line":166,"column":8},"end":{"line":167,"column":37}},{"start":{},"end":{}}],"line":166},"13":{"loc":{"start":{"line":179,"column":8},"end":{"line":180,"column":31}},"type":"if","locations":[{"start":{"line":179,"column":8},"end":{"line":180,"column":31}},{"start":{},"end":{}}],"line":179},"14":{"loc":{"start":{"line":182,"column":8},"end":{"line":184,"column":9}},"type":"if","locations":[{"start":{"line":182,"column":8},"end":{"line":184,"column":9}},{"start":{},"end":{}}],"line":182},"15":{"loc":{"start":{"line":189,"column":8},"end":{"line":190,"column":38}},"type":"if","locations":[{"start":{"line":189,"column":8},"end":{"line":190,"column":38}},{"start":{},"end":{}}],"line":189},"16":{"loc":{"start":{"line":189,"column":12},"end":{"line":189,"column":94}},"type":"binary-expr","locations":[{"start":{"line":189,"column":12},"end":{"line":189,"column":69}},{"start":{"line":189,"column":73},"end":{"line":189,"column":94}}],"line":189},"17":{"loc":{"start":{"line":193,"column":30},"end":{"line":193,"column":102}},"type":"if","locations":[{"start":{"line":193,"column":30},"end":{"line":193,"column":102}},{"start":{"line":193,"column":91},"end":{"line":193,"column":102}}],"line":193},"18":{"loc":{"start":{"line":196,"column":8},"end":{"line":197,"column":38}},"type":"if","locations":[{"start":{"line":196,"column":8},"end":{"line":197,"column":38}},{"start":{},"end":{}}],"line":196},"19":{"loc":{"start":{"line":199,"column":49},"end":{"line":199,"column":93}},"type":"binary-expr","locations":[{"start":{"line":199,"column":49},"end":{"line":199,"column":70}},{"start":{"line":199,"column":74},"end":{"line":199,"column":93}}],"line":199},"20":{"loc":{"start":{"line":200,"column":8},"end":{"line":201,"column":38}},"type":"if","locations":[{"start":{"line":200,"column":8},"end":{"line":201,"column":38}},{"start":{},"end":{}}],"line":200},"21":{"loc":{"start":{"line":213,"column":8},"end":{"line":214,"column":31}},"type":"if","locations":[{"start":{"line":213,"column":8},"end":{"line":214,"column":31}},{"start":{},"end":{}}],"line":213},"22":{"loc":{"start":{"line":215,"column":8},"end":{"line":216,"column":38}},"type":"if","locations":[{"start":{"line":215,"column":8},"end":{"line":216,"column":38}},{"start":{},"end":{}}],"line":215},"23":{"loc":{"start":{"line":218,"column":8},"end":{"line":219,"column":38}},"type":"if","locations":[{"start":{"line":218,"column":8},"end":{"line":219,"column":38}},{"start":{},"end":{}}],"line":218},"24":{"loc":{"start":{"line":218,"column":12},"end":{"line":218,"column":79}},"type":"binary-expr","locations":[{"start":{"line":218,"column":12},"end":{"line":218,"column":57}},{"start":{"line":218,"column":61},"end":{"line":218,"column":79}}],"line":218}},"s":{"0":10,"1":10,"2":10,"3":10,"4":10,"5":10,"6":10,"7":2,"8":1,"9":1,"10":3,"11":3,"12":1,"13":2,"14":1,"15":0,"16":1,"17":0,"18":1,"19":17,"20":0,"21":17,"22":0,"23":17,"24":3,"25":0,"26":3,"27":3,"28":3,"29":3,"30":3,"31":3,"32":1,"33":2,"34":2,"35":0,"36":0,"37":0,"38":2,"39":12,"40":2,"41":1,"42":1,"43":1,"44":0,"45":7,"46":7,"47":7,"48":1,"49":6,"50":6,"51":6,"52":6,"53":6,"54":0,"55":6,"56":1,"57":5,"58":5,"59":5,"60":5,"61":5,"62":5,"63":5,"64":5,"65":6,"66":1,"67":5,"68":5,"69":3,"70":0,"71":3,"72":0,"73":3,"74":3,"75":3,"76":1,"77":2,"78":0,"79":0,"80":0,"81":2,"82":12,"83":2,"84":1,"85":1,"86":6,"87":1,"88":0,"89":1,"90":0,"91":3,"92":0,"93":3,"94":0,"95":3,"96":1,"97":2,"98":0,"99":0,"100":0,"101":0,"102":0,"103":10},"f":{"0":10,"1":2,"2":3,"3":1,"4":0,"5":17,"6":0,"7":3,"8":0,"9":12,"10":0,"11":7,"12":6,"13":0,"14":6,"15":3,"16":0,"17":12,"18":6,"19":0,"20":3,"21":0,"22":0},"b":{"0":[1,1],"1":[2,2],"2":[1,2],"3":[0,1],"4":[0,17],"5":[0,3],"6":[1,2],"7":[3,3,3],"8":[0,0],"9":[1,1],"10":[1,6],"11":[1,5],"12":[1,5],"13":[0,3],"14":[0,3],"15":[1,2],"16":[3,3],"17":[0,0],"18":[1,1],"19":[6,1],"20":[0,1],"21":[0,3],"22":[0,3],"23":[1,2],"24":[3,3]},"_coverageSchema":"1a1c01bbd47fc00a2c39e90264f33305004495a9","hash":"065bb0fa593c51b65006966d22966cf69ad4fd96"}
,"C:\\Users\\giovy\\OneDrive\\Documenti\\Giovanna\\Politecnico\\Magistrale\\Primo anno\\II semestre\\Software engineering\\Progetto\\EzWh\\code\\server\\routers\\exceptions.js": {"path":"C:\\Users\\giovy\\OneDrive\\Documenti\\Giovanna\\Politecnico\\Magistrale\\Primo anno\\II semestre\\Software engineering\\Progetto\\EzWh\\code\\server\\routers\\exceptions.js","statementMap":{"0":{"start":{"line":6,"column":8},"end":{"line":6,"column":31}},"1":{"start":{"line":7,"column":8},"end":{"line":29,"column":9}},"2":{"start":{"line":9,"column":16},"end":{"line":9,"column":46}},"3":{"start":{"line":10,"column":16},"end":{"line":10,"column":22}},"4":{"start":{"line":12,"column":16},"end":{"line":12,"column":42}},"5":{"start":{"line":13,"column":16},"end":{"line":13,"column":22}},"6":{"start":{"line":15,"column":16},"end":{"line":15,"column":42}},"7":{"start":{"line":16,"column":16},"end":{"line":16,"column":22}},"8":{"start":{"line":18,"column":16},"end":{"line":18,"column":54}},"9":{"start":{"line":19,"column":16},"end":{"line":19,"column":22}},"10":{"start":{"line":21,"column":16},"end":{"line":21,"column":55}},"11":{"start":{"line":22,"column":16},"end":{"line":22,"column":22}},"12":{"start":{"line":24,"column":16},"end":{"line":24,"column":53}},"13":{"start":{"line":25,"column":16},"end":{"line":25,"column":22}},"14":{"start":{"line":27,"column":16},"end":{"line":27,"column":47}},"15":{"start":{"line":28,"column":16},"end":{"line":28,"column":22}},"16":{"start":{"line":33,"column":8},"end":{"line":33,"column":25}},"17":{"start":{"line":37,"column":8},"end":{"line":37,"column":28}},"18":{"start":{"line":43,"column":0},"end":{"line":43,"column":28}}},"fnMap":{"0":{"name":"(anonymous_0)","decl":{"start":{"line":5,"column":4},"end":{"line":5,"column":5}},"loc":{"start":{"line":5,"column":28},"end":{"line":30,"column":5}},"line":5},"1":{"name":"(anonymous_1)","decl":{"start":{"line":32,"column":4},"end":{"line":32,"column":5}},"loc":{"start":{"line":32,"column":14},"end":{"line":34,"column":5}},"line":32},"2":{"name":"(anonymous_2)","decl":{"start":{"line":36,"column":4},"end":{"line":36,"column":5}},"loc":{"start":{"line":36,"column":17},"end":{"line":38,"column":5}},"line":36}},"branchMap":{"0":{"loc":{"start":{"line":7,"column":8},"end":{"line":29,"column":9}},"type":"switch","locations":[{"start":{"line":8,"column":12},"end":{"line":10,"column":22}},{"start":{"line":11,"column":12},"end":{"line":13,"column":22}},{"start":{"line":14,"column":12},"end":{"line":16,"column":22}},{"start":{"line":17,"column":12},"end":{"line":19,"column":22}},{"start":{"line":20,"column":12},"end":{"line":22,"column":22}},{"start":{"line":23,"column":12},"end":{"line":25,"column":22}},{"start":{"line":26,"column":12},"end":{"line":28,"column":22}}],"line":7}},"s":{"0":107,"1":107,"2":3,"3":3,"4":32,"5":32,"6":1,"7":1,"8":68,"9":68,"10":2,"11":2,"12":1,"13":1,"14":0,"15":0,"16":6,"17":0,"18":10},"f":{"0":107,"1":6,"2":0},"b":{"0":[3,32,1,68,2,1,0]},"_coverageSchema":"1a1c01bbd47fc00a2c39e90264f33305004495a9","hash":"2e89d73b5ee390f448df95c48087a4dfd3ce87e7"}
}
