TN:
SF:modules\database\databaseManager.js
FN:8,(anonymous_0)
FN:9,(anonymous_1)
FN:23,(anonymous_2)
FN:25,(anonymous_3)
FN:26,(anonymous_4)
FN:39,(anonymous_5)
FN:40,(anonymous_6)
FN:41,(anonymous_7)
FN:54,(anonymous_8)
FN:101,(anonymous_9)
FN:102,(anonymous_10)
FN:103,(anonymous_11)
FN:116,(anonymous_12)
FN:141,(anonymous_13)
FN:142,(anonymous_14)
FN:143,(anonymous_15)
FN:144,(anonymous_16)
FN:158,(anonymous_17)
FN:172,(anonymous_18)
FN:173,(anonymous_19)
FN:174,(anonymous_20)
FN:175,(anonymous_21)
FN:189,(anonymous_22)
FN:209,(anonymous_23)
FN:210,(anonymous_24)
FN:211,(anonymous_25)
FN:212,(anonymous_26)
FN:225,(anonymous_27)
FN:238,(anonymous_28)
FN:239,(anonymous_29)
FN:240,(anonymous_30)
FN:253,(anonymous_31)
FN:274,(anonymous_32)
FN:275,(anonymous_33)
FN:276,(anonymous_34)
FN:277,(anonymous_35)
FN:291,(anonymous_36)
FN:300,(anonymous_37)
FN:301,(anonymous_38)
FN:302,(anonymous_39)
FN:303,(anonymous_40)
FNF:41
FNH:32
FNDA:10,(anonymous_0)
FNDA:10,(anonymous_1)
FNDA:78,(anonymous_2)
FNDA:78,(anonymous_3)
FNDA:78,(anonymous_4)
FNDA:367,(anonymous_5)
FNDA:367,(anonymous_6)
FNDA:367,(anonymous_7)
FNDA:322,(anonymous_8)
FNDA:322,(anonymous_9)
FNDA:10626,(anonymous_10)
FNDA:10306,(anonymous_11)
FNDA:22,(anonymous_12)
FNDA:22,(anonymous_13)
FNDA:110,(anonymous_14)
FNDA:110,(anonymous_15)
FNDA:110,(anonymous_16)
FNDA:8,(anonymous_17)
FNDA:8,(anonymous_18)
FNDA:32,(anonymous_19)
FNDA:32,(anonymous_20)
FNDA:32,(anonymous_21)
FNDA:0,(anonymous_22)
FNDA:0,(anonymous_23)
FNDA:0,(anonymous_24)
FNDA:0,(anonymous_25)
FNDA:0,(anonymous_26)
FNDA:0,(anonymous_27)
FNDA:0,(anonymous_28)
FNDA:0,(anonymous_29)
FNDA:0,(anonymous_30)
FNDA:19,(anonymous_31)
FNDA:19,(anonymous_32)
FNDA:95,(anonymous_33)
FNDA:95,(anonymous_34)
FNDA:95,(anonymous_35)
FNDA:10,(anonymous_36)
FNDA:10,(anonymous_37)
FNDA:20,(anonymous_38)
FNDA:20,(anonymous_39)
FNDA:20,(anonymous_40)
DA:3,10
DA:4,10
DA:9,10
DA:10,10
DA:11,0
DA:12,0
DA:25,78
DA:26,78
DA:27,78
DA:28,1
DA:29,1
DA:31,77
DA:40,367
DA:41,367
DA:42,367
DA:43,0
DA:44,0
DA:46,367
DA:55,322
DA:101,322
DA:102,322
DA:103,10626
DA:104,10306
DA:105,0
DA:106,0
DA:108,10306
DA:117,22
DA:124,22
DA:128,22
DA:131,22
DA:135,22
DA:139,22
DA:141,22
DA:142,22
DA:143,110
DA:144,110
DA:145,110
DA:146,0
DA:147,0
DA:149,110
DA:159,8
DA:161,8
DA:164,8
DA:168,8
DA:170,8
DA:172,8
DA:173,8
DA:174,32
DA:175,32
DA:176,32
DA:177,0
DA:178,0
DA:180,32
DA:190,0
DA:192,0
DA:195,0
DA:198,0
DA:202,0
DA:203,0
DA:207,0
DA:209,0
DA:210,0
DA:211,0
DA:212,0
DA:213,0
DA:214,0
DA:215,0
DA:217,0
DA:226,0
DA:238,0
DA:239,0
DA:240,0
DA:241,0
DA:242,0
DA:243,0
DA:245,0
DA:254,19
DA:259,19
DA:262,19
DA:265,19
DA:269,19
DA:273,19
DA:274,19
DA:275,19
DA:276,95
DA:277,95
DA:278,95
DA:279,0
DA:280,0
DA:282,95
DA:292,10
DA:294,10
DA:298,10
DA:300,10
DA:301,10
DA:302,20
DA:303,20
DA:304,20
DA:305,0
DA:306,0
DA:308,20
DA:319,10
LF:102
LH:65
BRDA:10,0,0,0
BRDA:10,0,1,10
BRDA:27,1,0,1
BRDA:27,1,1,77
BRDA:42,2,0,0
BRDA:42,2,1,367
BRDA:104,3,0,0
BRDA:104,3,1,10306
BRDA:145,4,0,0
BRDA:145,4,1,110
BRDA:176,5,0,0
BRDA:176,5,1,32
BRDA:213,6,0,0
BRDA:213,6,1,0
BRDA:241,7,0,0
BRDA:241,7,1,0
BRDA:278,8,0,0
BRDA:278,8,1,95
BRDA:304,9,0,0
BRDA:304,9,1,20
BRF:20
BRH:9
end_of_record
TN:
SF:modules\logic\controller.js
FN:32,(anonymous_0)
FN:48,(anonymous_1)
FN:52,(anonymous_2)
FN:56,(anonymous_3)
FN:60,(anonymous_4)
FN:64,(anonymous_5)
FN:68,(anonymous_6)
FN:72,(anonymous_7)
FN:76,(anonymous_8)
FN:80,(anonymous_9)
FN:84,(anonymous_10)
FN:88,(anonymous_11)
FN:92,(anonymous_12)
FN:103,(anonymous_13)
FN:110,(anonymous_14)
FN:117,(anonymous_15)
FN:118,(anonymous_16)
FN:123,(anonymous_17)
FN:127,(anonymous_18)
FN:136,(anonymous_19)
FN:143,(anonymous_20)
FN:150,(anonymous_21)
FNF:22
FNH:21
FNDA:10,(anonymous_0)
FNDA:1,(anonymous_1)
FNDA:1,(anonymous_2)
FNDA:26,(anonymous_3)
FNDA:3,(anonymous_4)
FNDA:1,(anonymous_5)
FNDA:1,(anonymous_6)
FNDA:1,(anonymous_7)
FNDA:1,(anonymous_8)
FNDA:1,(anonymous_9)
FNDA:1,(anonymous_10)
FNDA:110,(anonymous_11)
FNDA:0,(anonymous_12)
FNDA:295,(anonymous_13)
FNDA:159,(anonymous_14)
FNDA:113,(anonymous_15)
FNDA:256,(anonymous_16)
FNDA:35,(anonymous_17)
FNDA:164,(anonymous_18)
FNDA:3,(anonymous_19)
FNDA:8,(anonymous_20)
FNDA:25,(anonymous_21)
DA:3,10
DA:4,10
DA:5,10
DA:6,10
DA:7,10
DA:8,10
DA:9,10
DA:10,10
DA:11,10
DA:12,10
DA:13,10
DA:14,10
DA:15,10
DA:16,10
DA:17,10
DA:33,10
DA:34,10
DA:35,10
DA:36,10
DA:37,10
DA:38,10
DA:39,10
DA:40,10
DA:41,10
DA:42,10
DA:43,10
DA:44,10
DA:49,1
DA:53,1
DA:57,26
DA:61,3
DA:65,1
DA:69,1
DA:73,1
DA:77,1
DA:81,1
DA:85,1
DA:89,110
DA:94,0
DA:95,0
DA:97,0
DA:99,0
DA:107,295
DA:111,159
DA:113,159
DA:118,256
DA:120,113
DA:124,35
DA:128,164
DA:129,252
DA:130,19
DA:133,145
DA:137,3
DA:140,3
DA:145,8
DA:147,8
DA:155,25
DA:156,20
DA:157,20
DA:159,5
DA:164,10
LF:61
LH:57
BRDA:124,0,0,35
BRDA:124,0,1,35
BRDA:124,0,2,31
BRDA:129,1,0,19
BRDA:129,1,1,233
BRDA:155,2,0,20
BRDA:155,2,1,5
BRDA:155,3,0,25
BRDA:155,3,1,6
BRDA:156,4,0,19
BRDA:156,4,1,1
BRDA:156,5,0,20
BRDA:156,5,1,19
BRF:13
BRH:13
end_of_record
TN:
SF:modules\logic\internalOrderController.js
FN:10,(anonymous_0)
FN:21,(anonymous_1)
FN:28,(anonymous_2)
FN:32,(anonymous_3)
FN:39,(anonymous_4)
FN:53,(anonymous_5)
FN:61,(anonymous_6)
FN:68,(anonymous_7)
FN:72,(anonymous_8)
FN:82,(anonymous_9)
FN:88,(anonymous_10)
FN:92,(anonymous_11)
FN:104,(anonymous_12)
FN:117,(anonymous_13)
FN:118,(anonymous_14)
FN:126,(anonymous_15)
FN:138,(anonymous_16)
FN:165,(anonymous_17)
FN:166,(anonymous_18)
FN:171,(anonymous_19)
FN:176,(anonymous_20)
FN:188,(anonymous_21)
FN:209,(anonymous_22)
FN:220,(anonymous_23)
FN:227,(anonymous_24)
FN:237,(anonymous_25)
FN:250,(anonymous_26)
FNF:27
FNH:9
FNDA:10,(anonymous_0)
FNDA:5,(anonymous_1)
FNDA:0,(anonymous_2)
FNDA:0,(anonymous_3)
FNDA:13,(anonymous_4)
FNDA:0,(anonymous_5)
FNDA:0,(anonymous_6)
FNDA:0,(anonymous_7)
FNDA:0,(anonymous_8)
FNDA:0,(anonymous_9)
FNDA:0,(anonymous_10)
FNDA:0,(anonymous_11)
FNDA:10,(anonymous_12)
FNDA:10,(anonymous_13)
FNDA:0,(anonymous_14)
FNDA:0,(anonymous_15)
FNDA:3,(anonymous_16)
FNDA:1,(anonymous_17)
FNDA:0,(anonymous_18)
FNDA:0,(anonymous_19)
FNDA:0,(anonymous_20)
FNDA:4,(anonymous_21)
FNDA:0,(anonymous_22)
FNDA:0,(anonymous_23)
FNDA:0,(anonymous_24)
FNDA:2,(anonymous_25)
FNDA:0,(anonymous_26)
DA:3,10
DA:4,10
DA:11,10
DA:12,10
DA:24,5
DA:25,0
DA:27,5
DA:28,0
DA:30,5
DA:31,5
DA:32,0
DA:35,5
DA:42,13
DA:43,12
DA:47,1
DA:51,13
DA:53,0
DA:54,13
DA:64,0
DA:65,0
DA:67,0
DA:68,0
DA:70,0
DA:71,0
DA:72,0
DA:74,0
DA:85,0
DA:86,0
DA:87,0
DA:88,0
DA:90,0
DA:91,0
DA:92,0
DA:95,0
DA:107,10
DA:108,0
DA:111,10
DA:112,0
DA:116,10
DA:117,10
DA:118,0
DA:121,10
DA:122,10
DA:123,3
DA:125,7
DA:126,0
DA:129,7
DA:141,3
DA:142,0
DA:144,3
DA:145,3
DA:146,3
DA:149,3
DA:152,1
DA:155,2
DA:156,2
DA:158,1
DA:159,1
DA:164,1
DA:165,1
DA:166,0
DA:168,1
DA:171,0
DA:173,1
DA:174,1
DA:175,0
DA:176,0
DA:190,4
DA:193,4
DA:194,0
DA:197,4
DA:200,1
DA:203,3
DA:204,1
DA:208,2
DA:209,0
DA:211,2
DA:213,1
DA:214,1
DA:215,0
DA:217,1
DA:218,1
DA:219,0
DA:220,0
DA:224,2
DA:226,2
DA:227,0
DA:240,2
DA:241,0
DA:244,2
DA:247,1
DA:249,1
DA:250,0
DA:255,10
LF:94
LH:57
BRDA:24,0,0,0
BRDA:24,0,1,5
BRDA:42,1,0,12
BRDA:42,1,1,1
BRDA:64,2,0,0
BRDA:64,2,1,0
BRDA:85,3,0,0
BRDA:85,3,1,0
BRDA:107,4,0,0
BRDA:107,4,1,10
BRDA:111,5,0,0
BRDA:111,5,1,10
BRDA:111,6,0,10
BRDA:111,6,1,10
BRDA:111,6,2,10
BRDA:122,7,0,3
BRDA:122,7,1,7
BRDA:141,8,0,0
BRDA:141,8,1,3
BRDA:149,9,0,1
BRDA:149,9,1,2
BRDA:149,10,0,3
BRDA:149,10,1,3
BRDA:149,10,2,3
BRDA:193,11,0,0
BRDA:193,11,1,4
BRDA:197,12,0,1
BRDA:197,12,1,3
BRDA:197,13,0,4
BRDA:197,13,1,4
BRDA:197,13,2,4
BRDA:203,14,0,1
BRDA:203,14,1,2
BRDA:211,15,0,1
BRDA:211,15,1,1
BRDA:214,16,0,0
BRDA:214,16,1,1
BRDA:240,17,0,0
BRDA:240,17,1,2
BRDA:244,18,0,1
BRDA:244,18,1,1
BRDA:244,19,0,2
BRDA:244,19,1,2
BRDA:244,19,2,2
BRF:44
BRH:33
end_of_record
TN:
SF:modules\logic\itemController.js
FN:12,(anonymous_0)
FN:23,(anonymous_1)
FN:30,(anonymous_2)
FN:42,(anonymous_3)
FN:55,(anonymous_4)
FN:56,(anonymous_5)
FN:72,(anonymous_6)
FN:94,(anonymous_7)
FN:95,(anonymous_8)
FN:102,(anonymous_9)
FN:103,(anonymous_10)
FN:111,(anonymous_11)
FN:116,(anonymous_12)
FN:126,(anonymous_13)
FN:142,(anonymous_14)
FN:145,(anonymous_15)
FN:154,(anonymous_16)
FN:166,(anonymous_17)
FNF:18
FNH:11
FNDA:10,(anonymous_0)
FNDA:1,(anonymous_1)
FNDA:0,(anonymous_2)
FNDA:10,(anonymous_3)
FNDA:8,(anonymous_4)
FNDA:0,(anonymous_5)
FNDA:11,(anonymous_6)
FNDA:8,(anonymous_7)
FNDA:0,(anonymous_8)
FNDA:7,(anonymous_9)
FNDA:0,(anonymous_10)
FNDA:1,(anonymous_11)
FNDA:0,(anonymous_12)
FNDA:5,(anonymous_13)
FNDA:1,(anonymous_14)
FNDA:0,(anonymous_15)
FNDA:3,(anonymous_16)
FNDA:0,(anonymous_17)
DA:5,10
DA:6,10
DA:13,10
DA:14,10
DA:26,1
DA:27,0
DA:29,1
DA:30,0
DA:31,1
DA:45,10
DA:46,0
DA:49,10
DA:51,2
DA:54,8
DA:55,8
DA:56,0
DA:59,8
DA:60,3
DA:62,5
DA:75,11
DA:76,0
DA:78,11
DA:79,11
DA:80,11
DA:81,11
DA:82,11
DA:86,11
DA:89,3
DA:93,8
DA:94,8
DA:95,0
DA:96,8
DA:97,1
DA:101,7
DA:102,7
DA:103,0
DA:104,7
DA:105,0
DA:110,7
DA:111,1
DA:114,6
DA:116,0
DA:129,5
DA:130,0
DA:132,5
DA:133,5
DA:136,5
DA:139,3
DA:141,2
DA:142,1
DA:144,1
DA:145,0
DA:157,3
DA:158,0
DA:161,3
DA:163,2
DA:165,1
DA:166,0
DA:172,10
LF:59
LH:46
BRDA:26,0,0,0
BRDA:26,0,1,1
BRDA:45,1,0,0
BRDA:45,1,1,10
BRDA:49,2,0,2
BRDA:49,2,1,8
BRDA:49,3,0,10
BRDA:49,3,1,9
BRDA:49,3,2,8
BRDA:59,4,0,3
BRDA:59,4,1,5
BRDA:75,5,0,0
BRDA:75,5,1,11
BRDA:86,6,0,3
BRDA:86,6,1,8
BRDA:86,7,0,11
BRDA:86,7,1,10
BRDA:86,7,2,9
BRDA:96,8,0,1
BRDA:96,8,1,7
BRDA:103,9,0,0
BRDA:103,9,1,0
BRDA:104,10,0,0
BRDA:104,10,1,7
BRDA:111,11,0,0
BRDA:111,11,1,1
BRDA:129,12,0,0
BRDA:129,12,1,5
BRDA:136,13,0,3
BRDA:136,13,1,2
BRDA:136,14,0,5
BRDA:136,14,1,4
BRDA:136,14,2,3
BRDA:142,15,0,0
BRDA:142,15,1,1
BRDA:157,16,0,0
BRDA:157,16,1,3
BRDA:161,17,0,2
BRDA:161,17,1,1
BRDA:161,18,0,3
BRDA:161,18,1,1
BRDA:161,18,2,1
BRF:42
BRH:32
end_of_record
TN:
SF:modules\logic\positionController.js
FN:9,(anonymous_0)
FN:15,(anonymous_1)
FN:27,(anonymous_2)
FN:35,(anonymous_3)
FN:44,(anonymous_4)
FN:71,(anonymous_5)
FN:83,(anonymous_6)
FN:92,(anonymous_7)
FN:120,(anonymous_8)
FN:128,(anonymous_9)
FN:130,(anonymous_10)
FN:137,(anonymous_11)
FN:154,(anonymous_12)
FN:164,(anonymous_13)
FN:179,(anonymous_14)
FN:181,(anonymous_15)
FN:187,(anonymous_16)
FN:190,(anonymous_17)
FN:198,(anonymous_18)
FN:207,(anonymous_19)
FN:217,(anonymous_20)
FN:223,(anonymous_21)
FN:228,(anonymous_22)
FN:234,(anonymous_23)
FNF:24
FNH:14
FNDA:10,(anonymous_0)
FNDA:13,(anonymous_1)
FNDA:10,(anonymous_2)
FNDA:0,(anonymous_3)
FNDA:11,(anonymous_4)
FNDA:0,(anonymous_5)
FNDA:0,(anonymous_6)
FNDA:8,(anonymous_7)
FNDA:2,(anonymous_8)
FNDA:0,(anonymous_9)
FNDA:1,(anonymous_10)
FNDA:0,(anonymous_11)
FNDA:0,(anonymous_12)
FNDA:4,(anonymous_13)
FNDA:0,(anonymous_14)
FNDA:1,(anonymous_15)
FNDA:1,(anonymous_16)
FNDA:0,(anonymous_17)
FNDA:0,(anonymous_18)
FNDA:4,(anonymous_19)
FNDA:0,(anonymous_20)
FNDA:8,(anonymous_21)
FNDA:8,(anonymous_22)
FNDA:8,(anonymous_23)
DA:2,10
DA:3,10
DA:10,10
DA:11,10
DA:16,13
DA:19,13
DA:20,13
DA:30,10
DA:31,0
DA:33,10
DA:34,10
DA:35,0
DA:36,10
DA:47,11
DA:48,0
DA:50,11
DA:51,11
DA:52,11
DA:53,11
DA:54,11
DA:55,11
DA:56,11
DA:57,11
DA:61,11
DA:68,5
DA:70,6
DA:71,0
DA:73,6
DA:75,6
DA:76,0
DA:80,6
DA:82,6
DA:83,0
DA:94,8
DA:95,0
DA:97,8
DA:98,8
DA:99,8
DA:100,8
DA:101,8
DA:102,8
DA:103,8
DA:106,8
DA:113,6
DA:118,2
DA:120,2
DA:122,2
DA:123,0
DA:127,2
DA:128,0
DA:130,2
DA:131,2
DA:133,2
DA:134,1
DA:136,1
DA:137,0
DA:142,1
DA:153,1
DA:154,0
DA:166,4
DA:167,0
DA:169,4
DA:170,4
DA:171,4
DA:173,4
DA:175,2
DA:178,2
DA:179,0
DA:181,2
DA:182,2
DA:183,1
DA:186,1
DA:187,1
DA:189,1
DA:190,0
DA:192,1
DA:193,1
DA:194,1
DA:195,1
DA:197,1
DA:198,0
DA:209,4
DA:210,0
DA:212,4
DA:213,1
DA:215,3
DA:217,0
DA:224,8
DA:227,8
DA:228,8
DA:234,8
DA:235,8
DA:243,10
LF:93
LH:76
BRDA:16,0,0,13
BRDA:16,0,1,9
BRDA:16,0,2,8
BRDA:30,1,0,0
BRDA:30,1,1,10
BRDA:47,2,0,0
BRDA:47,2,1,11
BRDA:56,3,0,10
BRDA:56,3,1,1
BRDA:57,4,0,10
BRDA:57,4,1,1
BRDA:61,5,0,5
BRDA:61,5,1,6
BRDA:61,6,0,11
BRDA:61,6,1,10
BRDA:61,6,2,9
BRDA:61,6,3,7
BRDA:61,6,4,7
BRDA:61,6,5,7
BRDA:61,6,6,7
BRDA:61,6,7,7
BRDA:61,6,8,7
BRDA:61,6,9,7
BRDA:75,7,0,0
BRDA:75,7,1,6
BRDA:94,8,0,0
BRDA:94,8,1,8
BRDA:106,9,0,6
BRDA:106,9,1,2
BRDA:106,10,0,8
BRDA:106,10,1,8
BRDA:106,10,2,8
BRDA:106,10,3,5
BRDA:106,10,4,4
BRDA:106,10,5,4
BRDA:106,10,6,3
BRDA:106,10,7,2
BRDA:106,10,8,2
BRDA:122,11,0,0
BRDA:122,11,1,2
BRDA:122,12,0,2
BRDA:122,12,1,0
BRDA:128,13,0,0
BRDA:128,13,1,0
BRDA:133,14,0,1
BRDA:133,14,1,1
BRDA:166,15,0,0
BRDA:166,15,1,4
BRDA:173,16,0,2
BRDA:173,16,1,2
BRDA:173,17,0,4
BRDA:173,17,1,4
BRDA:173,17,2,3
BRDA:179,18,0,0
BRDA:179,18,1,0
BRDA:182,19,0,1
BRDA:182,19,1,1
BRDA:209,20,0,0
BRDA:209,20,1,4
BRDA:212,21,0,1
BRDA:212,21,1,3
BRDA:212,22,0,4
BRDA:212,22,1,4
BRDA:235,23,0,0
BRDA:235,23,1,8
BRF:65
BRH:52
end_of_record
TN:
SF:modules\logic\restockOrderController.js
FN:11,(anonymous_0)
FN:21,(anonymous_1)
FN:26,(anonymous_2)
FN:30,(anonymous_3)
FN:32,(anonymous_4)
FN:36,(anonymous_5)
FN:44,(anonymous_6)
FN:45,(anonymous_7)
FN:50,(anonymous_8)
FN:51,(anonymous_9)
FN:57,(anonymous_10)
FN:58,(anonymous_11)
FN:66,(anonymous_12)
FN:74,(anonymous_13)
FN:78,(anonymous_14)
FN:81,(anonymous_15)
FN:94,(anonymous_16)
FN:107,(anonymous_17)
FN:108,(anonymous_18)
FN:116,(anonymous_19)
FN:119,(anonymous_20)
FN:120,(anonymous_21)
FN:126,(anonymous_22)
FN:139,(anonymous_23)
FN:147,(anonymous_24)
FN:148,(anonymous_25)
FN:164,(anonymous_26)
FN:186,(anonymous_27)
FN:211,(anonymous_28)
FN:212,(anonymous_29)
FN:218,(anonymous_30)
FN:223,(anonymous_31)
FN:234,(anonymous_32)
FN:247,(anonymous_33)
FN:253,(anonymous_34)
FN:263,(anonymous_35)
FN:278,(anonymous_36)
FN:279,(anonymous_37)
FN:301,(anonymous_38)
FN:304,(anonymous_39)
FN:307,(anonymous_40)
FN:310,(anonymous_41)
FN:324,(anonymous_42)
FN:345,(anonymous_43)
FN:345,(anonymous_44)
FN:373,(anonymous_45)
FN:381,(anonymous_46)
FN:392,(anonymous_47)
FNF:48
FNH:18
FNDA:10,(anonymous_0)
FNDA:5,(anonymous_1)
FNDA:0,(anonymous_2)
FNDA:0,(anonymous_3)
FNDA:0,(anonymous_4)
FNDA:0,(anonymous_5)
FNDA:18,(anonymous_6)
FNDA:0,(anonymous_7)
FNDA:22,(anonymous_8)
FNDA:0,(anonymous_9)
FNDA:18,(anonymous_10)
FNDA:0,(anonymous_11)
FNDA:0,(anonymous_12)
FNDA:0,(anonymous_13)
FNDA:0,(anonymous_14)
FNDA:0,(anonymous_15)
FNDA:9,(anonymous_16)
FNDA:9,(anonymous_17)
FNDA:0,(anonymous_18)
FNDA:0,(anonymous_19)
FNDA:3,(anonymous_20)
FNDA:0,(anonymous_21)
FNDA:0,(anonymous_22)
FNDA:4,(anonymous_23)
FNDA:4,(anonymous_24)
FNDA:0,(anonymous_25)
FNDA:0,(anonymous_26)
FNDA:3,(anonymous_27)
FNDA:1,(anonymous_28)
FNDA:0,(anonymous_29)
FNDA:0,(anonymous_30)
FNDA:0,(anonymous_31)
FNDA:8,(anonymous_32)
FNDA:0,(anonymous_33)
FNDA:0,(anonymous_34)
FNDA:2,(anonymous_35)
FNDA:2,(anonymous_36)
FNDA:0,(anonymous_37)
FNDA:0,(anonymous_38)
FNDA:0,(anonymous_39)
FNDA:0,(anonymous_40)
FNDA:0,(anonymous_41)
FNDA:4,(anonymous_42)
FNDA:4,(anonymous_43)
FNDA:0,(anonymous_44)
FNDA:0,(anonymous_45)
FNDA:2,(anonymous_46)
FNDA:0,(anonymous_47)
DA:3,10
DA:4,10
DA:12,10
DA:13,10
DA:23,5
DA:24,0
DA:26,5
DA:28,5
DA:29,20
DA:30,15
DA:32,15
DA:35,20
DA:36,15
DA:40,5
DA:45,18
DA:46,18
DA:51,22
DA:53,22
DA:58,18
DA:59,18
DA:70,0
DA:71,0
DA:73,0
DA:74,0
DA:76,0
DA:77,0
DA:78,0
DA:80,0
DA:81,0
DA:85,0
DA:97,9
DA:98,0
DA:101,9
DA:103,0
DA:106,9
DA:107,9
DA:108,0
DA:111,9
DA:112,3
DA:114,6
DA:115,3
DA:116,0
DA:118,3
DA:119,3
DA:120,0
DA:124,6
DA:125,3
DA:126,0
DA:130,6
DA:142,4
DA:143,0
DA:146,4
DA:147,4
DA:148,0
DA:151,4
DA:152,2
DA:155,2
DA:157,0
DA:160,2
DA:161,1
DA:163,1
DA:164,0
DA:166,1
DA:167,1
DA:169,1
DA:170,1
DA:173,0
DA:174,0
DA:175,0
DA:176,0
DA:189,3
DA:190,0
DA:192,3
DA:193,3
DA:194,3
DA:197,3
DA:200,1
DA:203,2
DA:204,2
DA:206,1
DA:210,1
DA:211,1
DA:212,0
DA:214,1
DA:217,1
DA:218,0
DA:220,1
DA:221,1
DA:222,0
DA:223,0
DA:237,8
DA:238,0
DA:240,8
DA:243,8
DA:244,1
DA:246,7
DA:247,0
DA:249,7
DA:250,1
DA:252,6
DA:253,0
DA:266,2
DA:267,0
DA:270,2
DA:273,2
DA:274,0
DA:277,2
DA:278,2
DA:279,0
DA:283,2
DA:284,0
DA:288,2
DA:289,0
DA:296,2
DA:297,2
DA:298,2
DA:300,2
DA:301,2
DA:302,2
DA:304,1
DA:306,1
DA:307,1
DA:310,0
DA:327,4
DA:328,0
DA:332,4
DA:334,4
DA:335,0
DA:339,4
DA:341,0
DA:344,4
DA:345,4
DA:348,4
DA:349,0
DA:352,4
DA:353,3
DA:358,1
DA:359,1
DA:360,1
DA:363,0
DA:367,1
DA:368,0
DA:372,1
DA:373,1
DA:384,2
DA:385,0
DA:388,2
DA:390,1
DA:392,1
DA:397,10
LF:150
LH:104
BRDA:23,0,0,0
BRDA:23,0,1,5
BRDA:29,1,0,15
BRDA:29,1,1,5
BRDA:29,2,0,20
BRDA:29,2,1,15
BRDA:35,3,0,15
BRDA:35,3,1,5
BRDA:70,4,0,0
BRDA:70,4,1,0
BRDA:97,5,0,0
BRDA:97,5,1,9
BRDA:101,6,0,0
BRDA:101,6,1,9
BRDA:101,7,0,9
BRDA:101,7,1,9
BRDA:101,7,2,9
BRDA:111,8,0,3
BRDA:111,8,1,6
BRDA:114,9,0,3
BRDA:114,9,1,3
BRDA:114,10,0,6
BRDA:114,10,1,6
BRDA:124,11,0,3
BRDA:124,11,1,3
BRDA:142,12,0,0
BRDA:142,12,1,4
BRDA:151,13,0,2
BRDA:151,13,1,2
BRDA:155,14,0,0
BRDA:155,14,1,2
BRDA:155,15,0,2
BRDA:155,15,1,2
BRDA:155,15,2,2
BRDA:160,16,0,1
BRDA:160,16,1,1
BRDA:169,17,0,1
BRDA:169,17,1,0
BRDA:174,18,0,0
BRDA:174,18,1,0
BRDA:189,19,0,0
BRDA:189,19,1,3
BRDA:197,20,0,1
BRDA:197,20,1,2
BRDA:197,21,0,3
BRDA:197,21,1,3
BRDA:197,21,2,3
BRDA:237,22,0,0
BRDA:237,22,1,8
BRDA:243,23,0,1
BRDA:243,23,1,7
BRDA:243,24,0,8
BRDA:243,24,1,8
BRDA:249,25,0,1
BRDA:249,25,1,6
BRDA:266,26,0,0
BRDA:266,26,1,2
BRDA:273,27,0,0
BRDA:273,27,1,2
BRDA:283,28,0,0
BRDA:283,28,1,2
BRDA:288,29,0,0
BRDA:288,29,1,2
BRDA:306,30,0,1
BRDA:306,30,1,0
BRDA:327,31,0,0
BRDA:327,31,1,4
BRDA:334,32,0,0
BRDA:334,32,1,4
BRDA:339,33,0,0
BRDA:339,33,1,4
BRDA:339,34,0,4
BRDA:339,34,1,4
BRDA:339,34,2,4
BRDA:348,35,0,0
BRDA:348,35,1,4
BRDA:352,36,0,3
BRDA:352,36,1,1
BRDA:367,37,0,0
BRDA:367,37,1,1
BRDA:384,38,0,0
BRDA:384,38,1,2
BRDA:388,39,0,1
BRDA:388,39,1,1
BRDA:388,40,0,2
BRDA:388,40,1,2
BRDA:388,40,2,2
BRF:87
BRH:64
end_of_record
TN:
SF:modules\logic\returnOrderController.js
FN:9,(anonymous_0)
FN:20,(anonymous_1)
FN:27,(anonymous_2)
FN:31,(anonymous_3)
FN:44,(anonymous_4)
FN:57,(anonymous_5)
FN:58,(anonymous_6)
FN:66,(anonymous_7)
FN:73,(anonymous_8)
FN:76,(anonymous_9)
FN:88,(anonymous_10)
FN:113,(anonymous_11)
FN:114,(anonymous_12)
FN:122,(anonymous_13)
FN:127,(anonymous_14)
FN:128,(anonymous_15)
FN:134,(anonymous_16)
FN:139,(anonymous_17)
FN:150,(anonymous_18)
FN:162,(anonymous_19)
FNF:20
FNH:10
FNDA:10,(anonymous_0)
FNDA:10,(anonymous_1)
FNDA:0,(anonymous_2)
FNDA:0,(anonymous_3)
FNDA:1,(anonymous_4)
FNDA:1,(anonymous_5)
FNDA:0,(anonymous_6)
FNDA:0,(anonymous_7)
FNDA:11,(anonymous_8)
FNDA:0,(anonymous_9)
FNDA:4,(anonymous_10)
FNDA:3,(anonymous_11)
FNDA:0,(anonymous_12)
FNDA:1,(anonymous_13)
FNDA:1,(anonymous_14)
FNDA:0,(anonymous_15)
FNDA:0,(anonymous_16)
FNDA:0,(anonymous_17)
FNDA:2,(anonymous_18)
FNDA:0,(anonymous_19)
DA:2,10
DA:3,10
DA:10,10
DA:11,10
DA:23,10
DA:24,0
DA:26,10
DA:27,0
DA:29,10
DA:30,11
DA:31,0
DA:35,10
DA:47,1
DA:48,0
DA:51,1
DA:53,0
DA:56,1
DA:57,1
DA:58,0
DA:61,1
DA:62,1
DA:65,0
DA:66,0
DA:69,0
DA:74,11
DA:76,0
DA:78,11
DA:91,4
DA:92,0
DA:94,4
DA:95,4
DA:96,4
DA:99,4
DA:102,0
DA:105,4
DA:106,4
DA:108,1
DA:112,3
DA:113,3
DA:114,0
DA:117,3
DA:118,1
DA:120,2
DA:121,2
DA:122,1
DA:126,1
DA:127,1
DA:128,0
DA:130,1
DA:133,1
DA:134,0
DA:136,1
DA:137,1
DA:138,1
DA:139,0
DA:153,2
DA:154,0
DA:157,2
DA:159,1
DA:161,1
DA:162,0
DA:166,10
LF:62
LH:44
BRDA:23,0,0,0
BRDA:23,0,1,10
BRDA:47,1,0,0
BRDA:47,1,1,1
BRDA:51,2,0,0
BRDA:51,2,1,1
BRDA:51,3,0,1
BRDA:51,3,1,1
BRDA:51,3,2,1
BRDA:61,4,0,1
BRDA:61,4,1,0
BRDA:91,5,0,0
BRDA:91,5,1,4
BRDA:99,6,0,0
BRDA:99,6,1,4
BRDA:99,7,0,4
BRDA:99,7,1,4
BRDA:99,7,2,4
BRDA:117,8,0,1
BRDA:117,8,1,2
BRDA:153,9,0,0
BRDA:153,9,1,2
BRDA:157,10,0,1
BRDA:157,10,1,1
BRDA:157,11,0,2
BRDA:157,11,1,2
BRDA:157,11,2,2
BRF:27
BRH:20
end_of_record
TN:
SF:modules\logic\skuController.js
FN:10,(anonymous_0)
FN:22,(anonymous_1)
FN:31,(anonymous_2)
FN:37,(anonymous_3)
FN:39,(anonymous_4)
FN:51,(anonymous_5)
FN:55,(anonymous_6)
FN:56,(anonymous_7)
FN:66,(anonymous_8)
FN:70,(anonymous_9)
FN:70,(anonymous_10)
FN:71,(anonymous_11)
FN:85,(anonymous_12)
FN:95,(anonymous_13)
FN:96,(anonymous_14)
FN:103,(anonymous_15)
FN:106,(anonymous_16)
FN:122,(anonymous_17)
FN:149,(anonymous_18)
FN:164,(anonymous_19)
FN:172,(anonymous_20)
FN:176,(anonymous_21)
FN:202,(anonymous_22)
FN:203,(anonymous_23)
FN:216,(anonymous_24)
FN:228,(anonymous_25)
FN:238,(anonymous_26)
FN:255,(anonymous_27)
FN:261,(anonymous_28)
FN:262,(anonymous_29)
FN:281,(anonymous_30)
FN:282,(anonymous_31)
FN:296,(anonymous_32)
FN:297,(anonymous_33)
FN:303,(anonymous_34)
FN:304,(anonymous_35)
FN:308,(anonymous_36)
FN:315,(anonymous_37)
FN:321,(anonymous_38)
FN:329,(anonymous_39)
FN:340,(anonymous_40)
FN:355,(anonymous_41)
FNF:42
FNH:20
FNDA:10,(anonymous_0)
FNDA:9,(anonymous_1)
FNDA:0,(anonymous_2)
FNDA:0,(anonymous_3)
FNDA:0,(anonymous_4)
FNDA:38,(anonymous_5)
FNDA:38,(anonymous_6)
FNDA:0,(anonymous_7)
FNDA:33,(anonymous_8)
FNDA:33,(anonymous_9)
FNDA:1,(anonymous_10)
FNDA:0,(anonymous_11)
FNDA:42,(anonymous_12)
FNDA:41,(anonymous_13)
FNDA:0,(anonymous_14)
FNDA:0,(anonymous_15)
FNDA:0,(anonymous_16)
FNDA:3,(anonymous_17)
FNDA:0,(anonymous_18)
FNDA:5,(anonymous_19)
FNDA:1,(anonymous_20)
FNDA:24,(anonymous_21)
FNDA:3,(anonymous_22)
FNDA:0,(anonymous_23)
FNDA:0,(anonymous_24)
FNDA:0,(anonymous_25)
FNDA:4,(anonymous_26)
FNDA:1,(anonymous_27)
FNDA:3,(anonymous_28)
FNDA:0,(anonymous_29)
FNDA:1,(anonymous_30)
FNDA:0,(anonymous_31)
FNDA:1,(anonymous_32)
FNDA:0,(anonymous_33)
FNDA:0,(anonymous_34)
FNDA:0,(anonymous_35)
FNDA:0,(anonymous_36)
FNDA:0,(anonymous_37)
FNDA:0,(anonymous_38)
FNDA:0,(anonymous_39)
FNDA:3,(anonymous_40)
FNDA:0,(anonymous_41)
DA:3,10
DA:4,10
DA:11,10
DA:12,10
DA:25,9
DA:26,0
DA:30,9
DA:31,0
DA:33,9
DA:35,0
DA:36,0
DA:37,0
DA:38,0
DA:39,0
DA:44,9
DA:52,38
DA:54,38
DA:55,38
DA:56,0
DA:59,38
DA:69,33
DA:70,33
DA:71,0
DA:72,33
DA:87,42
DA:88,0
DA:90,42
DA:91,1
DA:94,41
DA:95,41
DA:96,0
DA:97,41
DA:98,8
DA:102,33
DA:103,0
DA:105,33
DA:106,0
DA:108,33
DA:125,3
DA:126,0
DA:129,3
DA:130,3
DA:131,3
DA:132,3
DA:133,3
DA:134,3
DA:138,3
DA:141,2
DA:145,1
DA:148,1
DA:149,0
DA:168,5
DA:169,0
DA:171,5
DA:172,1
DA:174,4
DA:176,4
DA:177,24
DA:181,4
DA:182,4
DA:183,4
DA:184,4
DA:185,4
DA:186,4
DA:195,4
DA:197,1
DA:201,3
DA:202,3
DA:203,0
DA:205,3
DA:207,3
DA:209,2
DA:211,1
DA:215,1
DA:216,0
DA:219,1
DA:227,1
DA:228,0
DA:240,4
DA:241,0
DA:245,4
DA:248,4
DA:250,0
DA:254,4
DA:255,1
DA:260,3
DA:261,3
DA:262,0
DA:264,3
DA:265,1
DA:274,2
DA:276,1
DA:280,1
DA:281,1
DA:282,0
DA:283,1
DA:284,0
DA:285,0
DA:288,0
DA:295,1
DA:296,1
DA:297,0
DA:299,1
DA:303,1
DA:304,1
DA:307,1
DA:308,0
DA:310,1
DA:311,1
DA:312,1
DA:314,1
DA:315,0
DA:320,1
DA:321,0
DA:324,1
DA:325,1
DA:328,1
DA:329,0
DA:343,3
DA:344,0
DA:347,3
DA:350,1
DA:354,2
DA:355,0
DA:359,10
LF:125
LH:92
BRDA:25,0,0,0
BRDA:25,0,1,9
BRDA:33,1,0,0
BRDA:33,1,1,9
BRDA:55,2,0,20
BRDA:55,2,1,18
BRDA:70,3,0,0
BRDA:70,3,1,33
BRDA:87,4,0,0
BRDA:87,4,1,42
BRDA:90,5,0,1
BRDA:90,5,1,41
BRDA:90,6,0,42
BRDA:90,6,1,42
BRDA:90,6,2,41
BRDA:97,7,0,8
BRDA:97,7,1,33
BRDA:125,8,0,0
BRDA:125,8,1,3
BRDA:138,9,0,2
BRDA:138,9,1,1
BRDA:138,10,0,3
BRDA:138,10,1,2
BRDA:138,10,2,2
BRDA:168,11,0,0
BRDA:168,11,1,5
BRDA:172,12,0,0
BRDA:172,12,1,1
BRDA:177,13,0,1
BRDA:177,13,1,23
BRDA:195,14,0,1
BRDA:195,14,1,3
BRDA:195,15,0,4
BRDA:195,15,1,4
BRDA:195,15,2,4
BRDA:205,16,0,3
BRDA:205,16,1,0
BRDA:207,17,0,2
BRDA:207,17,1,1
BRDA:207,18,0,3
BRDA:207,18,1,1
BRDA:240,19,0,0
BRDA:240,19,1,4
BRDA:248,20,0,0
BRDA:248,20,1,4
BRDA:248,21,0,4
BRDA:248,21,1,4
BRDA:248,21,2,4
BRDA:248,21,3,4
BRDA:255,22,0,0
BRDA:255,22,1,1
BRDA:264,23,0,1
BRDA:264,23,1,2
BRDA:274,24,0,1
BRDA:274,24,1,1
BRDA:274,25,0,2
BRDA:274,25,1,1
BRDA:283,26,0,0
BRDA:283,26,1,1
BRDA:284,27,0,0
BRDA:284,27,1,0
BRDA:299,28,0,1
BRDA:299,28,1,0
BRDA:343,29,0,0
BRDA:343,29,1,3
BRDA:347,30,0,1
BRDA:347,30,1,2
BRDA:347,31,0,3
BRDA:347,31,1,3
BRDA:347,31,2,2
BRF:70
BRH:54
end_of_record
TN:
SF:modules\logic\skuItemController.js
FN:9,(anonymous_0)
FN:21,(anonymous_1)
FN:27,(anonymous_2)
FN:39,(anonymous_3)
FN:52,(anonymous_4)
FN:55,(anonymous_5)
FN:70,(anonymous_6)
FN:79,(anonymous_7)
FN:93,(anonymous_8)
FN:117,(anonymous_9)
FN:122,(anonymous_10)
FN:133,(anonymous_11)
FN:159,(anonymous_12)
FN:164,(anonymous_13)
FN:174,(anonymous_14)
FN:183,(anonymous_15)
FNF:16
FNH:11
FNDA:10,(anonymous_0)
FNDA:2,(anonymous_1)
FNDA:0,(anonymous_2)
FNDA:3,(anonymous_3)
FNDA:1,(anonymous_4)
FNDA:0,(anonymous_5)
FNDA:9,(anonymous_6)
FNDA:0,(anonymous_7)
FNDA:14,(anonymous_8)
FNDA:1,(anonymous_9)
FNDA:1,(anonymous_10)
FNDA:5,(anonymous_11)
FNDA:1,(anonymous_12)
FNDA:0,(anonymous_13)
FNDA:2,(anonymous_14)
FNDA:0,(anonymous_15)
DA:2,10
DA:3,10
DA:10,10
DA:11,10
DA:23,2
DA:24,0
DA:26,2
DA:27,0
DA:28,2
DA:41,3
DA:42,0
DA:44,3
DA:47,1
DA:51,2
DA:52,1
DA:54,1
DA:55,0
DA:56,1
DA:57,0
DA:60,1
DA:72,9
DA:73,0
DA:75,9
DA:76,1
DA:78,8
DA:79,0
DA:80,8
DA:81,3
DA:83,5
DA:95,14
DA:96,0
DA:98,14
DA:99,14
DA:100,14
DA:102,14
DA:106,2
DA:109,12
DA:110,12
DA:112,1
DA:116,11
DA:117,1
DA:119,10
DA:121,10
DA:122,1
DA:135,5
DA:136,0
DA:138,5
DA:139,5
DA:140,5
DA:142,5
DA:146,2
DA:150,3
DA:151,3
DA:153,1
DA:154,1
DA:158,2
DA:159,1
DA:161,1
DA:163,1
DA:164,0
DA:176,2
DA:177,0
DA:179,2
DA:180,1
DA:182,1
DA:183,0
DA:188,10
LF:67
LH:55
BRDA:23,0,0,0
BRDA:23,0,1,2
BRDA:41,1,0,0
BRDA:41,1,1,3
BRDA:44,2,0,1
BRDA:44,2,1,2
BRDA:44,3,0,3
BRDA:44,3,1,3
BRDA:44,3,2,2
BRDA:56,4,0,0
BRDA:56,4,1,1
BRDA:72,5,0,0
BRDA:72,5,1,9
BRDA:75,6,0,1
BRDA:75,6,1,8
BRDA:80,7,0,3
BRDA:80,7,1,5
BRDA:95,8,0,0
BRDA:95,8,1,14
BRDA:102,9,0,2
BRDA:102,9,1,12
BRDA:102,10,0,14
BRDA:102,10,1,13
BRDA:102,10,2,13
BRDA:102,10,3,12
BRDA:117,11,0,0
BRDA:117,11,1,1
BRDA:135,12,0,0
BRDA:135,12,1,5
BRDA:142,13,0,2
BRDA:142,13,1,3
BRDA:142,14,0,5
BRDA:142,14,1,5
BRDA:142,14,2,4
BRDA:142,14,3,4
BRDA:142,14,4,3
BRDA:159,15,0,0
BRDA:159,15,1,1
BRDA:176,16,0,0
BRDA:176,16,1,2
BRDA:179,17,0,1
BRDA:179,17,1,1
BRF:42
BRH:33
end_of_record
TN:
SF:modules\logic\testDescriptorController.js
FN:10,(anonymous_0)
FN:21,(anonymous_1)
FN:27,(anonymous_2)
FN:37,(anonymous_3)
FN:48,(anonymous_4)
FN:61,(anonymous_5)
FN:77,(anonymous_6)
FN:82,(anonymous_7)
FN:92,(anonymous_8)
FN:108,(anonymous_9)
FN:112,(anonymous_10)
FN:117,(anonymous_11)
FN:127,(anonymous_12)
FN:139,(anonymous_13)
FNF:14
FNH:6
FNDA:10,(anonymous_0)
FNDA:6,(anonymous_1)
FNDA:0,(anonymous_2)
FNDA:6,(anonymous_3)
FNDA:0,(anonymous_4)
FNDA:3,(anonymous_5)
FNDA:0,(anonymous_6)
FNDA:0,(anonymous_7)
FNDA:3,(anonymous_8)
FNDA:0,(anonymous_9)
FNDA:0,(anonymous_10)
FNDA:0,(anonymous_11)
FNDA:2,(anonymous_12)
FNDA:0,(anonymous_13)
DA:2,10
DA:3,10
DA:11,10
DA:12,10
DA:23,6
DA:24,0
DA:26,6
DA:27,0
DA:28,6
DA:39,6
DA:40,0
DA:42,6
DA:45,0
DA:47,6
DA:48,0
DA:49,6
DA:50,3
DA:52,3
DA:63,3
DA:64,0
DA:66,3
DA:67,3
DA:68,3
DA:70,3
DA:73,2
DA:76,1
DA:77,0
DA:79,1
DA:81,1
DA:82,0
DA:94,3
DA:95,0
DA:97,3
DA:98,3
DA:99,3
DA:101,3
DA:104,2
DA:107,1
DA:108,0
DA:111,1
DA:112,0
DA:114,1
DA:116,1
DA:117,0
DA:129,2
DA:130,0
DA:132,2
DA:135,1
DA:137,1
DA:139,0
DA:143,10
LF:51
LH:37
BRDA:23,0,0,0
BRDA:23,0,1,6
BRDA:39,1,0,0
BRDA:39,1,1,6
BRDA:42,2,0,0
BRDA:42,2,1,6
BRDA:42,3,0,6
BRDA:42,3,1,6
BRDA:42,3,2,6
BRDA:49,4,0,3
BRDA:49,4,1,3
BRDA:63,5,0,0
BRDA:63,5,1,3
BRDA:70,6,0,2
BRDA:70,6,1,1
BRDA:70,7,0,3
BRDA:70,7,1,3
BRDA:70,7,2,2
BRDA:77,8,0,0
BRDA:77,8,1,0
BRDA:94,9,0,0
BRDA:94,9,1,3
BRDA:101,10,0,2
BRDA:101,10,1,1
BRDA:101,11,0,3
BRDA:101,11,1,3
BRDA:101,11,2,3
BRDA:108,12,0,0
BRDA:108,12,1,0
BRDA:112,13,0,0
BRDA:112,13,1,0
BRDA:129,14,0,0
BRDA:129,14,1,2
BRDA:132,15,0,1
BRDA:132,15,1,1
BRDA:132,16,0,2
BRDA:132,16,1,2
BRDA:132,16,2,2
BRF:38
BRH:26
end_of_record
TN:
SF:modules\logic\testResultController.js
FN:10,(anonymous_0)
FN:23,(anonymous_1)
FN:32,(anonymous_2)
FN:35,(anonymous_3)
FN:45,(anonymous_4)
FN:57,(anonymous_5)
FN:60,(anonymous_6)
FN:73,(anonymous_7)
FN:98,(anonymous_8)
FN:102,(anonymous_9)
FN:106,(anonymous_10)
FN:116,(anonymous_11)
FN:140,(anonymous_12)
FN:144,(anonymous_13)
FN:148,(anonymous_14)
FN:152,(anonymous_15)
FN:161,(anonymous_16)
FN:174,(anonymous_17)
FNF:18
FNH:1
FNDA:10,(anonymous_0)
FNDA:0,(anonymous_1)
FNDA:0,(anonymous_2)
FNDA:0,(anonymous_3)
FNDA:0,(anonymous_4)
FNDA:0,(anonymous_5)
FNDA:0,(anonymous_6)
FNDA:0,(anonymous_7)
FNDA:0,(anonymous_8)
FNDA:0,(anonymous_9)
FNDA:0,(anonymous_10)
FNDA:0,(anonymous_11)
FNDA:0,(anonymous_12)
FNDA:0,(anonymous_13)
FNDA:0,(anonymous_14)
FNDA:0,(anonymous_15)
FNDA:0,(anonymous_16)
FNDA:0,(anonymous_17)
DA:2,10
DA:3,10
DA:11,10
DA:12,10
DA:25,0
DA:26,0
DA:28,0
DA:29,0
DA:31,0
DA:32,0
DA:34,0
DA:35,0
DA:36,0
DA:47,0
DA:48,0
DA:50,0
DA:54,0
DA:56,0
DA:57,0
DA:59,0
DA:60,0
DA:61,0
DA:62,0
DA:64,0
DA:75,0
DA:76,0
DA:78,0
DA:79,0
DA:80,0
DA:81,0
DA:83,0
DA:87,0
DA:90,0
DA:91,0
DA:93,0
DA:97,0
DA:98,0
DA:101,0
DA:102,0
DA:104,0
DA:105,0
DA:106,0
DA:118,0
DA:119,0
DA:121,0
DA:122,0
DA:123,0
DA:125,0
DA:129,0
DA:132,0
DA:133,0
DA:135,0
DA:139,0
DA:140,0
DA:143,0
DA:144,0
DA:147,0
DA:148,0
DA:150,0
DA:151,0
DA:152,0
DA:163,0
DA:164,0
DA:166,0
DA:170,0
DA:172,0
DA:174,0
DA:181,10
LF:68
LH:5
BRDA:25,0,0,0
BRDA:25,0,1,0
BRDA:28,1,0,0
BRDA:28,1,1,0
BRDA:47,2,0,0
BRDA:47,2,1,0
BRDA:50,3,0,0
BRDA:50,3,1,0
BRDA:50,4,0,0
BRDA:50,4,1,0
BRDA:50,4,2,0
BRDA:50,4,3,0
BRDA:61,5,0,0
BRDA:61,5,1,0
BRDA:75,6,0,0
BRDA:75,6,1,0
BRDA:83,7,0,0
BRDA:83,7,1,0
BRDA:83,8,0,0
BRDA:83,8,1,0
BRDA:83,8,2,0
BRDA:83,8,3,0
BRDA:98,9,0,0
BRDA:98,9,1,0
BRDA:102,10,0,0
BRDA:102,10,1,0
BRDA:118,11,0,0
BRDA:118,11,1,0
BRDA:125,12,0,0
BRDA:125,12,1,0
BRDA:125,13,0,0
BRDA:125,13,1,0
BRDA:125,13,2,0
BRDA:125,13,3,0
BRDA:140,14,0,0
BRDA:140,14,1,0
BRDA:144,15,0,0
BRDA:144,15,1,0
BRDA:148,16,0,0
BRDA:148,16,1,0
BRDA:163,17,0,0
BRDA:163,17,1,0
BRDA:166,18,0,0
BRDA:166,18,1,0
BRDA:166,19,0,0
BRDA:166,19,1,0
BRDA:166,19,2,0
BRDA:166,19,3,0
BRF:48
BRH:0
end_of_record
TN:
SF:modules\logic\userController.js
FN:20,(anonymous_0)
FN:32,(anonymous_1)
FN:44,(anonymous_2)
FN:56,(anonymous_3)
FN:62,(anonymous_4)
FN:71,(anonymous_5)
FN:77,(anonymous_6)
FN:88,(anonymous_7)
FN:107,(anonymous_8)
FN:109,(anonymous_9)
FN:117,(anonymous_10)
FN:124,(anonymous_11)
FN:138,(anonymous_12)
FN:139,(anonymous_13)
FN:164,(anonymous_14)
FN:178,(anonymous_15)
FN:193,(anonymous_16)
FN:195,(anonymous_17)
FN:199,(anonymous_18)
FN:205,(anonymous_19)
FN:212,(anonymous_20)
FN:223,(anonymous_21)
FN:226,(anonymous_22)
FNF:23
FNH:14
FNDA:10,(anonymous_0)
FNDA:2,(anonymous_1)
FNDA:3,(anonymous_2)
FNDA:1,(anonymous_3)
FNDA:0,(anonymous_4)
FNDA:17,(anonymous_5)
FNDA:0,(anonymous_6)
FNDA:3,(anonymous_7)
FNDA:0,(anonymous_8)
FNDA:12,(anonymous_9)
FNDA:0,(anonymous_10)
FNDA:7,(anonymous_11)
FNDA:6,(anonymous_12)
FNDA:0,(anonymous_13)
FNDA:6,(anonymous_14)
FNDA:3,(anonymous_15)
FNDA:0,(anonymous_16)
FNDA:12,(anonymous_17)
FNDA:6,(anonymous_18)
FNDA:0,(anonymous_19)
FNDA:3,(anonymous_20)
FNDA:0,(anonymous_21)
FNDA:0,(anonymous_22)
DA:3,10
DA:4,10
DA:5,10
DA:10,10
DA:18,10
DA:21,10
DA:22,10
DA:33,2
DA:35,1
DA:37,1
DA:45,3
DA:46,3
DA:47,1
DA:49,2
DA:58,1
DA:59,0
DA:61,1
DA:62,0
DA:63,1
DA:73,17
DA:74,0
DA:76,17
DA:77,0
DA:79,17
DA:90,3
DA:91,0
DA:93,3
DA:94,3
DA:95,3
DA:96,3
DA:97,3
DA:99,3
DA:102,1
DA:104,2
DA:106,2
DA:107,0
DA:109,12
DA:110,2
DA:111,1
DA:114,1
DA:116,1
DA:117,0
DA:127,7
DA:128,7
DA:130,7
DA:131,1
DA:133,6
DA:134,6
DA:135,6
DA:137,6
DA:138,6
DA:139,0
DA:141,6
DA:142,1
DA:145,5
DA:146,5
DA:147,5
DA:148,5
DA:149,5
DA:150,5
DA:151,5
DA:153,5
DA:166,6
DA:167,1
DA:168,5
DA:169,5
DA:179,3
DA:180,0
DA:182,3
DA:183,0
DA:186,3
DA:187,3
DA:189,3
DA:190,1
DA:192,2
DA:193,0
DA:195,12
DA:196,2
DA:197,1
DA:199,6
DA:200,1
DA:201,0
DA:203,1
DA:205,0
DA:213,3
DA:214,0
DA:215,3
DA:216,0
DA:218,3
DA:219,1
DA:221,2
DA:223,0
DA:228,0
DA:229,0
DA:230,0
DA:231,0
DA:236,10
LF:97
LH:77
BRDA:33,0,0,1
BRDA:33,0,1,1
BRDA:33,1,0,2
BRDA:33,1,1,2
BRDA:46,2,0,1
BRDA:46,2,1,2
BRDA:58,3,0,0
BRDA:58,3,1,1
BRDA:73,4,0,0
BRDA:73,4,1,17
BRDA:90,5,0,0
BRDA:90,5,1,3
BRDA:99,6,0,1
BRDA:99,6,1,2
BRDA:99,7,0,3
BRDA:99,7,1,3
BRDA:99,7,2,3
BRDA:107,8,0,0
BRDA:107,8,1,0
BRDA:110,9,0,1
BRDA:110,9,1,1
BRDA:130,10,0,1
BRDA:130,10,1,6
BRDA:141,11,0,1
BRDA:141,11,1,5
BRDA:166,12,0,1
BRDA:166,12,1,5
BRDA:179,13,0,0
BRDA:179,13,1,3
BRDA:182,14,0,0
BRDA:182,14,1,3
BRDA:189,15,0,1
BRDA:189,15,1,2
BRDA:189,16,0,3
BRDA:189,16,1,3
BRDA:193,17,0,0
BRDA:193,17,1,0
BRDA:196,18,0,1
BRDA:196,18,1,1
BRDA:199,19,0,6
BRDA:199,19,1,1
BRDA:200,20,0,0
BRDA:200,20,1,1
BRDA:213,21,0,0
BRDA:213,21,1,3
BRDA:215,22,0,0
BRDA:215,22,1,3
BRDA:218,23,0,1
BRDA:218,23,1,2
BRDA:218,24,0,3
BRDA:218,24,1,3
BRF:51
BRH:39
end_of_record
TN:
SF:routers\exceptions.js
FN:5,(anonymous_0)
FN:32,(anonymous_1)
FN:36,(anonymous_2)
FNF:3
FNH:2
FNDA:107,(anonymous_0)
FNDA:6,(anonymous_1)
FNDA:0,(anonymous_2)
DA:6,107
DA:7,107
DA:9,3
DA:10,3
DA:12,32
DA:13,32
DA:15,1
DA:16,1
DA:18,68
DA:19,68
DA:21,2
DA:22,2
DA:24,1
DA:25,1
DA:27,0
DA:28,0
DA:33,6
DA:37,0
DA:43,10
LF:19
LH:16
BRDA:7,0,0,3
BRDA:7,0,1,32
BRDA:7,0,2,1
BRDA:7,0,3,68
BRDA:7,0,4,2
BRDA:7,0,5,1
BRDA:7,0,6,0
BRF:7
BRH:6
end_of_record
